<?xml version="1.0" encoding="UTF-8"?>
<testng-results skipped="4" failed="2" total="12" passed="6">
  <reporter-output>
  </reporter-output>
  <suite name="Default suite" duration-ms="6097373" started-at="2014-12-10T11:29:02Z" finished-at="2014-12-10T13:10:39Z">
    <groups>
    </groups>
    <test name="Default test" duration-ms="6097373" started-at="2014-12-10T11:29:02Z" finished-at="2014-12-10T13:10:39Z">
      <class name="Templates">
        <test-method status="PASS" signature="testwebsite()[pri:0, instance:Templates@13de68e2]" name="testwebsite" duration-ms="49917" started-at="2014-12-10T16:59:02Z" finished-at="2014-12-10T16:59:52Z">
          <reporter-output>
          </reporter-output>
        </test-method> <!-- testwebsite -->
        <test-method status="PASS" signature="atestwardrobewidth()[pri:0, instance:Templates@13de68e2]" name="atestwardrobewidth" duration-ms="11146" started-at="2014-12-10T16:59:52Z" depends-on-methods="Templates.testwebsite" finished-at="2014-12-10T17:00:03Z">
          <reporter-output>
          </reporter-output>
        </test-method> <!-- atestwardrobewidth -->
        <test-method status="PASS" signature="testLowprice()[pri:0, instance:Templates@13de68e2]" name="testLowprice" duration-ms="6751" started-at="2014-12-10T17:00:03Z" depends-on-methods="Templates.testwebsite" finished-at="2014-12-10T17:00:09Z">
          <reporter-output>
          </reporter-output>
        </test-method> <!-- testLowprice -->
        <test-method status="PASS" signature="testhighprice()[pri:0, instance:Templates@13de68e2]" name="testhighprice" duration-ms="7310" started-at="2014-12-10T17:00:09Z" depends-on-methods="Templates.testwebsite" finished-at="2014-12-10T17:00:17Z">
          <reporter-output>
          </reporter-output>
        </test-method> <!-- testhighprice -->
        <test-method status="PASS" signature="testprelam()[pri:0, instance:Templates@13de68e2]" name="testprelam" duration-ms="31202" started-at="2014-12-10T17:00:17Z" depends-on-methods="Templates.testwebsite" finished-at="2014-12-10T17:00:48Z">
          <reporter-output>
          </reporter-output>
        </test-method> <!-- testprelam -->
        <test-method status="PASS" signature="testprelamMDF()[pri:0, instance:Templates@13de68e2]" name="testprelamMDF" duration-ms="24994" started-at="2014-12-10T17:00:48Z" depends-on-methods="Templates.testwebsite" finished-at="2014-12-10T17:01:13Z">
          <reporter-output>
          </reporter-output>
        </test-method> <!-- testprelamMDF -->
        <test-method status="FAIL" signature="testprelamMDFfulldoor()[pri:0, instance:Templates@13de68e2]" name="testprelamMDFfulldoor" duration-ms="5960368" started-at="2014-12-10T17:01:13Z" depends-on-methods="Templates.testwebsite, Templates.testprelamMDF" finished-at="2014-12-10T18:40:33Z">
          <exception class="org.openqa.selenium.remote.UnreachableBrowserException">
            <message>
              <![CDATA[Error communicating with the remote browser. It may have died.
Build info: version: '2.43.1', revision: '5163bce', time: '2014-09-10 16:27:58'
System info: host: 'rohit-pc', ip: '192.168.0.116', os.name: 'Windows 7', os.arch: 'amd64', os.version: '6.1', java.version: '1.7.0_09'
Driver info: driver.version: RemoteWebDriver]]>
            </message>
            <full-stacktrace>
              <![CDATA[org.openqa.selenium.remote.UnreachableBrowserException: Error communicating with the remote browser. It may have died.
Build info: version: '2.43.1', revision: '5163bce', time: '2014-09-10 16:27:58'
System info: host: 'rohit-pc', ip: '192.168.0.116', os.name: 'Windows 7', os.arch: 'amd64', os.version: '6.1', java.version: '1.7.0_09'
Driver info: driver.version: RemoteWebDriver
	at org.openqa.selenium.remote.RemoteWebDriver.execute(RemoteWebDriver.java:593)
	at org.openqa.selenium.remote.RemoteWebDriver.findElement(RemoteWebDriver.java:352)
	at org.openqa.selenium.remote.RemoteWebDriver.findElementByXPath(RemoteWebDriver.java:449)
	at org.openqa.selenium.By$ByXPath.findElement(By.java:357)
	at org.openqa.selenium.remote.RemoteWebDriver.findElement(RemoteWebDriver.java:344)
	at Templates.testprelamMDFfulldoor(Templates.java:411)
	at sun.reflect.NativeMethodAccessorImpl.invoke0(Native Method)
	at sun.reflect.NativeMethodAccessorImpl.invoke(Unknown Source)
	at sun.reflect.DelegatingMethodAccessorImpl.invoke(Unknown Source)
	at java.lang.reflect.Method.invoke(Unknown Source)
	at org.testng.internal.MethodInvocationHelper.invokeMethod(MethodInvocationHelper.java:84)
	at org.testng.internal.Invoker.invokeMethod(Invoker.java:714)
	at org.testng.internal.Invoker.invokeTestMethod(Invoker.java:901)
	at org.testng.internal.Invoker.invokeTestMethods(Invoker.java:1231)
	at org.testng.internal.TestMethodWorker.invokeTestMethods(TestMethodWorker.java:127)
	at org.testng.internal.TestMethodWorker.run(TestMethodWorker.java:111)
	at org.testng.TestRunner.privateRun(TestRunner.java:767)
	at org.testng.TestRunner.run(TestRunner.java:617)
	at org.testng.SuiteRunner.runTest(SuiteRunner.java:334)
	at org.testng.SuiteRunner.runSequentially(SuiteRunner.java:329)
	at org.testng.SuiteRunner.privateRun(SuiteRunner.java:291)
	at org.testng.SuiteRunner.run(SuiteRunner.java:240)
	at org.testng.SuiteRunnerWorker.runSuite(SuiteRunnerWorker.java:52)
	at org.testng.SuiteRunnerWorker.run(SuiteRunnerWorker.java:86)
	at org.testng.TestNG.runSuitesSequentially(TestNG.java:1224)
	at org.testng.TestNG.runSuitesLocally(TestNG.java:1149)
	at org.testng.TestNG.run(TestNG.java:1057)
	at org.testng.remote.RemoteTestNG.run(RemoteTestNG.java:111)
	at org.testng.remote.RemoteTestNG.initAndRun(RemoteTestNG.java:204)
	at org.testng.remote.RemoteTestNG.main(RemoteTestNG.java:175)
Caused by: org.apache.http.conn.HttpHostConnectException: Connect to 127.0.0.1:7055 [/127.0.0.1] failed: Connection refused: connect
	at org.apache.http.impl.conn.HttpClientConnectionOperator.connect(HttpClientConnectionOperator.java:140)
	at org.apache.http.impl.conn.PoolingHttpClientConnectionManager.connect(PoolingHttpClientConnectionManager.java:318)
	at org.apache.http.impl.execchain.MainClientExec.establishRoute(MainClientExec.java:363)
	at org.apache.http.impl.execchain.MainClientExec.execute(MainClientExec.java:219)
	at org.apache.http.impl.execchain.ProtocolExec.execute(ProtocolExec.java:195)
	at org.apache.http.impl.execchain.RetryExec.execute(RetryExec.java:86)
	at org.apache.http.impl.execchain.RedirectExec.execute(RedirectExec.java:108)
	at org.apache.http.impl.client.InternalHttpClient.doExecute(InternalHttpClient.java:184)
	at org.apache.http.impl.client.CloseableHttpClient.execute(CloseableHttpClient.java:72)
	at org.apache.http.impl.client.CloseableHttpClient.execute(CloseableHttpClient.java:57)
	at org.openqa.selenium.remote.HttpCommandExecutor.fallBackExecute(HttpCommandExecutor.java:215)
	at org.openqa.selenium.remote.HttpCommandExecutor.execute(HttpCommandExecutor.java:184)
	at org.openqa.selenium.firefox.internal.NewProfileExtensionConnection.execute(NewProfileExtensionConnection.java:165)
	at org.openqa.selenium.firefox.FirefoxDriver$LazyCommandExecutor.execute(FirefoxDriver.java:362)
	at org.openqa.selenium.remote.RemoteWebDriver.execute(RemoteWebDriver.java:572)
	... 29 more
Caused by: java.net.ConnectException: Connection refused: connect
	at java.net.DualStackPlainSocketImpl.waitForConnect(Native Method)
	at java.net.DualStackPlainSocketImpl.socketConnect(Unknown Source)
	at java.net.AbstractPlainSocketImpl.doConnect(Unknown Source)
	at java.net.AbstractPlainSocketImpl.connectToAddress(Unknown Source)
	at java.net.AbstractPlainSocketImpl.connect(Unknown Source)
	at java.net.PlainSocketImpl.connect(Unknown Source)
	at java.net.SocksSocketImpl.connect(Unknown Source)
	at java.net.Socket.connect(Unknown Source)
	at org.apache.http.conn.socket.PlainConnectionSocketFactory.connectSocket(PlainConnectionSocketFactory.java:72)
	at org.apache.http.impl.conn.HttpClientConnectionOperator.connect(HttpClientConnectionOperator.java:123)
	... 43 more
]]>
            </full-stacktrace>
          </exception> <!-- org.openqa.selenium.remote.UnreachableBrowserException -->
          <reporter-output>
          </reporter-output>
        </test-method> <!-- testprelamMDFfulldoor -->
        <test-method status="FAIL" signature="testprelamfulldoor()[pri:0, instance:Templates@13de68e2]" name="testprelamfulldoor" duration-ms="2056" started-at="2014-12-10T18:40:36Z" depends-on-methods="Templates.testprelam, Templates.testwebsite" finished-at="2014-12-10T18:40:38Z">
          <exception class="org.openqa.selenium.remote.UnreachableBrowserException">
            <message>
              <![CDATA[Error communicating with the remote browser. It may have died.
Build info: version: '2.43.1', revision: '5163bce', time: '2014-09-10 16:27:58'
System info: host: 'rohit-pc', ip: '192.168.0.116', os.name: 'Windows 7', os.arch: 'amd64', os.version: '6.1', java.version: '1.7.0_09'
Driver info: driver.version: RemoteWebDriver]]>
            </message>
            <full-stacktrace>
              <![CDATA[org.openqa.selenium.remote.UnreachableBrowserException: Error communicating with the remote browser. It may have died.
Build info: version: '2.43.1', revision: '5163bce', time: '2014-09-10 16:27:58'
System info: host: 'rohit-pc', ip: '192.168.0.116', os.name: 'Windows 7', os.arch: 'amd64', os.version: '6.1', java.version: '1.7.0_09'
Driver info: driver.version: RemoteWebDriver
	at org.openqa.selenium.remote.RemoteWebDriver.execute(RemoteWebDriver.java:593)
	at org.openqa.selenium.remote.RemoteWebDriver.findElement(RemoteWebDriver.java:352)
	at org.openqa.selenium.remote.RemoteWebDriver.findElementByXPath(RemoteWebDriver.java:449)
	at org.openqa.selenium.By$ByXPath.findElement(By.java:357)
	at org.openqa.selenium.remote.RemoteWebDriver.findElement(RemoteWebDriver.java:344)
	at Templates.testprelamfulldoor(Templates.java:194)
	at sun.reflect.NativeMethodAccessorImpl.invoke0(Native Method)
	at sun.reflect.NativeMethodAccessorImpl.invoke(Unknown Source)
	at sun.reflect.DelegatingMethodAccessorImpl.invoke(Unknown Source)
	at java.lang.reflect.Method.invoke(Unknown Source)
	at org.testng.internal.MethodInvocationHelper.invokeMethod(MethodInvocationHelper.java:84)
	at org.testng.internal.Invoker.invokeMethod(Invoker.java:714)
	at org.testng.internal.Invoker.invokeTestMethod(Invoker.java:901)
	at org.testng.internal.Invoker.invokeTestMethods(Invoker.java:1231)
	at org.testng.internal.TestMethodWorker.invokeTestMethods(TestMethodWorker.java:127)
	at org.testng.internal.TestMethodWorker.run(TestMethodWorker.java:111)
	at org.testng.TestRunner.privateRun(TestRunner.java:767)
	at org.testng.TestRunner.run(TestRunner.java:617)
	at org.testng.SuiteRunner.runTest(SuiteRunner.java:334)
	at org.testng.SuiteRunner.runSequentially(SuiteRunner.java:329)
	at org.testng.SuiteRunner.privateRun(SuiteRunner.java:291)
	at org.testng.SuiteRunner.run(SuiteRunner.java:240)
	at org.testng.SuiteRunnerWorker.runSuite(SuiteRunnerWorker.java:52)
	at org.testng.SuiteRunnerWorker.run(SuiteRunnerWorker.java:86)
	at org.testng.TestNG.runSuitesSequentially(TestNG.java:1224)
	at org.testng.TestNG.runSuitesLocally(TestNG.java:1149)
	at org.testng.TestNG.run(TestNG.java:1057)
	at org.testng.remote.RemoteTestNG.run(RemoteTestNG.java:111)
	at org.testng.remote.RemoteTestNG.initAndRun(RemoteTestNG.java:204)
	at org.testng.remote.RemoteTestNG.main(RemoteTestNG.java:175)
Caused by: org.apache.http.conn.HttpHostConnectException: Connect to 127.0.0.1:7055 [/127.0.0.1] failed: Connection refused: connect
	at org.apache.http.impl.conn.HttpClientConnectionOperator.connect(HttpClientConnectionOperator.java:140)
	at org.apache.http.impl.conn.PoolingHttpClientConnectionManager.connect(PoolingHttpClientConnectionManager.java:318)
	at org.apache.http.impl.execchain.MainClientExec.establishRoute(MainClientExec.java:363)
	at org.apache.http.impl.execchain.MainClientExec.execute(MainClientExec.java:219)
	at org.apache.http.impl.execchain.ProtocolExec.execute(ProtocolExec.java:195)
	at org.apache.http.impl.execchain.RetryExec.execute(RetryExec.java:86)
	at org.apache.http.impl.execchain.RedirectExec.execute(RedirectExec.java:108)
	at org.apache.http.impl.client.InternalHttpClient.doExecute(InternalHttpClient.java:184)
	at org.apache.http.impl.client.CloseableHttpClient.execute(CloseableHttpClient.java:72)
	at org.apache.http.impl.client.CloseableHttpClient.execute(CloseableHttpClient.java:57)
	at org.openqa.selenium.remote.HttpCommandExecutor.fallBackExecute(HttpCommandExecutor.java:215)
	at org.openqa.selenium.remote.HttpCommandExecutor.execute(HttpCommandExecutor.java:184)
	at org.openqa.selenium.firefox.internal.NewProfileExtensionConnection.execute(NewProfileExtensionConnection.java:165)
	at org.openqa.selenium.firefox.FirefoxDriver$LazyCommandExecutor.execute(FirefoxDriver.java:362)
	at org.openqa.selenium.remote.RemoteWebDriver.execute(RemoteWebDriver.java:572)
	... 29 more
Caused by: java.net.ConnectException: Connection refused: connect
	at java.net.DualStackPlainSocketImpl.waitForConnect(Native Method)
	at java.net.DualStackPlainSocketImpl.socketConnect(Unknown Source)
	at java.net.AbstractPlainSocketImpl.doConnect(Unknown Source)
	at java.net.AbstractPlainSocketImpl.connectToAddress(Unknown Source)
	at java.net.AbstractPlainSocketImpl.connect(Unknown Source)
	at java.net.PlainSocketImpl.connect(Unknown Source)
	at java.net.SocksSocketImpl.connect(Unknown Source)
	at java.net.Socket.connect(Unknown Source)
	at org.apache.http.conn.socket.PlainConnectionSocketFactory.connectSocket(PlainConnectionSocketFactory.java:72)
	at org.apache.http.impl.conn.HttpClientConnectionOperator.connect(HttpClientConnectionOperator.java:123)
	... 43 more
]]>
            </full-stacktrace>
          </exception> <!-- org.openqa.selenium.remote.UnreachableBrowserException -->
          <reporter-output>
          </reporter-output>
        </test-method> <!-- testprelamfulldoor -->
        <test-method status="SKIP" signature="testprelamMDFsliding()[pri:0, instance:Templates@13de68e2]" name="testprelamMDFsliding" duration-ms="25" started-at="2014-12-10T18:40:39Z" depends-on-methods="Templates.testwebsite, Templates.testprelamMDF, Templates.testprelamMDFfulldoor" finished-at="2014-12-10T18:40:39Z">
          <reporter-output>
          </reporter-output>
        </test-method> <!-- testprelamMDFsliding -->
        <test-method status="SKIP" signature="testfullpanel()[pri:0, instance:Templates@13de68e2]" name="testfullpanel" duration-ms="1" started-at="2014-12-10T18:40:39Z" depends-on-methods="Templates.testprelam, Templates.testwebsite, Templates.testprelamfulldoor" finished-at="2014-12-10T18:40:39Z">
          <reporter-output>
          </reporter-output>
        </test-method> <!-- testfullpanel -->
        <test-method status="SKIP" signature="testprelamsliding()[pri:0, instance:Templates@13de68e2]" name="testprelamsliding" duration-ms="2" started-at="2014-12-10T18:40:39Z" depends-on-methods="Templates.testprelam, Templates.testwebsite, Templates.testprelamfulldoor" finished-at="2014-12-10T18:40:39Z">
          <reporter-output>
          </reporter-output>
        </test-method> <!-- testprelamsliding -->
        <test-method status="SKIP" signature="testfullpanelMDF()[pri:0, instance:Templates@13de68e2]" name="testfullpanelMDF" duration-ms="1" started-at="2014-12-10T18:40:39Z" depends-on-methods="Templates.testwebsite, Templates.testprelamMDFsliding, Templates.testprelamMDFfulldoor, Templates.testprelamMDF" finished-at="2014-12-10T18:40:39Z">
          <reporter-output>
          </reporter-output>
        </test-method> <!-- testfullpanelMDF -->
      </class> <!-- Templates -->
    </test> <!-- Default test -->
  </suite> <!-- Default suite -->
</testng-results>
