<!DOCTYPE html>

<html>
  <head>
  <title>TestNG reports</title>

    <link type="text/css" href="testng-reports.css" rel="stylesheet" />  
    <script type="text/javascript" src="jquery-1.7.1.min.js"></script>
    <script type="text/javascript" src="testng-reports.js"></script>
    <script type="text/javascript" src="https://www.google.com/jsapi"></script>
    <script type='text/javascript'>
      google.load('visualization', '1', {packages:['table']});
      google.setOnLoadCallback(drawTable);
      var suiteTableInitFunctions = new Array();
      var suiteTableData = new Array();
    </script>
    <!--
      <script type="text/javascript" src="jquery-ui/js/jquery-ui-1.8.16.custom.min.js"></script>
     -->
  </head>

  <body>
    <div class="top-banner-root">
      <span class="top-banner-title-font">Test results</span>
      <br/>
      <span class="top-banner-font-1">1 suite, 12 failed tests</span>
    </div> <!-- top-banner-root -->
    <div class="navigator-root">
      <div class="navigator-suite-header">
        <span>All suites</span>
        <a href="#" class="collapse-all-link" title="Collapse/expand all the suites">
          <img class="collapse-all-icon" src="collapseall.gif">
          </img> <!-- collapse-all-icon -->
        </a> <!-- collapse-all-link -->
      </div> <!-- navigator-suite-header -->
      <div class="suite">
        <div class="rounded-window">
          <div class="suite-header light-rounded-window-top">
            <a href="#" class="navigator-link" panel-name="suite-Wardrobe">
              <span class="suite-name border-failed">Wardrobe</span>
            </a> <!-- navigator-link -->
          </div> <!-- suite-header light-rounded-window-top -->
          <div class="navigator-suite-content">
            <div class="suite-section-title">
              <span>Info</span>
            </div> <!-- suite-section-title -->
            <div class="suite-section-content">
              <ul>
                <li>
                  <a href="#" class="navigator-link " panel-name="test-xml-Wardrobe">
                    <span>testng.xml</span>
                  </a> <!-- navigator-link  -->
                </li>
                <li>
                  <a href="#" class="navigator-link " panel-name="testlist-Wardrobe">
                    <span class="test-stats">13 tests</span>
                  </a> <!-- navigator-link  -->
                </li>
                <li>
                  <a href="#" class="navigator-link " panel-name="group-Wardrobe">
                    <span>0 groups</span>
                  </a> <!-- navigator-link  -->
                </li>
                <li>
                  <a href="#" class="navigator-link " panel-name="times-Wardrobe">
                    <span>Times</span>
                  </a> <!-- navigator-link  -->
                </li>
                <li>
                  <a href="#" class="navigator-link " panel-name="reporter-Wardrobe">
                    <span>Reporter output</span>
                  </a> <!-- navigator-link  -->
                </li>
                <li>
                  <a href="#" class="navigator-link " panel-name="ignored-methods-Wardrobe">
                    <span>Ignored methods</span>
                  </a> <!-- navigator-link  -->
                </li>
                <li>
                  <a href="#" class="navigator-link " panel-name="chronological-Wardrobe">
                    <span>Chronological view</span>
                  </a> <!-- navigator-link  -->
                </li>
              </ul>
            </div> <!-- suite-section-content -->
            <div class="result-section">
              <div class="suite-section-title">
                <span>Results</span>
              </div> <!-- suite-section-title -->
              <div class="suite-section-content">
                <ul>
                  <li>
                    <span class="method-stats">33 methods, 12 failed,   21 passed</span>
                  </li>
                  <li>
                    <span class="method-list-title failed">Failed methods</span>
                    <span class="show-or-hide-methods failed">
                      <a href="#" panel-name="suite-Wardrobe" class="hide-methods failed suite-Wardrobe"> (hide)</a> <!-- hide-methods failed suite-Wardrobe -->
                      <a href="#" panel-name="suite-Wardrobe" class="show-methods failed suite-Wardrobe"> (show)</a> <!-- show-methods failed suite-Wardrobe -->
                    </span>
                    <div class="method-list-content failed suite-Wardrobe">
                      <span>
                        <img width="3%" src="failed.png"/>
                        <a href="#" class="method navigator-link" panel-name="suite-Wardrobe" title="Signup.AccessoriesPage" hash-for-method="Accessoriespage(http://root.test.customfurnish.com/)">Accessoriespage(http://root.test.customfurnish.com/)</a> <!-- method navigator-link -->
                      </span>
                      <br/>
                      <span>
                        <img width="3%" src="failed.png"/>
                        <a href="#" class="method navigator-link" panel-name="suite-Wardrobe" title="Signup.CartPage" hash-for-method="Cartpage(http://root.test.customfurnish.com/)">Cartpage(http://root.test.customfurnish.com/)</a> <!-- method navigator-link -->
                      </span>
                      <br/>
                      <span>
                        <img width="3%" src="failed.png"/>
                        <a href="#" class="method navigator-link" panel-name="suite-Wardrobe" title="Signup.DimensionsPage" hash-for-method="Dimensionspage(http://root.test.customfurnish.com/)">Dimensionspage(http://root.test.customfurnish.com/)</a> <!-- method navigator-link -->
                      </span>
                      <br/>
                      <span>
                        <img width="3%" src="failed.png"/>
                        <a href="#" class="method navigator-link" panel-name="suite-Wardrobe" title="Signup.DoorTypePage" hash-for-method="DoorTypepage(http://root.test.customfurnish.com/)">DoorTypepage(http://root.test.customfurnish.com/)</a> <!-- method navigator-link -->
                      </span>
                      <br/>
                      <span>
                        <img width="3%" src="failed.png"/>
                        <a href="#" class="method navigator-link" panel-name="suite-Wardrobe" title="Signup.ExteriorsPage" hash-for-method="Exteriorspage(http://root.test.customfurnish.com/)">Exteriorspage(http://root.test.customfurnish.com/)</a> <!-- method navigator-link -->
                      </span>
                      <br/>
                      <span>
                        <img width="3%" src="failed.png"/>
                        <a href="#" class="method navigator-link" panel-name="suite-Wardrobe" title="Signup.InteriorsPage" hash-for-method="Interiorspage(http://root.test.customfurnish.com/)">Interiorspage(http://root.test.customfurnish.com/)</a> <!-- method navigator-link -->
                      </span>
                      <br/>
                      <span>
                        <img width="3%" src="failed.png"/>
                        <a href="#" class="method navigator-link" panel-name="suite-Wardrobe" title="Signup.LandingPage" hash-for-method="Landingpage(http://root.test.customfurnish.com/)">Landingpage(http://root.test.customfurnish.com/)</a> <!-- method navigator-link -->
                      </span>
                      <br/>
                      <span>
                        <img width="3%" src="failed.png"/>
                        <a href="#" class="method navigator-link" panel-name="suite-Wardrobe" title="Signup.OrderPage" hash-for-method="Orderpage(http://root.test.customfurnish.com/)">Orderpage(http://root.test.customfurnish.com/)</a> <!-- method navigator-link -->
                      </span>
                      <br/>
                      <span>
                        <img width="3%" src="failed.png"/>
                        <a href="#" class="method navigator-link" panel-name="suite-Wardrobe" title="Signup.TemplatesPage" hash-for-method="Templatespage(http://root.test.customfurnish.com/)">Templatespage(http://root.test.customfurnish.com/)</a> <!-- method navigator-link -->
                      </span>
                      <br/>
                      <span>
                        <img width="3%" src="failed.png"/>
                        <a href="#" class="method navigator-link" panel-name="suite-Wardrobe" title="CheckTemplates.CheckTemplates" hash-for-method="checkInformation">checkInformation</a> <!-- method navigator-link -->
                      </span>
                      <br/>
                      <span>
                        <img width="3%" src="failed.png"/>
                        <a href="#" class="method navigator-link" panel-name="suite-Wardrobe" title="ExtremeDimensions.ExtremeDimensions" hash-for-method="extremeDimensions(http://root.test.customfurnish.com/)">extremeDimensions(http://root.test.customfurnish.com/)</a> <!-- method navigator-link -->
                      </span>
                      <br/>
                      <span>
                        <img width="3%" src="failed.png"/>
                        <a href="#" class="method navigator-link" panel-name="suite-Wardrobe" title="ForgotPassword.ForgotPassword" hash-for-method="forgotPassword(http://root.test.customfurnish.com/)">forgotPassword(http://root.test.customfurnish.com/)</a> <!-- method navigator-link -->
                      </span>
                      <br/>
                    </div> <!-- method-list-content failed suite-Wardrobe -->
                  </li>
                  <li>
                    <span class="method-list-title passed">Passed methods</span>
                    <span class="show-or-hide-methods passed">
                      <a href="#" panel-name="suite-Wardrobe" class="hide-methods passed suite-Wardrobe"> (hide)</a> <!-- hide-methods passed suite-Wardrobe -->
                      <a href="#" panel-name="suite-Wardrobe" class="show-methods passed suite-Wardrobe"> (show)</a> <!-- show-methods passed suite-Wardrobe -->
                    </span>
                    <div class="method-list-content passed suite-Wardrobe">
                      <span>
                        <img width="3%" src="passed.png"/>
                        <a href="#" class="method navigator-link" panel-name="suite-Wardrobe" title="Signup_v2.Signup" hash-for-method="Accessoriespage(http://root.test.customfurnish.com/)">Accessoriespage(http://root.test.customfurnish.com/)</a> <!-- method navigator-link -->
                      </span>
                      <br/>
                      <span>
                        <img width="3%" src="passed.png"/>
                        <a href="#" class="method navigator-link" panel-name="suite-Wardrobe" title="CartPage.CartPage" hash-for-method="Cartpage(http://root.test.customfurnish.com/)">Cartpage(http://root.test.customfurnish.com/)</a> <!-- method navigator-link -->
                      </span>
                      <br/>
                      <span>
                        <img width="3%" src="passed.png"/>
                        <a href="#" class="method navigator-link" panel-name="suite-Wardrobe" title="Signup_v2.Signup" hash-for-method="Cartpage(http://root.test.customfurnish.com/)">Cartpage(http://root.test.customfurnish.com/)</a> <!-- method navigator-link -->
                      </span>
                      <br/>
                      <span>
                        <img width="3%" src="passed.png"/>
                        <a href="#" class="method navigator-link" panel-name="suite-Wardrobe" title="AccessoriesPrice.AccessoriesPrice" hash-for-method="CheckAccessoriesPrice(http://root.test.customfurnish.com/)">CheckAccessoriesPrice(http://root.test.customfurnish.com/)</a> <!-- method navigator-link -->
                      </span>
                      <br/>
                      <span>
                        <img width="3%" src="passed.png"/>
                        <a href="#" class="method navigator-link" panel-name="suite-Wardrobe" title="LandPageTemplates.CheckRedirection" hash-for-method="Checkredirection(http://root.test.customfurnish.com/)">Checkredirection(http://root.test.customfurnish.com/)</a> <!-- method navigator-link -->
                      </span>
                      <br/>
                      <span>
                        <img width="3%" src="passed.png"/>
                        <a href="#" class="method navigator-link" panel-name="suite-Wardrobe" title="Signup_v2.Signup" hash-for-method="Dimensionspage(http://root.test.customfurnish.com/)">Dimensionspage(http://root.test.customfurnish.com/)</a> <!-- method navigator-link -->
                      </span>
                      <br/>
                      <span>
                        <img width="3%" src="passed.png"/>
                        <a href="#" class="method navigator-link" panel-name="suite-Wardrobe" title="Signup_v2.Signup" hash-for-method="DoorTypepage(http://root.test.customfurnish.com/)">DoorTypepage(http://root.test.customfurnish.com/)</a> <!-- method navigator-link -->
                      </span>
                      <br/>
                      <span>
                        <img width="3%" src="passed.png"/>
                        <a href="#" class="method navigator-link" panel-name="suite-Wardrobe" title="SaveDesign.SaveDesign" hash-for-method="Exteriors(http://root.test.customfurnish.com/)">Exteriors(http://root.test.customfurnish.com/)</a> <!-- method navigator-link -->
                      </span>
                      <br/>
                      <span>
                        <img width="3%" src="passed.png"/>
                        <a href="#" class="method navigator-link" panel-name="suite-Wardrobe" title="Signup_v2.Signup" hash-for-method="Exteriorspage(http://root.test.customfurnish.com/)">Exteriorspage(http://root.test.customfurnish.com/)</a> <!-- method navigator-link -->
                      </span>
                      <br/>
                      <span>
                        <img width="3%" src="passed.png"/>
                        <a href="#" class="method navigator-link" panel-name="suite-Wardrobe" title="SaveDesign.SaveDesign" hash-for-method="Interiors(http://root.test.customfurnish.com/)">Interiors(http://root.test.customfurnish.com/)</a> <!-- method navigator-link -->
                      </span>
                      <br/>
                      <span>
                        <img width="3%" src="passed.png"/>
                        <a href="#" class="method navigator-link" panel-name="suite-Wardrobe" title="Signup_v2.Signup" hash-for-method="Interiorspage(http://root.test.customfurnish.com/)">Interiorspage(http://root.test.customfurnish.com/)</a> <!-- method navigator-link -->
                      </span>
                      <br/>
                      <span>
                        <img width="3%" src="passed.png"/>
                        <a href="#" class="method navigator-link" panel-name="suite-Wardrobe" title="LinksLandingPage.LinksLandingPage" hash-for-method="LandingPage(http://root.test.customfurnish.com/)">LandingPage(http://root.test.customfurnish.com/)</a> <!-- method navigator-link -->
                      </span>
                      <br/>
                      <span>
                        <img width="3%" src="passed.png"/>
                        <a href="#" class="method navigator-link" panel-name="suite-Wardrobe" title="Signup_v2.Signup" hash-for-method="Landingpage(http://root.test.customfurnish.com/)">Landingpage(http://root.test.customfurnish.com/)</a> <!-- method navigator-link -->
                      </span>
                      <br/>
                      <span>
                        <img width="3%" src="passed.png"/>
                        <a href="#" class="method navigator-link" panel-name="suite-Wardrobe" title="OrderPage.OrderPage" hash-for-method="Orderpage(http://root.test.customfurnish.com/)">Orderpage(http://root.test.customfurnish.com/)</a> <!-- method navigator-link -->
                      </span>
                      <br/>
                      <span>
                        <img width="3%" src="passed.png"/>
                        <a href="#" class="method navigator-link" panel-name="suite-Wardrobe" title="Signup_v2.Signup" hash-for-method="Orderpage(http://root.test.customfurnish.com/)">Orderpage(http://root.test.customfurnish.com/)</a> <!-- method navigator-link -->
                      </span>
                      <br/>
                      <span>
                        <img width="3%" src="passed.png"/>
                        <a href="#" class="method navigator-link" panel-name="suite-Wardrobe" title="Signup_v2.Signup" hash-for-method="Subscribe(http://root.test.customfurnish.com/)">Subscribe(http://root.test.customfurnish.com/)</a> <!-- method navigator-link -->
                      </span>
                      <br/>
                      <span>
                        <img width="3%" src="passed.png"/>
                        <a href="#" class="method navigator-link" panel-name="suite-Wardrobe" title="Signup_v2.Signup" hash-for-method="Templatespage(http://root.test.customfurnish.com/)">Templatespage(http://root.test.customfurnish.com/)</a> <!-- method navigator-link -->
                      </span>
                      <br/>
                      <span>
                        <img width="3%" src="passed.png"/>
                        <a href="#" class="method navigator-link" panel-name="suite-Wardrobe" title="CheckTemplates.CheckTemplates" hash-for-method="checkRedirection(http://root.test.customfurnish.com/)">checkRedirection(http://root.test.customfurnish.com/)</a> <!-- method navigator-link -->
                      </span>
                      <br/>
                      <span>
                        <img width="3%" src="passed.png"/>
                        <a href="#" class="method navigator-link" panel-name="suite-Wardrobe" title="SlidingDoors.SlidingDoorsChange" hash-for-method="slidingdoorchange(http://root.test.customfurnish.com/)">slidingdoorchange(http://root.test.customfurnish.com/)</a> <!-- method navigator-link -->
                      </span>
                      <br/>
                      <span>
                        <img width="3%" src="passed.png"/>
                        <a href="#" class="method navigator-link" panel-name="suite-Wardrobe" title="SpecialCase.SpecialCase" hash-for-method="specialCase(http://root.test.customfurnish.com/)">specialCase(http://root.test.customfurnish.com/)</a> <!-- method navigator-link -->
                      </span>
                      <br/>
                      <span>
                        <img width="3%" src="passed.png"/>
                        <a href="#" class="method navigator-link" panel-name="suite-Wardrobe" title="Signup.Subscribe" hash-for-method="subscribe(http://root.test.customfurnish.com/)">subscribe(http://root.test.customfurnish.com/)</a> <!-- method navigator-link -->
                      </span>
                      <br/>
                    </div> <!-- method-list-content passed suite-Wardrobe -->
                  </li>
                </ul>
              </div> <!-- suite-section-content -->
            </div> <!-- result-section -->
          </div> <!-- navigator-suite-content -->
        </div> <!-- rounded-window -->
      </div> <!-- suite -->
    </div> <!-- navigator-root -->
    <div class="wrapper">
      <div class="main-panel-root">
        <div panel-name="suite-Wardrobe" class="panel Wardrobe">
          <div class="suite-Wardrobe-class-failed">
            <div class="main-panel-header rounded-window-top">
              <img src="failed.png"/>
              <span class="class-name">Signup.CartPage</span>
            </div> <!-- main-panel-header rounded-window-top -->
            <div class="main-panel-content rounded-window-bottom">
              <div class="method">
                <div class="method-content">
                  <a name="Cartpage(http://root.test.customfurnish.com/)">
                  </a> <!-- Cartpage(http://root.test.customfurnish.com/) -->
                  <span class="method-name">Cartpage</span>
                  <span class="parameters">(http://root.test.customfurnish.com/)</span>
                  <div class="stack-trace"><b>"org.openqa.selenium.NoSuchElementException: no such element
  (Session info: chrome=43.0.2357.134)
  (Driver info: chromedriver=2.9.248304,platform=Linux 3.16.0-43-generic x86_64) (WARNING: The server did not provide any stacktrace information)
Command duration or timeout: 12 milliseconds
For documentation on this error, please visit: http://seleniumhq.org/exceptions/no_such_element.html
Build info: version: &apos;2.44.0&apos;, revision: &apos;76d78cf&apos;, time: &apos;2014-10-23 20:03:00&apos;
System info: host: &apos;kustommade-desktop&apos;, ip: &apos;127.0.1.1&apos;, os.name: &apos;Linux&apos;, os.arch: &apos;amd64&apos;, os.version: &apos;3.16.0-43-generic&apos;, java.version: &apos;1.8.0_45&apos;
Driver info: org.openqa.selenium.chrome.ChromeDriver
Capabilities [{applicationCacheEnabled=false, rotatable=false, chrome={userDataDir=/tmp/.com.google.Chrome.Tsj2qB}, takesHeapSnapshot=true, databaseEnabled=false, handlesAlerts=true, version=43.0.2357.134, platform=LINUX, browserConnectionEnabled=false, nativeEvents=true, acceptSslCerts=true, locationContextEnabled=true, webStorageEnabled=true, browserName=chrome, takesScreenshot=true, javascriptEnabled=true, cssSelectorsEnabled=true}]
Session ID: cca06b1fadb1b2c31e4acf3b6f64c779
	at org.openqa.selenium.remote.ErrorHandler.createThrowable(ErrorHandler.java:204)
	at org.openqa.selenium.remote.ErrorHandler.throwIfResponseFailed(ErrorHandler.java:156)
	at org.openqa.selenium.remote.RemoteWebDriver.execute(RemoteWebDriver.java:599)
	at org.openqa.selenium.remote.RemoteWebDriver.findElement(RemoteWebDriver.java:352)
	at org.openqa.selenium.remote.RemoteWebDriver.findElementByXPath(RemoteWebDriver.java:449)
	at org.openqa.selenium.By$ByXPath.findElement(By.java:357)
	at org.openqa.selenium.remote.RemoteWebDriver.findElement(RemoteWebDriver.java:344)
	at Signup.CartPage.navigateCartPage(Unknown Source)
	at Signup.CartPage.Cartpage(Unknown Source)
... Removed 27 stack frames<br/> org.openqa.selenium.NoSuchElementException: no such element
  (Session info: chrome=43.0.2357.134)
  (Driver info: chromedriver=2.9.248304,platform=Linux 3.16.0-43-generic x86_64) (WARNING: The server did not provide any stacktrace information)
Command duration or timeout: 12 milliseconds
For documentation on this error, please visit: http://seleniumhq.org/exceptions/no_such_element.html
Build info: version: &apos;2.44.0&apos;, revision: &apos;76d78cf&apos;, time: &apos;2014-10-23 20:03:00&apos;
System info: host: &apos;kustommade-desktop&apos;, ip: &apos;127.0.1.1&apos;, os.name: &apos;Linux&apos;, os.arch: &apos;amd64&apos;, os.version: &apos;3.16.0-43-generic&apos;, java.version: &apos;1.8.0_45&apos;
Driver info: org.openqa.selenium.chrome.ChromeDriver
Capabilities [{applicationCacheEnabled=false, rotatable=false, chrome={userDataDir=/tmp/.com.google.Chrome.Tsj2qB}, takesHeapSnapshot=true, databaseEnabled=false, handlesAlerts=true, version=43.0.2357.134, platform=LINUX, browserConnectionEnabled=false, nativeEvents=true, acceptSslCerts=true, locationContextEnabled=true, webStorageEnabled=true, browserName=chrome, takesScreenshot=true, javascriptEnabled=true, cssSelectorsEnabled=true}]
Session ID: cca06b1fadb1b2c31e4acf3b6f64c779
	at sun.reflect.NativeConstructorAccessorImpl.newInstance0(Native Method)
	at sun.reflect.NativeConstructorAccessorImpl.newInstance(NativeConstructorAccessorImpl.java:62)
	at sun.reflect.DelegatingConstructorAccessorImpl.newInstance(DelegatingConstructorAccessorImpl.java:45)
	at java.lang.reflect.Constructor.newInstance(Constructor.java:422)
	at org.openqa.selenium.remote.ErrorHandler.createThrowable(ErrorHandler.java:204)
	at org.openqa.selenium.remote.ErrorHandler.throwIfResponseFailed(ErrorHandler.java:156)
	at org.openqa.selenium.remote.RemoteWebDriver.execute(RemoteWebDriver.java:599)
	at org.openqa.selenium.remote.RemoteWebDriver.findElement(RemoteWebDriver.java:352)
	at org.openqa.selenium.remote.RemoteWebDriver.findElementByXPath(RemoteWebDriver.java:449)
	at org.openqa.selenium.By$ByXPath.findElement(By.java:357)
	at org.openqa.selenium.remote.RemoteWebDriver.findElement(RemoteWebDriver.java:344)
	at Signup.CartPage.navigateCartPage(Unknown Source)
	at Signup.CartPage.Cartpage(Unknown Source)
	at sun.reflect.NativeMethodAccessorImpl.invoke0(Native Method)
	at sun.reflect.NativeMethodAccessorImpl.invoke(NativeMethodAccessorImpl.java:62)
	at sun.reflect.DelegatingMethodAccessorImpl.invoke(DelegatingMethodAccessorImpl.java:43)
	at java.lang.reflect.Method.invoke(Method.java:497)
	at org.testng.internal.MethodInvocationHelper.invokeMethod(MethodInvocationHelper.java:80)
	at org.testng.internal.Invoker.invokeMethod(Invoker.java:714)
	at org.testng.internal.Invoker.invokeTestMethod(Invoker.java:901)
	at org.testng.internal.Invoker.invokeTestMethods(Invoker.java:1231)
	at org.testng.internal.TestMethodWorker.invokeTestMethods(TestMethodWorker.java:127)
	at org.testng.internal.TestMethodWorker.run(TestMethodWorker.java:111)
	at org.testng.TestRunner.privateRun(TestRunner.java:767)
	at org.testng.TestRunner.run(TestRunner.java:617)
	at org.testng.SuiteRunner.runTest(SuiteRunner.java:334)
	at org.testng.SuiteRunner.runSequentially(SuiteRunner.java:329)
	at org.testng.SuiteRunner.privateRun(SuiteRunner.java:291)
	at org.testng.SuiteRunner.run(SuiteRunner.java:240)
	at org.testng.SuiteRunnerWorker.runSuite(SuiteRunnerWorker.java:52)
	at org.testng.SuiteRunnerWorker.run(SuiteRunnerWorker.java:86)
	at org.testng.TestNG.runSuitesSequentially(TestNG.java:1198)
	at org.testng.TestNG.runSuitesLocally(TestNG.java:1123)
	at org.testng.TestNG.run(TestNG.java:1031)
	at org.testng.TestNG.privateMain(TestNG.java:1338)
	at org.testng.TestNG.main(TestNG.java:1307)
"</b><br>sun.reflect.NativeConstructorAccessorImpl.newInstance0(Native Method)<br>sun.reflect.NativeConstructorAccessorImpl.newInstance(NativeConstructorAccessorImpl.java:62)<br>sun.reflect.DelegatingConstructorAccessorImpl.newInstance(DelegatingConstructorAccessorImpl.java:45)<br>java.lang.reflect.Constructor.newInstance(Constructor.java:422)<br>org.openqa.selenium.remote.ErrorHandler.createThrowable(ErrorHandler.java:204)<br>org.openqa.selenium.remote.ErrorHandler.throwIfResponseFailed(ErrorHandler.java:156)<br>org.openqa.selenium.remote.RemoteWebDriver.execute(RemoteWebDriver.java:599)<br>org.openqa.selenium.remote.RemoteWebDriver.findElement(RemoteWebDriver.java:352)<br>org.openqa.selenium.remote.RemoteWebDriver.findElementByXPath(RemoteWebDriver.java:449)<br>org.openqa.selenium.By$ByXPath.findElement(By.java:357)<br>org.openqa.selenium.remote.RemoteWebDriver.findElement(RemoteWebDriver.java:344)<br>Signup.CartPage.navigateCartPage(Unknown Source)<br>Signup.CartPage.Cartpage(Unknown Source)<br>sun.reflect.NativeMethodAccessorImpl.invoke0(Native Method)<br>sun.reflect.NativeMethodAccessorImpl.invoke(NativeMethodAccessorImpl.java:62)<br>sun.reflect.DelegatingMethodAccessorImpl.invoke(DelegatingMethodAccessorImpl.java:43)<br>java.lang.reflect.Method.invoke(Method.java:497)<br>org.testng.internal.MethodInvocationHelper.invokeMethod(MethodInvocationHelper.java:80)<br>org.testng.internal.Invoker.invokeMethod(Invoker.java:714)<br>org.testng.internal.Invoker.invokeTestMethod(Invoker.java:901)<br>org.testng.internal.Invoker.invokeTestMethods(Invoker.java:1231)<br>org.testng.internal.TestMethodWorker.invokeTestMethods(TestMethodWorker.java:127)<br>org.testng.internal.TestMethodWorker.run(TestMethodWorker.java:111)<br>org.testng.TestRunner.privateRun(TestRunner.java:767)<br>org.testng.TestRunner.run(TestRunner.java:617)<br>org.testng.SuiteRunner.runTest(SuiteRunner.java:334)<br>org.testng.SuiteRunner.runSequentially(SuiteRunner.java:329)<br>org.testng.SuiteRunner.privateRun(SuiteRunner.java:291)<br>org.testng.SuiteRunner.run(SuiteRunner.java:240)<br>org.testng.SuiteRunnerWorker.runSuite(SuiteRunnerWorker.java:52)<br>org.testng.SuiteRunnerWorker.run(SuiteRunnerWorker.java:86)<br>org.testng.TestNG.runSuitesSequentially(TestNG.java:1198)<br>org.testng.TestNG.runSuitesLocally(TestNG.java:1123)<br>org.testng.TestNG.run(TestNG.java:1031)<br>org.testng.TestNG.privateMain(TestNG.java:1338)<br>org.testng.TestNG.main(TestNG.java:1307)<br>
</div> <!-- stack-trace -->
                </div> <!-- method-content -->
              </div> <!-- method -->
            </div> <!-- main-panel-content rounded-window-bottom -->
          </div> <!-- suite-Wardrobe-class-failed -->
          <div class="suite-Wardrobe-class-failed">
            <div class="main-panel-header rounded-window-top">
              <img src="failed.png"/>
              <span class="class-name">ExtremeDimensions.ExtremeDimensions</span>
            </div> <!-- main-panel-header rounded-window-top -->
            <div class="main-panel-content rounded-window-bottom">
              <div class="method">
                <div class="method-content">
                  <a name="extremeDimensions(http://root.test.customfurnish.com/)">
                  </a> <!-- extremeDimensions(http://root.test.customfurnish.com/) -->
                  <span class="method-name">extremeDimensions</span>
                  <span class="parameters">(http://root.test.customfurnish.com/)</span>
                  <div class="stack-trace"><b>"org.openqa.selenium.InvalidElementStateException: invalid element state: Element is not currently interactable and may not be manipulated
  (Session info: chrome=43.0.2357.134)
  (Driver info: chromedriver=2.9.248304,platform=Linux 3.16.0-43-generic x86_64) (WARNING: The server did not provide any stacktrace information)
Command duration or timeout: 18 milliseconds
Build info: version: &apos;2.44.0&apos;, revision: &apos;76d78cf&apos;, time: &apos;2014-10-23 20:03:00&apos;
System info: host: &apos;kustommade-desktop&apos;, ip: &apos;127.0.1.1&apos;, os.name: &apos;Linux&apos;, os.arch: &apos;amd64&apos;, os.version: &apos;3.16.0-43-generic&apos;, java.version: &apos;1.8.0_45&apos;
Driver info: org.openqa.selenium.chrome.ChromeDriver
Capabilities [{applicationCacheEnabled=false, rotatable=false, chrome={userDataDir=/tmp/.com.google.Chrome.7nwRxW}, takesHeapSnapshot=true, databaseEnabled=false, handlesAlerts=true, version=43.0.2357.134, platform=LINUX, browserConnectionEnabled=false, nativeEvents=true, acceptSslCerts=true, locationContextEnabled=true, webStorageEnabled=true, browserName=chrome, takesScreenshot=true, javascriptEnabled=true, cssSelectorsEnabled=true}]
Session ID: d54ede32b26eeeb50862198b4d8021b5
	at org.openqa.selenium.remote.ErrorHandler.createThrowable(ErrorHandler.java:204)
	at org.openqa.selenium.remote.ErrorHandler.throwIfResponseFailed(ErrorHandler.java:156)
	at org.openqa.selenium.remote.RemoteWebDriver.execute(RemoteWebDriver.java:599)
	at org.openqa.selenium.remote.RemoteWebElement.execute(RemoteWebElement.java:268)
	at org.openqa.selenium.remote.RemoteWebElement.clear(RemoteWebElement.java:113)
	at ExtremeDimensions.ExtremeDimensions.updateDoorWidth(Unknown Source)
	at ExtremeDimensions.ExtremeDimensions.checkTopToolBarTraditionalDoors(Unknown Source)
	at ExtremeDimensions.ExtremeDimensions.designPage(Unknown Source)
	at ExtremeDimensions.ExtremeDimensions.extremeDimensions(Unknown Source)
... Removed 27 stack frames<br/> org.openqa.selenium.InvalidElementStateException: invalid element state: Element is not currently interactable and may not be manipulated
  (Session info: chrome=43.0.2357.134)
  (Driver info: chromedriver=2.9.248304,platform=Linux 3.16.0-43-generic x86_64) (WARNING: The server did not provide any stacktrace information)
Command duration or timeout: 18 milliseconds
Build info: version: &apos;2.44.0&apos;, revision: &apos;76d78cf&apos;, time: &apos;2014-10-23 20:03:00&apos;
System info: host: &apos;kustommade-desktop&apos;, ip: &apos;127.0.1.1&apos;, os.name: &apos;Linux&apos;, os.arch: &apos;amd64&apos;, os.version: &apos;3.16.0-43-generic&apos;, java.version: &apos;1.8.0_45&apos;
Driver info: org.openqa.selenium.chrome.ChromeDriver
Capabilities [{applicationCacheEnabled=false, rotatable=false, chrome={userDataDir=/tmp/.com.google.Chrome.7nwRxW}, takesHeapSnapshot=true, databaseEnabled=false, handlesAlerts=true, version=43.0.2357.134, platform=LINUX, browserConnectionEnabled=false, nativeEvents=true, acceptSslCerts=true, locationContextEnabled=true, webStorageEnabled=true, browserName=chrome, takesScreenshot=true, javascriptEnabled=true, cssSelectorsEnabled=true}]
Session ID: d54ede32b26eeeb50862198b4d8021b5
	at sun.reflect.NativeConstructorAccessorImpl.newInstance0(Native Method)
	at sun.reflect.NativeConstructorAccessorImpl.newInstance(NativeConstructorAccessorImpl.java:62)
	at sun.reflect.DelegatingConstructorAccessorImpl.newInstance(DelegatingConstructorAccessorImpl.java:45)
	at java.lang.reflect.Constructor.newInstance(Constructor.java:422)
	at org.openqa.selenium.remote.ErrorHandler.createThrowable(ErrorHandler.java:204)
	at org.openqa.selenium.remote.ErrorHandler.throwIfResponseFailed(ErrorHandler.java:156)
	at org.openqa.selenium.remote.RemoteWebDriver.execute(RemoteWebDriver.java:599)
	at org.openqa.selenium.remote.RemoteWebElement.execute(RemoteWebElement.java:268)
	at org.openqa.selenium.remote.RemoteWebElement.clear(RemoteWebElement.java:113)
	at ExtremeDimensions.ExtremeDimensions.updateDoorWidth(Unknown Source)
	at ExtremeDimensions.ExtremeDimensions.checkTopToolBarTraditionalDoors(Unknown Source)
	at ExtremeDimensions.ExtremeDimensions.designPage(Unknown Source)
	at ExtremeDimensions.ExtremeDimensions.extremeDimensions(Unknown Source)
	at sun.reflect.NativeMethodAccessorImpl.invoke0(Native Method)
	at sun.reflect.NativeMethodAccessorImpl.invoke(NativeMethodAccessorImpl.java:62)
	at sun.reflect.DelegatingMethodAccessorImpl.invoke(DelegatingMethodAccessorImpl.java:43)
	at java.lang.reflect.Method.invoke(Method.java:497)
	at org.testng.internal.MethodInvocationHelper.invokeMethod(MethodInvocationHelper.java:80)
	at org.testng.internal.Invoker.invokeMethod(Invoker.java:714)
	at org.testng.internal.Invoker.invokeTestMethod(Invoker.java:901)
	at org.testng.internal.Invoker.invokeTestMethods(Invoker.java:1231)
	at org.testng.internal.TestMethodWorker.invokeTestMethods(TestMethodWorker.java:127)
	at org.testng.internal.TestMethodWorker.run(TestMethodWorker.java:111)
	at org.testng.TestRunner.privateRun(TestRunner.java:767)
	at org.testng.TestRunner.run(TestRunner.java:617)
	at org.testng.SuiteRunner.runTest(SuiteRunner.java:334)
	at org.testng.SuiteRunner.runSequentially(SuiteRunner.java:329)
	at org.testng.SuiteRunner.privateRun(SuiteRunner.java:291)
	at org.testng.SuiteRunner.run(SuiteRunner.java:240)
	at org.testng.SuiteRunnerWorker.runSuite(SuiteRunnerWorker.java:52)
	at org.testng.SuiteRunnerWorker.run(SuiteRunnerWorker.java:86)
	at org.testng.TestNG.runSuitesSequentially(TestNG.java:1198)
	at org.testng.TestNG.runSuitesLocally(TestNG.java:1123)
	at org.testng.TestNG.run(TestNG.java:1031)
	at org.testng.TestNG.privateMain(TestNG.java:1338)
	at org.testng.TestNG.main(TestNG.java:1307)
"</b><br>sun.reflect.NativeConstructorAccessorImpl.newInstance0(Native Method)<br>sun.reflect.NativeConstructorAccessorImpl.newInstance(NativeConstructorAccessorImpl.java:62)<br>sun.reflect.DelegatingConstructorAccessorImpl.newInstance(DelegatingConstructorAccessorImpl.java:45)<br>java.lang.reflect.Constructor.newInstance(Constructor.java:422)<br>org.openqa.selenium.remote.ErrorHandler.createThrowable(ErrorHandler.java:204)<br>org.openqa.selenium.remote.ErrorHandler.throwIfResponseFailed(ErrorHandler.java:156)<br>org.openqa.selenium.remote.RemoteWebDriver.execute(RemoteWebDriver.java:599)<br>org.openqa.selenium.remote.RemoteWebElement.execute(RemoteWebElement.java:268)<br>org.openqa.selenium.remote.RemoteWebElement.clear(RemoteWebElement.java:113)<br>ExtremeDimensions.ExtremeDimensions.updateDoorWidth(Unknown Source)<br>ExtremeDimensions.ExtremeDimensions.checkTopToolBarTraditionalDoors(Unknown Source)<br>ExtremeDimensions.ExtremeDimensions.designPage(Unknown Source)<br>ExtremeDimensions.ExtremeDimensions.extremeDimensions(Unknown Source)<br>sun.reflect.NativeMethodAccessorImpl.invoke0(Native Method)<br>sun.reflect.NativeMethodAccessorImpl.invoke(NativeMethodAccessorImpl.java:62)<br>sun.reflect.DelegatingMethodAccessorImpl.invoke(DelegatingMethodAccessorImpl.java:43)<br>java.lang.reflect.Method.invoke(Method.java:497)<br>org.testng.internal.MethodInvocationHelper.invokeMethod(MethodInvocationHelper.java:80)<br>org.testng.internal.Invoker.invokeMethod(Invoker.java:714)<br>org.testng.internal.Invoker.invokeTestMethod(Invoker.java:901)<br>org.testng.internal.Invoker.invokeTestMethods(Invoker.java:1231)<br>org.testng.internal.TestMethodWorker.invokeTestMethods(TestMethodWorker.java:127)<br>org.testng.internal.TestMethodWorker.run(TestMethodWorker.java:111)<br>org.testng.TestRunner.privateRun(TestRunner.java:767)<br>org.testng.TestRunner.run(TestRunner.java:617)<br>org.testng.SuiteRunner.runTest(SuiteRunner.java:334)<br>org.testng.SuiteRunner.runSequentially(SuiteRunner.java:329)<br>org.testng.SuiteRunner.privateRun(SuiteRunner.java:291)<br>org.testng.SuiteRunner.run(SuiteRunner.java:240)<br>org.testng.SuiteRunnerWorker.runSuite(SuiteRunnerWorker.java:52)<br>org.testng.SuiteRunnerWorker.run(SuiteRunnerWorker.java:86)<br>org.testng.TestNG.runSuitesSequentially(TestNG.java:1198)<br>org.testng.TestNG.runSuitesLocally(TestNG.java:1123)<br>org.testng.TestNG.run(TestNG.java:1031)<br>org.testng.TestNG.privateMain(TestNG.java:1338)<br>org.testng.TestNG.main(TestNG.java:1307)<br>
</div> <!-- stack-trace -->
                </div> <!-- method-content -->
              </div> <!-- method -->
            </div> <!-- main-panel-content rounded-window-bottom -->
          </div> <!-- suite-Wardrobe-class-failed -->
          <div class="suite-Wardrobe-class-failed">
            <div class="main-panel-header rounded-window-top">
              <img src="failed.png"/>
              <span class="class-name">Signup.AccessoriesPage</span>
            </div> <!-- main-panel-header rounded-window-top -->
            <div class="main-panel-content rounded-window-bottom">
              <div class="method">
                <div class="method-content">
                  <a name="Accessoriespage(http://root.test.customfurnish.com/)">
                  </a> <!-- Accessoriespage(http://root.test.customfurnish.com/) -->
                  <span class="method-name">Accessoriespage</span>
                  <span class="parameters">(http://root.test.customfurnish.com/)</span>
                  <div class="stack-trace"><b>"org.openqa.selenium.NoSuchElementException: no such element
  (Session info: chrome=43.0.2357.134)
  (Driver info: chromedriver=2.9.248304,platform=Linux 3.16.0-43-generic x86_64) (WARNING: The server did not provide any stacktrace information)
Command duration or timeout: 16 milliseconds
For documentation on this error, please visit: http://seleniumhq.org/exceptions/no_such_element.html
Build info: version: &apos;2.44.0&apos;, revision: &apos;76d78cf&apos;, time: &apos;2014-10-23 20:03:00&apos;
System info: host: &apos;kustommade-desktop&apos;, ip: &apos;127.0.1.1&apos;, os.name: &apos;Linux&apos;, os.arch: &apos;amd64&apos;, os.version: &apos;3.16.0-43-generic&apos;, java.version: &apos;1.8.0_45&apos;
Driver info: org.openqa.selenium.chrome.ChromeDriver
Capabilities [{applicationCacheEnabled=false, rotatable=false, chrome={userDataDir=/tmp/.com.google.Chrome.SNP1jN}, takesHeapSnapshot=true, databaseEnabled=false, handlesAlerts=true, version=43.0.2357.134, platform=LINUX, browserConnectionEnabled=false, nativeEvents=true, acceptSslCerts=true, locationContextEnabled=true, webStorageEnabled=true, browserName=chrome, takesScreenshot=true, javascriptEnabled=true, cssSelectorsEnabled=true}]
Session ID: 7e1d2f6cb2121b0003e067864c1f6bbc
	at org.openqa.selenium.remote.ErrorHandler.createThrowable(ErrorHandler.java:204)
	at org.openqa.selenium.remote.ErrorHandler.throwIfResponseFailed(ErrorHandler.java:156)
	at org.openqa.selenium.remote.RemoteWebDriver.execute(RemoteWebDriver.java:599)
	at org.openqa.selenium.remote.RemoteWebDriver.findElement(RemoteWebDriver.java:352)
	at org.openqa.selenium.remote.RemoteWebDriver.findElementByXPath(RemoteWebDriver.java:449)
	at org.openqa.selenium.By$ByXPath.findElement(By.java:357)
	at org.openqa.selenium.remote.RemoteWebDriver.findElement(RemoteWebDriver.java:344)
	at Signup.AccessoriesPage.navigateAccessoriesPage(Unknown Source)
	at Signup.AccessoriesPage.Accessoriespage(Unknown Source)
... Removed 27 stack frames<br/> org.openqa.selenium.NoSuchElementException: no such element
  (Session info: chrome=43.0.2357.134)
  (Driver info: chromedriver=2.9.248304,platform=Linux 3.16.0-43-generic x86_64) (WARNING: The server did not provide any stacktrace information)
Command duration or timeout: 16 milliseconds
For documentation on this error, please visit: http://seleniumhq.org/exceptions/no_such_element.html
Build info: version: &apos;2.44.0&apos;, revision: &apos;76d78cf&apos;, time: &apos;2014-10-23 20:03:00&apos;
System info: host: &apos;kustommade-desktop&apos;, ip: &apos;127.0.1.1&apos;, os.name: &apos;Linux&apos;, os.arch: &apos;amd64&apos;, os.version: &apos;3.16.0-43-generic&apos;, java.version: &apos;1.8.0_45&apos;
Driver info: org.openqa.selenium.chrome.ChromeDriver
Capabilities [{applicationCacheEnabled=false, rotatable=false, chrome={userDataDir=/tmp/.com.google.Chrome.SNP1jN}, takesHeapSnapshot=true, databaseEnabled=false, handlesAlerts=true, version=43.0.2357.134, platform=LINUX, browserConnectionEnabled=false, nativeEvents=true, acceptSslCerts=true, locationContextEnabled=true, webStorageEnabled=true, browserName=chrome, takesScreenshot=true, javascriptEnabled=true, cssSelectorsEnabled=true}]
Session ID: 7e1d2f6cb2121b0003e067864c1f6bbc
	at sun.reflect.NativeConstructorAccessorImpl.newInstance0(Native Method)
	at sun.reflect.NativeConstructorAccessorImpl.newInstance(NativeConstructorAccessorImpl.java:62)
	at sun.reflect.DelegatingConstructorAccessorImpl.newInstance(DelegatingConstructorAccessorImpl.java:45)
	at java.lang.reflect.Constructor.newInstance(Constructor.java:422)
	at org.openqa.selenium.remote.ErrorHandler.createThrowable(ErrorHandler.java:204)
	at org.openqa.selenium.remote.ErrorHandler.throwIfResponseFailed(ErrorHandler.java:156)
	at org.openqa.selenium.remote.RemoteWebDriver.execute(RemoteWebDriver.java:599)
	at org.openqa.selenium.remote.RemoteWebDriver.findElement(RemoteWebDriver.java:352)
	at org.openqa.selenium.remote.RemoteWebDriver.findElementByXPath(RemoteWebDriver.java:449)
	at org.openqa.selenium.By$ByXPath.findElement(By.java:357)
	at org.openqa.selenium.remote.RemoteWebDriver.findElement(RemoteWebDriver.java:344)
	at Signup.AccessoriesPage.navigateAccessoriesPage(Unknown Source)
	at Signup.AccessoriesPage.Accessoriespage(Unknown Source)
	at sun.reflect.NativeMethodAccessorImpl.invoke0(Native Method)
	at sun.reflect.NativeMethodAccessorImpl.invoke(NativeMethodAccessorImpl.java:62)
	at sun.reflect.DelegatingMethodAccessorImpl.invoke(DelegatingMethodAccessorImpl.java:43)
	at java.lang.reflect.Method.invoke(Method.java:497)
	at org.testng.internal.MethodInvocationHelper.invokeMethod(MethodInvocationHelper.java:80)
	at org.testng.internal.Invoker.invokeMethod(Invoker.java:714)
	at org.testng.internal.Invoker.invokeTestMethod(Invoker.java:901)
	at org.testng.internal.Invoker.invokeTestMethods(Invoker.java:1231)
	at org.testng.internal.TestMethodWorker.invokeTestMethods(TestMethodWorker.java:127)
	at org.testng.internal.TestMethodWorker.run(TestMethodWorker.java:111)
	at org.testng.TestRunner.privateRun(TestRunner.java:767)
	at org.testng.TestRunner.run(TestRunner.java:617)
	at org.testng.SuiteRunner.runTest(SuiteRunner.java:334)
	at org.testng.SuiteRunner.runSequentially(SuiteRunner.java:329)
	at org.testng.SuiteRunner.privateRun(SuiteRunner.java:291)
	at org.testng.SuiteRunner.run(SuiteRunner.java:240)
	at org.testng.SuiteRunnerWorker.runSuite(SuiteRunnerWorker.java:52)
	at org.testng.SuiteRunnerWorker.run(SuiteRunnerWorker.java:86)
	at org.testng.TestNG.runSuitesSequentially(TestNG.java:1198)
	at org.testng.TestNG.runSuitesLocally(TestNG.java:1123)
	at org.testng.TestNG.run(TestNG.java:1031)
	at org.testng.TestNG.privateMain(TestNG.java:1338)
	at org.testng.TestNG.main(TestNG.java:1307)
"</b><br>sun.reflect.NativeConstructorAccessorImpl.newInstance0(Native Method)<br>sun.reflect.NativeConstructorAccessorImpl.newInstance(NativeConstructorAccessorImpl.java:62)<br>sun.reflect.DelegatingConstructorAccessorImpl.newInstance(DelegatingConstructorAccessorImpl.java:45)<br>java.lang.reflect.Constructor.newInstance(Constructor.java:422)<br>org.openqa.selenium.remote.ErrorHandler.createThrowable(ErrorHandler.java:204)<br>org.openqa.selenium.remote.ErrorHandler.throwIfResponseFailed(ErrorHandler.java:156)<br>org.openqa.selenium.remote.RemoteWebDriver.execute(RemoteWebDriver.java:599)<br>org.openqa.selenium.remote.RemoteWebDriver.findElement(RemoteWebDriver.java:352)<br>org.openqa.selenium.remote.RemoteWebDriver.findElementByXPath(RemoteWebDriver.java:449)<br>org.openqa.selenium.By$ByXPath.findElement(By.java:357)<br>org.openqa.selenium.remote.RemoteWebDriver.findElement(RemoteWebDriver.java:344)<br>Signup.AccessoriesPage.navigateAccessoriesPage(Unknown Source)<br>Signup.AccessoriesPage.Accessoriespage(Unknown Source)<br>sun.reflect.NativeMethodAccessorImpl.invoke0(Native Method)<br>sun.reflect.NativeMethodAccessorImpl.invoke(NativeMethodAccessorImpl.java:62)<br>sun.reflect.DelegatingMethodAccessorImpl.invoke(DelegatingMethodAccessorImpl.java:43)<br>java.lang.reflect.Method.invoke(Method.java:497)<br>org.testng.internal.MethodInvocationHelper.invokeMethod(MethodInvocationHelper.java:80)<br>org.testng.internal.Invoker.invokeMethod(Invoker.java:714)<br>org.testng.internal.Invoker.invokeTestMethod(Invoker.java:901)<br>org.testng.internal.Invoker.invokeTestMethods(Invoker.java:1231)<br>org.testng.internal.TestMethodWorker.invokeTestMethods(TestMethodWorker.java:127)<br>org.testng.internal.TestMethodWorker.run(TestMethodWorker.java:111)<br>org.testng.TestRunner.privateRun(TestRunner.java:767)<br>org.testng.TestRunner.run(TestRunner.java:617)<br>org.testng.SuiteRunner.runTest(SuiteRunner.java:334)<br>org.testng.SuiteRunner.runSequentially(SuiteRunner.java:329)<br>org.testng.SuiteRunner.privateRun(SuiteRunner.java:291)<br>org.testng.SuiteRunner.run(SuiteRunner.java:240)<br>org.testng.SuiteRunnerWorker.runSuite(SuiteRunnerWorker.java:52)<br>org.testng.SuiteRunnerWorker.run(SuiteRunnerWorker.java:86)<br>org.testng.TestNG.runSuitesSequentially(TestNG.java:1198)<br>org.testng.TestNG.runSuitesLocally(TestNG.java:1123)<br>org.testng.TestNG.run(TestNG.java:1031)<br>org.testng.TestNG.privateMain(TestNG.java:1338)<br>org.testng.TestNG.main(TestNG.java:1307)<br>
</div> <!-- stack-trace -->
                </div> <!-- method-content -->
              </div> <!-- method -->
            </div> <!-- main-panel-content rounded-window-bottom -->
          </div> <!-- suite-Wardrobe-class-failed -->
          <div class="suite-Wardrobe-class-failed">
            <div class="main-panel-header rounded-window-top">
              <img src="failed.png"/>
              <span class="class-name">Signup.ExteriorsPage</span>
            </div> <!-- main-panel-header rounded-window-top -->
            <div class="main-panel-content rounded-window-bottom">
              <div class="method">
                <div class="method-content">
                  <a name="Exteriorspage(http://root.test.customfurnish.com/)">
                  </a> <!-- Exteriorspage(http://root.test.customfurnish.com/) -->
                  <span class="method-name">Exteriorspage</span>
                  <span class="parameters">(http://root.test.customfurnish.com/)</span>
                  <div class="stack-trace"><b>"org.openqa.selenium.NoSuchElementException: no such element
  (Session info: chrome=43.0.2357.134)
  (Driver info: chromedriver=2.9.248304,platform=Linux 3.16.0-43-generic x86_64) (WARNING: The server did not provide any stacktrace information)
Command duration or timeout: 12 milliseconds
For documentation on this error, please visit: http://seleniumhq.org/exceptions/no_such_element.html
Build info: version: &apos;2.44.0&apos;, revision: &apos;76d78cf&apos;, time: &apos;2014-10-23 20:03:00&apos;
System info: host: &apos;kustommade-desktop&apos;, ip: &apos;127.0.1.1&apos;, os.name: &apos;Linux&apos;, os.arch: &apos;amd64&apos;, os.version: &apos;3.16.0-43-generic&apos;, java.version: &apos;1.8.0_45&apos;
Driver info: org.openqa.selenium.chrome.ChromeDriver
Capabilities [{applicationCacheEnabled=false, rotatable=false, chrome={userDataDir=/tmp/.com.google.Chrome.hnZDIM}, takesHeapSnapshot=true, databaseEnabled=false, handlesAlerts=true, version=43.0.2357.134, platform=LINUX, browserConnectionEnabled=false, nativeEvents=true, acceptSslCerts=true, locationContextEnabled=true, webStorageEnabled=true, browserName=chrome, takesScreenshot=true, javascriptEnabled=true, cssSelectorsEnabled=true}]
Session ID: 035ef86692753be7324f7fce2d674947
	at org.openqa.selenium.remote.ErrorHandler.createThrowable(ErrorHandler.java:204)
	at org.openqa.selenium.remote.ErrorHandler.throwIfResponseFailed(ErrorHandler.java:156)
	at org.openqa.selenium.remote.RemoteWebDriver.execute(RemoteWebDriver.java:599)
	at org.openqa.selenium.remote.RemoteWebDriver.findElement(RemoteWebDriver.java:352)
	at org.openqa.selenium.remote.RemoteWebDriver.findElementByXPath(RemoteWebDriver.java:449)
	at org.openqa.selenium.By$ByXPath.findElement(By.java:357)
	at org.openqa.selenium.remote.RemoteWebDriver.findElement(RemoteWebDriver.java:344)
	at Signup.ExteriorsPage.navigateExteriorsPage(Unknown Source)
	at Signup.ExteriorsPage.Exteriorspage(Unknown Source)
... Removed 27 stack frames<br/> org.openqa.selenium.NoSuchElementException: no such element
  (Session info: chrome=43.0.2357.134)
  (Driver info: chromedriver=2.9.248304,platform=Linux 3.16.0-43-generic x86_64) (WARNING: The server did not provide any stacktrace information)
Command duration or timeout: 12 milliseconds
For documentation on this error, please visit: http://seleniumhq.org/exceptions/no_such_element.html
Build info: version: &apos;2.44.0&apos;, revision: &apos;76d78cf&apos;, time: &apos;2014-10-23 20:03:00&apos;
System info: host: &apos;kustommade-desktop&apos;, ip: &apos;127.0.1.1&apos;, os.name: &apos;Linux&apos;, os.arch: &apos;amd64&apos;, os.version: &apos;3.16.0-43-generic&apos;, java.version: &apos;1.8.0_45&apos;
Driver info: org.openqa.selenium.chrome.ChromeDriver
Capabilities [{applicationCacheEnabled=false, rotatable=false, chrome={userDataDir=/tmp/.com.google.Chrome.hnZDIM}, takesHeapSnapshot=true, databaseEnabled=false, handlesAlerts=true, version=43.0.2357.134, platform=LINUX, browserConnectionEnabled=false, nativeEvents=true, acceptSslCerts=true, locationContextEnabled=true, webStorageEnabled=true, browserName=chrome, takesScreenshot=true, javascriptEnabled=true, cssSelectorsEnabled=true}]
Session ID: 035ef86692753be7324f7fce2d674947
	at sun.reflect.NativeConstructorAccessorImpl.newInstance0(Native Method)
	at sun.reflect.NativeConstructorAccessorImpl.newInstance(NativeConstructorAccessorImpl.java:62)
	at sun.reflect.DelegatingConstructorAccessorImpl.newInstance(DelegatingConstructorAccessorImpl.java:45)
	at java.lang.reflect.Constructor.newInstance(Constructor.java:422)
	at org.openqa.selenium.remote.ErrorHandler.createThrowable(ErrorHandler.java:204)
	at org.openqa.selenium.remote.ErrorHandler.throwIfResponseFailed(ErrorHandler.java:156)
	at org.openqa.selenium.remote.RemoteWebDriver.execute(RemoteWebDriver.java:599)
	at org.openqa.selenium.remote.RemoteWebDriver.findElement(RemoteWebDriver.java:352)
	at org.openqa.selenium.remote.RemoteWebDriver.findElementByXPath(RemoteWebDriver.java:449)
	at org.openqa.selenium.By$ByXPath.findElement(By.java:357)
	at org.openqa.selenium.remote.RemoteWebDriver.findElement(RemoteWebDriver.java:344)
	at Signup.ExteriorsPage.navigateExteriorsPage(Unknown Source)
	at Signup.ExteriorsPage.Exteriorspage(Unknown Source)
	at sun.reflect.NativeMethodAccessorImpl.invoke0(Native Method)
	at sun.reflect.NativeMethodAccessorImpl.invoke(NativeMethodAccessorImpl.java:62)
	at sun.reflect.DelegatingMethodAccessorImpl.invoke(DelegatingMethodAccessorImpl.java:43)
	at java.lang.reflect.Method.invoke(Method.java:497)
	at org.testng.internal.MethodInvocationHelper.invokeMethod(MethodInvocationHelper.java:80)
	at org.testng.internal.Invoker.invokeMethod(Invoker.java:714)
	at org.testng.internal.Invoker.invokeTestMethod(Invoker.java:901)
	at org.testng.internal.Invoker.invokeTestMethods(Invoker.java:1231)
	at org.testng.internal.TestMethodWorker.invokeTestMethods(TestMethodWorker.java:127)
	at org.testng.internal.TestMethodWorker.run(TestMethodWorker.java:111)
	at org.testng.TestRunner.privateRun(TestRunner.java:767)
	at org.testng.TestRunner.run(TestRunner.java:617)
	at org.testng.SuiteRunner.runTest(SuiteRunner.java:334)
	at org.testng.SuiteRunner.runSequentially(SuiteRunner.java:329)
	at org.testng.SuiteRunner.privateRun(SuiteRunner.java:291)
	at org.testng.SuiteRunner.run(SuiteRunner.java:240)
	at org.testng.SuiteRunnerWorker.runSuite(SuiteRunnerWorker.java:52)
	at org.testng.SuiteRunnerWorker.run(SuiteRunnerWorker.java:86)
	at org.testng.TestNG.runSuitesSequentially(TestNG.java:1198)
	at org.testng.TestNG.runSuitesLocally(TestNG.java:1123)
	at org.testng.TestNG.run(TestNG.java:1031)
	at org.testng.TestNG.privateMain(TestNG.java:1338)
	at org.testng.TestNG.main(TestNG.java:1307)
"</b><br>sun.reflect.NativeConstructorAccessorImpl.newInstance0(Native Method)<br>sun.reflect.NativeConstructorAccessorImpl.newInstance(NativeConstructorAccessorImpl.java:62)<br>sun.reflect.DelegatingConstructorAccessorImpl.newInstance(DelegatingConstructorAccessorImpl.java:45)<br>java.lang.reflect.Constructor.newInstance(Constructor.java:422)<br>org.openqa.selenium.remote.ErrorHandler.createThrowable(ErrorHandler.java:204)<br>org.openqa.selenium.remote.ErrorHandler.throwIfResponseFailed(ErrorHandler.java:156)<br>org.openqa.selenium.remote.RemoteWebDriver.execute(RemoteWebDriver.java:599)<br>org.openqa.selenium.remote.RemoteWebDriver.findElement(RemoteWebDriver.java:352)<br>org.openqa.selenium.remote.RemoteWebDriver.findElementByXPath(RemoteWebDriver.java:449)<br>org.openqa.selenium.By$ByXPath.findElement(By.java:357)<br>org.openqa.selenium.remote.RemoteWebDriver.findElement(RemoteWebDriver.java:344)<br>Signup.ExteriorsPage.navigateExteriorsPage(Unknown Source)<br>Signup.ExteriorsPage.Exteriorspage(Unknown Source)<br>sun.reflect.NativeMethodAccessorImpl.invoke0(Native Method)<br>sun.reflect.NativeMethodAccessorImpl.invoke(NativeMethodAccessorImpl.java:62)<br>sun.reflect.DelegatingMethodAccessorImpl.invoke(DelegatingMethodAccessorImpl.java:43)<br>java.lang.reflect.Method.invoke(Method.java:497)<br>org.testng.internal.MethodInvocationHelper.invokeMethod(MethodInvocationHelper.java:80)<br>org.testng.internal.Invoker.invokeMethod(Invoker.java:714)<br>org.testng.internal.Invoker.invokeTestMethod(Invoker.java:901)<br>org.testng.internal.Invoker.invokeTestMethods(Invoker.java:1231)<br>org.testng.internal.TestMethodWorker.invokeTestMethods(TestMethodWorker.java:127)<br>org.testng.internal.TestMethodWorker.run(TestMethodWorker.java:111)<br>org.testng.TestRunner.privateRun(TestRunner.java:767)<br>org.testng.TestRunner.run(TestRunner.java:617)<br>org.testng.SuiteRunner.runTest(SuiteRunner.java:334)<br>org.testng.SuiteRunner.runSequentially(SuiteRunner.java:329)<br>org.testng.SuiteRunner.privateRun(SuiteRunner.java:291)<br>org.testng.SuiteRunner.run(SuiteRunner.java:240)<br>org.testng.SuiteRunnerWorker.runSuite(SuiteRunnerWorker.java:52)<br>org.testng.SuiteRunnerWorker.run(SuiteRunnerWorker.java:86)<br>org.testng.TestNG.runSuitesSequentially(TestNG.java:1198)<br>org.testng.TestNG.runSuitesLocally(TestNG.java:1123)<br>org.testng.TestNG.run(TestNG.java:1031)<br>org.testng.TestNG.privateMain(TestNG.java:1338)<br>org.testng.TestNG.main(TestNG.java:1307)<br>
</div> <!-- stack-trace -->
                </div> <!-- method-content -->
              </div> <!-- method -->
            </div> <!-- main-panel-content rounded-window-bottom -->
          </div> <!-- suite-Wardrobe-class-failed -->
          <div class="suite-Wardrobe-class-failed">
            <div class="main-panel-header rounded-window-top">
              <img src="failed.png"/>
              <span class="class-name">Signup.OrderPage</span>
            </div> <!-- main-panel-header rounded-window-top -->
            <div class="main-panel-content rounded-window-bottom">
              <div class="method">
                <div class="method-content">
                  <a name="Orderpage(http://root.test.customfurnish.com/)">
                  </a> <!-- Orderpage(http://root.test.customfurnish.com/) -->
                  <span class="method-name">Orderpage</span>
                  <span class="parameters">(http://root.test.customfurnish.com/)</span>
                  <div class="stack-trace"><b>"org.openqa.selenium.NoSuchElementException: no such element
  (Session info: chrome=43.0.2357.134)
  (Driver info: chromedriver=2.9.248304,platform=Linux 3.16.0-43-generic x86_64) (WARNING: The server did not provide any stacktrace information)
Command duration or timeout: 21 milliseconds
For documentation on this error, please visit: http://seleniumhq.org/exceptions/no_such_element.html
Build info: version: &apos;2.44.0&apos;, revision: &apos;76d78cf&apos;, time: &apos;2014-10-23 20:03:00&apos;
System info: host: &apos;kustommade-desktop&apos;, ip: &apos;127.0.1.1&apos;, os.name: &apos;Linux&apos;, os.arch: &apos;amd64&apos;, os.version: &apos;3.16.0-43-generic&apos;, java.version: &apos;1.8.0_45&apos;
Driver info: org.openqa.selenium.chrome.ChromeDriver
Capabilities [{applicationCacheEnabled=false, rotatable=false, chrome={userDataDir=/tmp/.com.google.Chrome.wKY8WS}, takesHeapSnapshot=true, databaseEnabled=false, handlesAlerts=true, version=43.0.2357.134, platform=LINUX, browserConnectionEnabled=false, nativeEvents=true, acceptSslCerts=true, locationContextEnabled=true, webStorageEnabled=true, browserName=chrome, takesScreenshot=true, javascriptEnabled=true, cssSelectorsEnabled=true}]
Session ID: c6326f8037df7d93894048e0fa9bda17
	at org.openqa.selenium.remote.ErrorHandler.createThrowable(ErrorHandler.java:204)
	at org.openqa.selenium.remote.ErrorHandler.throwIfResponseFailed(ErrorHandler.java:156)
	at org.openqa.selenium.remote.RemoteWebDriver.execute(RemoteWebDriver.java:599)
	at org.openqa.selenium.remote.RemoteWebDriver.findElement(RemoteWebDriver.java:352)
	at org.openqa.selenium.remote.RemoteWebDriver.findElementByXPath(RemoteWebDriver.java:449)
	at org.openqa.selenium.By$ByXPath.findElement(By.java:357)
	at org.openqa.selenium.remote.RemoteWebDriver.findElement(RemoteWebDriver.java:344)
	at Signup.OrderPage.navigateOrderPage(Unknown Source)
	at Signup.OrderPage.Orderpage(Unknown Source)
... Removed 27 stack frames<br/> org.openqa.selenium.NoSuchElementException: no such element
  (Session info: chrome=43.0.2357.134)
  (Driver info: chromedriver=2.9.248304,platform=Linux 3.16.0-43-generic x86_64) (WARNING: The server did not provide any stacktrace information)
Command duration or timeout: 21 milliseconds
For documentation on this error, please visit: http://seleniumhq.org/exceptions/no_such_element.html
Build info: version: &apos;2.44.0&apos;, revision: &apos;76d78cf&apos;, time: &apos;2014-10-23 20:03:00&apos;
System info: host: &apos;kustommade-desktop&apos;, ip: &apos;127.0.1.1&apos;, os.name: &apos;Linux&apos;, os.arch: &apos;amd64&apos;, os.version: &apos;3.16.0-43-generic&apos;, java.version: &apos;1.8.0_45&apos;
Driver info: org.openqa.selenium.chrome.ChromeDriver
Capabilities [{applicationCacheEnabled=false, rotatable=false, chrome={userDataDir=/tmp/.com.google.Chrome.wKY8WS}, takesHeapSnapshot=true, databaseEnabled=false, handlesAlerts=true, version=43.0.2357.134, platform=LINUX, browserConnectionEnabled=false, nativeEvents=true, acceptSslCerts=true, locationContextEnabled=true, webStorageEnabled=true, browserName=chrome, takesScreenshot=true, javascriptEnabled=true, cssSelectorsEnabled=true}]
Session ID: c6326f8037df7d93894048e0fa9bda17
	at sun.reflect.NativeConstructorAccessorImpl.newInstance0(Native Method)
	at sun.reflect.NativeConstructorAccessorImpl.newInstance(NativeConstructorAccessorImpl.java:62)
	at sun.reflect.DelegatingConstructorAccessorImpl.newInstance(DelegatingConstructorAccessorImpl.java:45)
	at java.lang.reflect.Constructor.newInstance(Constructor.java:422)
	at org.openqa.selenium.remote.ErrorHandler.createThrowable(ErrorHandler.java:204)
	at org.openqa.selenium.remote.ErrorHandler.throwIfResponseFailed(ErrorHandler.java:156)
	at org.openqa.selenium.remote.RemoteWebDriver.execute(RemoteWebDriver.java:599)
	at org.openqa.selenium.remote.RemoteWebDriver.findElement(RemoteWebDriver.java:352)
	at org.openqa.selenium.remote.RemoteWebDriver.findElementByXPath(RemoteWebDriver.java:449)
	at org.openqa.selenium.By$ByXPath.findElement(By.java:357)
	at org.openqa.selenium.remote.RemoteWebDriver.findElement(RemoteWebDriver.java:344)
	at Signup.OrderPage.navigateOrderPage(Unknown Source)
	at Signup.OrderPage.Orderpage(Unknown Source)
	at sun.reflect.NativeMethodAccessorImpl.invoke0(Native Method)
	at sun.reflect.NativeMethodAccessorImpl.invoke(NativeMethodAccessorImpl.java:62)
	at sun.reflect.DelegatingMethodAccessorImpl.invoke(DelegatingMethodAccessorImpl.java:43)
	at java.lang.reflect.Method.invoke(Method.java:497)
	at org.testng.internal.MethodInvocationHelper.invokeMethod(MethodInvocationHelper.java:80)
	at org.testng.internal.Invoker.invokeMethod(Invoker.java:714)
	at org.testng.internal.Invoker.invokeTestMethod(Invoker.java:901)
	at org.testng.internal.Invoker.invokeTestMethods(Invoker.java:1231)
	at org.testng.internal.TestMethodWorker.invokeTestMethods(TestMethodWorker.java:127)
	at org.testng.internal.TestMethodWorker.run(TestMethodWorker.java:111)
	at org.testng.TestRunner.privateRun(TestRunner.java:767)
	at org.testng.TestRunner.run(TestRunner.java:617)
	at org.testng.SuiteRunner.runTest(SuiteRunner.java:334)
	at org.testng.SuiteRunner.runSequentially(SuiteRunner.java:329)
	at org.testng.SuiteRunner.privateRun(SuiteRunner.java:291)
	at org.testng.SuiteRunner.run(SuiteRunner.java:240)
	at org.testng.SuiteRunnerWorker.runSuite(SuiteRunnerWorker.java:52)
	at org.testng.SuiteRunnerWorker.run(SuiteRunnerWorker.java:86)
	at org.testng.TestNG.runSuitesSequentially(TestNG.java:1198)
	at org.testng.TestNG.runSuitesLocally(TestNG.java:1123)
	at org.testng.TestNG.run(TestNG.java:1031)
	at org.testng.TestNG.privateMain(TestNG.java:1338)
	at org.testng.TestNG.main(TestNG.java:1307)
"</b><br>sun.reflect.NativeConstructorAccessorImpl.newInstance0(Native Method)<br>sun.reflect.NativeConstructorAccessorImpl.newInstance(NativeConstructorAccessorImpl.java:62)<br>sun.reflect.DelegatingConstructorAccessorImpl.newInstance(DelegatingConstructorAccessorImpl.java:45)<br>java.lang.reflect.Constructor.newInstance(Constructor.java:422)<br>org.openqa.selenium.remote.ErrorHandler.createThrowable(ErrorHandler.java:204)<br>org.openqa.selenium.remote.ErrorHandler.throwIfResponseFailed(ErrorHandler.java:156)<br>org.openqa.selenium.remote.RemoteWebDriver.execute(RemoteWebDriver.java:599)<br>org.openqa.selenium.remote.RemoteWebDriver.findElement(RemoteWebDriver.java:352)<br>org.openqa.selenium.remote.RemoteWebDriver.findElementByXPath(RemoteWebDriver.java:449)<br>org.openqa.selenium.By$ByXPath.findElement(By.java:357)<br>org.openqa.selenium.remote.RemoteWebDriver.findElement(RemoteWebDriver.java:344)<br>Signup.OrderPage.navigateOrderPage(Unknown Source)<br>Signup.OrderPage.Orderpage(Unknown Source)<br>sun.reflect.NativeMethodAccessorImpl.invoke0(Native Method)<br>sun.reflect.NativeMethodAccessorImpl.invoke(NativeMethodAccessorImpl.java:62)<br>sun.reflect.DelegatingMethodAccessorImpl.invoke(DelegatingMethodAccessorImpl.java:43)<br>java.lang.reflect.Method.invoke(Method.java:497)<br>org.testng.internal.MethodInvocationHelper.invokeMethod(MethodInvocationHelper.java:80)<br>org.testng.internal.Invoker.invokeMethod(Invoker.java:714)<br>org.testng.internal.Invoker.invokeTestMethod(Invoker.java:901)<br>org.testng.internal.Invoker.invokeTestMethods(Invoker.java:1231)<br>org.testng.internal.TestMethodWorker.invokeTestMethods(TestMethodWorker.java:127)<br>org.testng.internal.TestMethodWorker.run(TestMethodWorker.java:111)<br>org.testng.TestRunner.privateRun(TestRunner.java:767)<br>org.testng.TestRunner.run(TestRunner.java:617)<br>org.testng.SuiteRunner.runTest(SuiteRunner.java:334)<br>org.testng.SuiteRunner.runSequentially(SuiteRunner.java:329)<br>org.testng.SuiteRunner.privateRun(SuiteRunner.java:291)<br>org.testng.SuiteRunner.run(SuiteRunner.java:240)<br>org.testng.SuiteRunnerWorker.runSuite(SuiteRunnerWorker.java:52)<br>org.testng.SuiteRunnerWorker.run(SuiteRunnerWorker.java:86)<br>org.testng.TestNG.runSuitesSequentially(TestNG.java:1198)<br>org.testng.TestNG.runSuitesLocally(TestNG.java:1123)<br>org.testng.TestNG.run(TestNG.java:1031)<br>org.testng.TestNG.privateMain(TestNG.java:1338)<br>org.testng.TestNG.main(TestNG.java:1307)<br>
</div> <!-- stack-trace -->
                </div> <!-- method-content -->
              </div> <!-- method -->
            </div> <!-- main-panel-content rounded-window-bottom -->
          </div> <!-- suite-Wardrobe-class-failed -->
          <div class="suite-Wardrobe-class-failed">
            <div class="main-panel-header rounded-window-top">
              <img src="failed.png"/>
              <span class="class-name">CheckTemplates.CheckTemplates</span>
            </div> <!-- main-panel-header rounded-window-top -->
            <div class="main-panel-content rounded-window-bottom">
              <div class="method">
                <div class="method-content">
                  <a name="checkInformation">
                  </a> <!-- checkInformation -->
                  <span class="method-name">checkInformation</span>
                  <div class="stack-trace"><b>"org.openqa.selenium.NoSuchElementException: no such element
  (Session info: chrome=43.0.2357.134)
  (Driver info: chromedriver=2.9.248304,platform=Linux 3.16.0-43-generic x86_64) (WARNING: The server did not provide any stacktrace information)
Command duration or timeout: 174 milliseconds
For documentation on this error, please visit: http://seleniumhq.org/exceptions/no_such_element.html
Build info: version: &apos;2.44.0&apos;, revision: &apos;76d78cf&apos;, time: &apos;2014-10-23 20:03:00&apos;
System info: host: &apos;kustommade-desktop&apos;, ip: &apos;127.0.1.1&apos;, os.name: &apos;Linux&apos;, os.arch: &apos;amd64&apos;, os.version: &apos;3.16.0-43-generic&apos;, java.version: &apos;1.8.0_45&apos;
Driver info: org.openqa.selenium.chrome.ChromeDriver
Capabilities [{applicationCacheEnabled=false, rotatable=false, chrome={userDataDir=/tmp/.com.google.Chrome.C87dOD}, takesHeapSnapshot=true, databaseEnabled=false, handlesAlerts=true, version=43.0.2357.134, platform=LINUX, browserConnectionEnabled=false, nativeEvents=true, acceptSslCerts=true, locationContextEnabled=true, webStorageEnabled=true, browserName=chrome, takesScreenshot=true, javascriptEnabled=true, cssSelectorsEnabled=true}]
Session ID: 075bd8544ef25fe6c0ff4d78299d2626
	at org.openqa.selenium.remote.ErrorHandler.createThrowable(ErrorHandler.java:204)
	at org.openqa.selenium.remote.ErrorHandler.throwIfResponseFailed(ErrorHandler.java:156)
	at org.openqa.selenium.remote.RemoteWebDriver.execute(RemoteWebDriver.java:599)
	at org.openqa.selenium.remote.RemoteWebDriver.findElement(RemoteWebDriver.java:352)
	at org.openqa.selenium.remote.RemoteWebDriver.findElementByLinkText(RemoteWebDriver.java:401)
	at org.openqa.selenium.By$ByLinkText.findElement(By.java:242)
	at org.openqa.selenium.remote.RemoteWebDriver.findElement(RemoteWebDriver.java:344)
	at CheckTemplates.CheckTemplates.travelToEnd(Unknown Source)
	at CheckTemplates.CheckTemplates.checkInformation(Unknown Source)
... Removed 27 stack frames<br/> org.openqa.selenium.NoSuchElementException: no such element
  (Session info: chrome=43.0.2357.134)
  (Driver info: chromedriver=2.9.248304,platform=Linux 3.16.0-43-generic x86_64) (WARNING: The server did not provide any stacktrace information)
Command duration or timeout: 174 milliseconds
For documentation on this error, please visit: http://seleniumhq.org/exceptions/no_such_element.html
Build info: version: &apos;2.44.0&apos;, revision: &apos;76d78cf&apos;, time: &apos;2014-10-23 20:03:00&apos;
System info: host: &apos;kustommade-desktop&apos;, ip: &apos;127.0.1.1&apos;, os.name: &apos;Linux&apos;, os.arch: &apos;amd64&apos;, os.version: &apos;3.16.0-43-generic&apos;, java.version: &apos;1.8.0_45&apos;
Driver info: org.openqa.selenium.chrome.ChromeDriver
Capabilities [{applicationCacheEnabled=false, rotatable=false, chrome={userDataDir=/tmp/.com.google.Chrome.C87dOD}, takesHeapSnapshot=true, databaseEnabled=false, handlesAlerts=true, version=43.0.2357.134, platform=LINUX, browserConnectionEnabled=false, nativeEvents=true, acceptSslCerts=true, locationContextEnabled=true, webStorageEnabled=true, browserName=chrome, takesScreenshot=true, javascriptEnabled=true, cssSelectorsEnabled=true}]
Session ID: 075bd8544ef25fe6c0ff4d78299d2626
	at sun.reflect.NativeConstructorAccessorImpl.newInstance0(Native Method)
	at sun.reflect.NativeConstructorAccessorImpl.newInstance(NativeConstructorAccessorImpl.java:62)
	at sun.reflect.DelegatingConstructorAccessorImpl.newInstance(DelegatingConstructorAccessorImpl.java:45)
	at java.lang.reflect.Constructor.newInstance(Constructor.java:422)
	at org.openqa.selenium.remote.ErrorHandler.createThrowable(ErrorHandler.java:204)
	at org.openqa.selenium.remote.ErrorHandler.throwIfResponseFailed(ErrorHandler.java:156)
	at org.openqa.selenium.remote.RemoteWebDriver.execute(RemoteWebDriver.java:599)
	at org.openqa.selenium.remote.RemoteWebDriver.findElement(RemoteWebDriver.java:352)
	at org.openqa.selenium.remote.RemoteWebDriver.findElementByLinkText(RemoteWebDriver.java:401)
	at org.openqa.selenium.By$ByLinkText.findElement(By.java:242)
	at org.openqa.selenium.remote.RemoteWebDriver.findElement(RemoteWebDriver.java:344)
	at CheckTemplates.CheckTemplates.travelToEnd(Unknown Source)
	at CheckTemplates.CheckTemplates.checkInformation(Unknown Source)
	at sun.reflect.NativeMethodAccessorImpl.invoke0(Native Method)
	at sun.reflect.NativeMethodAccessorImpl.invoke(NativeMethodAccessorImpl.java:62)
	at sun.reflect.DelegatingMethodAccessorImpl.invoke(DelegatingMethodAccessorImpl.java:43)
	at java.lang.reflect.Method.invoke(Method.java:497)
	at org.testng.internal.MethodInvocationHelper.invokeMethod(MethodInvocationHelper.java:80)
	at org.testng.internal.Invoker.invokeMethod(Invoker.java:714)
	at org.testng.internal.Invoker.invokeTestMethod(Invoker.java:901)
	at org.testng.internal.Invoker.invokeTestMethods(Invoker.java:1231)
	at org.testng.internal.TestMethodWorker.invokeTestMethods(TestMethodWorker.java:127)
	at org.testng.internal.TestMethodWorker.run(TestMethodWorker.java:111)
	at org.testng.TestRunner.privateRun(TestRunner.java:767)
	at org.testng.TestRunner.run(TestRunner.java:617)
	at org.testng.SuiteRunner.runTest(SuiteRunner.java:334)
	at org.testng.SuiteRunner.runSequentially(SuiteRunner.java:329)
	at org.testng.SuiteRunner.privateRun(SuiteRunner.java:291)
	at org.testng.SuiteRunner.run(SuiteRunner.java:240)
	at org.testng.SuiteRunnerWorker.runSuite(SuiteRunnerWorker.java:52)
	at org.testng.SuiteRunnerWorker.run(SuiteRunnerWorker.java:86)
	at org.testng.TestNG.runSuitesSequentially(TestNG.java:1198)
	at org.testng.TestNG.runSuitesLocally(TestNG.java:1123)
	at org.testng.TestNG.run(TestNG.java:1031)
	at org.testng.TestNG.privateMain(TestNG.java:1338)
	at org.testng.TestNG.main(TestNG.java:1307)
"</b><br>sun.reflect.NativeConstructorAccessorImpl.newInstance0(Native Method)<br>sun.reflect.NativeConstructorAccessorImpl.newInstance(NativeConstructorAccessorImpl.java:62)<br>sun.reflect.DelegatingConstructorAccessorImpl.newInstance(DelegatingConstructorAccessorImpl.java:45)<br>java.lang.reflect.Constructor.newInstance(Constructor.java:422)<br>org.openqa.selenium.remote.ErrorHandler.createThrowable(ErrorHandler.java:204)<br>org.openqa.selenium.remote.ErrorHandler.throwIfResponseFailed(ErrorHandler.java:156)<br>org.openqa.selenium.remote.RemoteWebDriver.execute(RemoteWebDriver.java:599)<br>org.openqa.selenium.remote.RemoteWebDriver.findElement(RemoteWebDriver.java:352)<br>org.openqa.selenium.remote.RemoteWebDriver.findElementByLinkText(RemoteWebDriver.java:401)<br>org.openqa.selenium.By$ByLinkText.findElement(By.java:242)<br>org.openqa.selenium.remote.RemoteWebDriver.findElement(RemoteWebDriver.java:344)<br>CheckTemplates.CheckTemplates.travelToEnd(Unknown Source)<br>CheckTemplates.CheckTemplates.checkInformation(Unknown Source)<br>sun.reflect.NativeMethodAccessorImpl.invoke0(Native Method)<br>sun.reflect.NativeMethodAccessorImpl.invoke(NativeMethodAccessorImpl.java:62)<br>sun.reflect.DelegatingMethodAccessorImpl.invoke(DelegatingMethodAccessorImpl.java:43)<br>java.lang.reflect.Method.invoke(Method.java:497)<br>org.testng.internal.MethodInvocationHelper.invokeMethod(MethodInvocationHelper.java:80)<br>org.testng.internal.Invoker.invokeMethod(Invoker.java:714)<br>org.testng.internal.Invoker.invokeTestMethod(Invoker.java:901)<br>org.testng.internal.Invoker.invokeTestMethods(Invoker.java:1231)<br>org.testng.internal.TestMethodWorker.invokeTestMethods(TestMethodWorker.java:127)<br>org.testng.internal.TestMethodWorker.run(TestMethodWorker.java:111)<br>org.testng.TestRunner.privateRun(TestRunner.java:767)<br>org.testng.TestRunner.run(TestRunner.java:617)<br>org.testng.SuiteRunner.runTest(SuiteRunner.java:334)<br>org.testng.SuiteRunner.runSequentially(SuiteRunner.java:329)<br>org.testng.SuiteRunner.privateRun(SuiteRunner.java:291)<br>org.testng.SuiteRunner.run(SuiteRunner.java:240)<br>org.testng.SuiteRunnerWorker.runSuite(SuiteRunnerWorker.java:52)<br>org.testng.SuiteRunnerWorker.run(SuiteRunnerWorker.java:86)<br>org.testng.TestNG.runSuitesSequentially(TestNG.java:1198)<br>org.testng.TestNG.runSuitesLocally(TestNG.java:1123)<br>org.testng.TestNG.run(TestNG.java:1031)<br>org.testng.TestNG.privateMain(TestNG.java:1338)<br>org.testng.TestNG.main(TestNG.java:1307)<br>
</div> <!-- stack-trace -->
                </div> <!-- method-content -->
              </div> <!-- method -->
            </div> <!-- main-panel-content rounded-window-bottom -->
          </div> <!-- suite-Wardrobe-class-failed -->
          <div class="suite-Wardrobe-class-failed">
            <div class="main-panel-header rounded-window-top">
              <img src="failed.png"/>
              <span class="class-name">Signup.TemplatesPage</span>
            </div> <!-- main-panel-header rounded-window-top -->
            <div class="main-panel-content rounded-window-bottom">
              <div class="method">
                <div class="method-content">
                  <a name="Templatespage(http://root.test.customfurnish.com/)">
                  </a> <!-- Templatespage(http://root.test.customfurnish.com/) -->
                  <span class="method-name">Templatespage</span>
                  <span class="parameters">(http://root.test.customfurnish.com/)</span>
                  <div class="stack-trace"><b>"org.openqa.selenium.NoSuchElementException: no such element
  (Session info: chrome=43.0.2357.134)
  (Driver info: chromedriver=2.9.248304,platform=Linux 3.16.0-43-generic x86_64) (WARNING: The server did not provide any stacktrace information)
Command duration or timeout: 14 milliseconds
For documentation on this error, please visit: http://seleniumhq.org/exceptions/no_such_element.html
Build info: version: &apos;2.44.0&apos;, revision: &apos;76d78cf&apos;, time: &apos;2014-10-23 20:03:00&apos;
System info: host: &apos;kustommade-desktop&apos;, ip: &apos;127.0.1.1&apos;, os.name: &apos;Linux&apos;, os.arch: &apos;amd64&apos;, os.version: &apos;3.16.0-43-generic&apos;, java.version: &apos;1.8.0_45&apos;
Driver info: org.openqa.selenium.chrome.ChromeDriver
Capabilities [{applicationCacheEnabled=false, rotatable=false, chrome={userDataDir=/tmp/.com.google.Chrome.oXACKV}, takesHeapSnapshot=true, databaseEnabled=false, handlesAlerts=true, version=43.0.2357.134, platform=LINUX, browserConnectionEnabled=false, nativeEvents=true, acceptSslCerts=true, locationContextEnabled=true, webStorageEnabled=true, browserName=chrome, takesScreenshot=true, javascriptEnabled=true, cssSelectorsEnabled=true}]
Session ID: 2a598312e804ed92384921f0e0ed1dc7
	at org.openqa.selenium.remote.ErrorHandler.createThrowable(ErrorHandler.java:204)
	at org.openqa.selenium.remote.ErrorHandler.throwIfResponseFailed(ErrorHandler.java:156)
	at org.openqa.selenium.remote.RemoteWebDriver.execute(RemoteWebDriver.java:599)
	at org.openqa.selenium.remote.RemoteWebDriver.findElement(RemoteWebDriver.java:352)
	at org.openqa.selenium.remote.RemoteWebDriver.findElementByXPath(RemoteWebDriver.java:449)
	at org.openqa.selenium.By$ByXPath.findElement(By.java:357)
	at org.openqa.selenium.remote.RemoteWebDriver.findElement(RemoteWebDriver.java:344)
	at Signup.TemplatesPage.signinGoogle(Unknown Source)
	at Signup.TemplatesPage.Templatespage(Unknown Source)
... Removed 27 stack frames<br/> org.openqa.selenium.NoSuchElementException: no such element
  (Session info: chrome=43.0.2357.134)
  (Driver info: chromedriver=2.9.248304,platform=Linux 3.16.0-43-generic x86_64) (WARNING: The server did not provide any stacktrace information)
Command duration or timeout: 14 milliseconds
For documentation on this error, please visit: http://seleniumhq.org/exceptions/no_such_element.html
Build info: version: &apos;2.44.0&apos;, revision: &apos;76d78cf&apos;, time: &apos;2014-10-23 20:03:00&apos;
System info: host: &apos;kustommade-desktop&apos;, ip: &apos;127.0.1.1&apos;, os.name: &apos;Linux&apos;, os.arch: &apos;amd64&apos;, os.version: &apos;3.16.0-43-generic&apos;, java.version: &apos;1.8.0_45&apos;
Driver info: org.openqa.selenium.chrome.ChromeDriver
Capabilities [{applicationCacheEnabled=false, rotatable=false, chrome={userDataDir=/tmp/.com.google.Chrome.oXACKV}, takesHeapSnapshot=true, databaseEnabled=false, handlesAlerts=true, version=43.0.2357.134, platform=LINUX, browserConnectionEnabled=false, nativeEvents=true, acceptSslCerts=true, locationContextEnabled=true, webStorageEnabled=true, browserName=chrome, takesScreenshot=true, javascriptEnabled=true, cssSelectorsEnabled=true}]
Session ID: 2a598312e804ed92384921f0e0ed1dc7
	at sun.reflect.NativeConstructorAccessorImpl.newInstance0(Native Method)
	at sun.reflect.NativeConstructorAccessorImpl.newInstance(NativeConstructorAccessorImpl.java:62)
	at sun.reflect.DelegatingConstructorAccessorImpl.newInstance(DelegatingConstructorAccessorImpl.java:45)
	at java.lang.reflect.Constructor.newInstance(Constructor.java:422)
	at org.openqa.selenium.remote.ErrorHandler.createThrowable(ErrorHandler.java:204)
	at org.openqa.selenium.remote.ErrorHandler.throwIfResponseFailed(ErrorHandler.java:156)
	at org.openqa.selenium.remote.RemoteWebDriver.execute(RemoteWebDriver.java:599)
	at org.openqa.selenium.remote.RemoteWebDriver.findElement(RemoteWebDriver.java:352)
	at org.openqa.selenium.remote.RemoteWebDriver.findElementByXPath(RemoteWebDriver.java:449)
	at org.openqa.selenium.By$ByXPath.findElement(By.java:357)
	at org.openqa.selenium.remote.RemoteWebDriver.findElement(RemoteWebDriver.java:344)
	at Signup.TemplatesPage.signinGoogle(Unknown Source)
	at Signup.TemplatesPage.Templatespage(Unknown Source)
	at sun.reflect.NativeMethodAccessorImpl.invoke0(Native Method)
	at sun.reflect.NativeMethodAccessorImpl.invoke(NativeMethodAccessorImpl.java:62)
	at sun.reflect.DelegatingMethodAccessorImpl.invoke(DelegatingMethodAccessorImpl.java:43)
	at java.lang.reflect.Method.invoke(Method.java:497)
	at org.testng.internal.MethodInvocationHelper.invokeMethod(MethodInvocationHelper.java:80)
	at org.testng.internal.Invoker.invokeMethod(Invoker.java:714)
	at org.testng.internal.Invoker.invokeTestMethod(Invoker.java:901)
	at org.testng.internal.Invoker.invokeTestMethods(Invoker.java:1231)
	at org.testng.internal.TestMethodWorker.invokeTestMethods(TestMethodWorker.java:127)
	at org.testng.internal.TestMethodWorker.run(TestMethodWorker.java:111)
	at org.testng.TestRunner.privateRun(TestRunner.java:767)
	at org.testng.TestRunner.run(TestRunner.java:617)
	at org.testng.SuiteRunner.runTest(SuiteRunner.java:334)
	at org.testng.SuiteRunner.runSequentially(SuiteRunner.java:329)
	at org.testng.SuiteRunner.privateRun(SuiteRunner.java:291)
	at org.testng.SuiteRunner.run(SuiteRunner.java:240)
	at org.testng.SuiteRunnerWorker.runSuite(SuiteRunnerWorker.java:52)
	at org.testng.SuiteRunnerWorker.run(SuiteRunnerWorker.java:86)
	at org.testng.TestNG.runSuitesSequentially(TestNG.java:1198)
	at org.testng.TestNG.runSuitesLocally(TestNG.java:1123)
	at org.testng.TestNG.run(TestNG.java:1031)
	at org.testng.TestNG.privateMain(TestNG.java:1338)
	at org.testng.TestNG.main(TestNG.java:1307)
"</b><br>sun.reflect.NativeConstructorAccessorImpl.newInstance0(Native Method)<br>sun.reflect.NativeConstructorAccessorImpl.newInstance(NativeConstructorAccessorImpl.java:62)<br>sun.reflect.DelegatingConstructorAccessorImpl.newInstance(DelegatingConstructorAccessorImpl.java:45)<br>java.lang.reflect.Constructor.newInstance(Constructor.java:422)<br>org.openqa.selenium.remote.ErrorHandler.createThrowable(ErrorHandler.java:204)<br>org.openqa.selenium.remote.ErrorHandler.throwIfResponseFailed(ErrorHandler.java:156)<br>org.openqa.selenium.remote.RemoteWebDriver.execute(RemoteWebDriver.java:599)<br>org.openqa.selenium.remote.RemoteWebDriver.findElement(RemoteWebDriver.java:352)<br>org.openqa.selenium.remote.RemoteWebDriver.findElementByXPath(RemoteWebDriver.java:449)<br>org.openqa.selenium.By$ByXPath.findElement(By.java:357)<br>org.openqa.selenium.remote.RemoteWebDriver.findElement(RemoteWebDriver.java:344)<br>Signup.TemplatesPage.signinGoogle(Unknown Source)<br>Signup.TemplatesPage.Templatespage(Unknown Source)<br>sun.reflect.NativeMethodAccessorImpl.invoke0(Native Method)<br>sun.reflect.NativeMethodAccessorImpl.invoke(NativeMethodAccessorImpl.java:62)<br>sun.reflect.DelegatingMethodAccessorImpl.invoke(DelegatingMethodAccessorImpl.java:43)<br>java.lang.reflect.Method.invoke(Method.java:497)<br>org.testng.internal.MethodInvocationHelper.invokeMethod(MethodInvocationHelper.java:80)<br>org.testng.internal.Invoker.invokeMethod(Invoker.java:714)<br>org.testng.internal.Invoker.invokeTestMethod(Invoker.java:901)<br>org.testng.internal.Invoker.invokeTestMethods(Invoker.java:1231)<br>org.testng.internal.TestMethodWorker.invokeTestMethods(TestMethodWorker.java:127)<br>org.testng.internal.TestMethodWorker.run(TestMethodWorker.java:111)<br>org.testng.TestRunner.privateRun(TestRunner.java:767)<br>org.testng.TestRunner.run(TestRunner.java:617)<br>org.testng.SuiteRunner.runTest(SuiteRunner.java:334)<br>org.testng.SuiteRunner.runSequentially(SuiteRunner.java:329)<br>org.testng.SuiteRunner.privateRun(SuiteRunner.java:291)<br>org.testng.SuiteRunner.run(SuiteRunner.java:240)<br>org.testng.SuiteRunnerWorker.runSuite(SuiteRunnerWorker.java:52)<br>org.testng.SuiteRunnerWorker.run(SuiteRunnerWorker.java:86)<br>org.testng.TestNG.runSuitesSequentially(TestNG.java:1198)<br>org.testng.TestNG.runSuitesLocally(TestNG.java:1123)<br>org.testng.TestNG.run(TestNG.java:1031)<br>org.testng.TestNG.privateMain(TestNG.java:1338)<br>org.testng.TestNG.main(TestNG.java:1307)<br>
</div> <!-- stack-trace -->
                </div> <!-- method-content -->
              </div> <!-- method -->
            </div> <!-- main-panel-content rounded-window-bottom -->
          </div> <!-- suite-Wardrobe-class-failed -->
          <div class="suite-Wardrobe-class-failed">
            <div class="main-panel-header rounded-window-top">
              <img src="failed.png"/>
              <span class="class-name">ForgotPassword.ForgotPassword</span>
            </div> <!-- main-panel-header rounded-window-top -->
            <div class="main-panel-content rounded-window-bottom">
              <div class="method">
                <div class="method-content">
                  <a name="forgotPassword(http://root.test.customfurnish.com/)">
                  </a> <!-- forgotPassword(http://root.test.customfurnish.com/) -->
                  <span class="method-name">forgotPassword</span>
                  <span class="parameters">(http://root.test.customfurnish.com/)</span>
                  <div class="stack-trace"><b>"org.openqa.selenium.NoSuchElementException: no such element
  (Session info: chrome=43.0.2357.134)
  (Driver info: chromedriver=2.9.248304,platform=Linux 3.16.0-43-generic x86_64) (WARNING: The server did not provide any stacktrace information)
Command duration or timeout: 37 milliseconds
For documentation on this error, please visit: http://seleniumhq.org/exceptions/no_such_element.html
Build info: version: &apos;2.44.0&apos;, revision: &apos;76d78cf&apos;, time: &apos;2014-10-23 20:03:00&apos;
System info: host: &apos;kustommade-desktop&apos;, ip: &apos;127.0.1.1&apos;, os.name: &apos;Linux&apos;, os.arch: &apos;amd64&apos;, os.version: &apos;3.16.0-43-generic&apos;, java.version: &apos;1.8.0_45&apos;
Driver info: org.openqa.selenium.chrome.ChromeDriver
Capabilities [{applicationCacheEnabled=false, rotatable=false, chrome={userDataDir=/tmp/.com.google.Chrome.aiccyx}, takesHeapSnapshot=true, databaseEnabled=false, handlesAlerts=true, version=43.0.2357.134, platform=LINUX, browserConnectionEnabled=false, nativeEvents=true, acceptSslCerts=true, locationContextEnabled=true, webStorageEnabled=true, browserName=chrome, takesScreenshot=true, javascriptEnabled=true, cssSelectorsEnabled=true}]
Session ID: 74f3dbd6c1e568271b9ca85fea08e59a
	at org.openqa.selenium.remote.ErrorHandler.createThrowable(ErrorHandler.java:204)
	at org.openqa.selenium.remote.ErrorHandler.throwIfResponseFailed(ErrorHandler.java:156)
	at org.openqa.selenium.remote.RemoteWebDriver.execute(RemoteWebDriver.java:599)
	at org.openqa.selenium.remote.RemoteWebDriver.findElement(RemoteWebDriver.java:352)
	at org.openqa.selenium.remote.RemoteWebDriver.findElementByXPath(RemoteWebDriver.java:449)
	at org.openqa.selenium.By$ByXPath.findElement(By.java:357)
	at org.openqa.selenium.remote.RemoteWebDriver.findElement(RemoteWebDriver.java:344)
	at ForgotPassword.ForgotPassword.manualSignin(Unknown Source)
	at ForgotPassword.ForgotPassword.forgotPassword(Unknown Source)
... Removed 27 stack frames<br/> org.openqa.selenium.NoSuchElementException: no such element
  (Session info: chrome=43.0.2357.134)
  (Driver info: chromedriver=2.9.248304,platform=Linux 3.16.0-43-generic x86_64) (WARNING: The server did not provide any stacktrace information)
Command duration or timeout: 37 milliseconds
For documentation on this error, please visit: http://seleniumhq.org/exceptions/no_such_element.html
Build info: version: &apos;2.44.0&apos;, revision: &apos;76d78cf&apos;, time: &apos;2014-10-23 20:03:00&apos;
System info: host: &apos;kustommade-desktop&apos;, ip: &apos;127.0.1.1&apos;, os.name: &apos;Linux&apos;, os.arch: &apos;amd64&apos;, os.version: &apos;3.16.0-43-generic&apos;, java.version: &apos;1.8.0_45&apos;
Driver info: org.openqa.selenium.chrome.ChromeDriver
Capabilities [{applicationCacheEnabled=false, rotatable=false, chrome={userDataDir=/tmp/.com.google.Chrome.aiccyx}, takesHeapSnapshot=true, databaseEnabled=false, handlesAlerts=true, version=43.0.2357.134, platform=LINUX, browserConnectionEnabled=false, nativeEvents=true, acceptSslCerts=true, locationContextEnabled=true, webStorageEnabled=true, browserName=chrome, takesScreenshot=true, javascriptEnabled=true, cssSelectorsEnabled=true}]
Session ID: 74f3dbd6c1e568271b9ca85fea08e59a
	at sun.reflect.NativeConstructorAccessorImpl.newInstance0(Native Method)
	at sun.reflect.NativeConstructorAccessorImpl.newInstance(NativeConstructorAccessorImpl.java:62)
	at sun.reflect.DelegatingConstructorAccessorImpl.newInstance(DelegatingConstructorAccessorImpl.java:45)
	at java.lang.reflect.Constructor.newInstance(Constructor.java:422)
	at org.openqa.selenium.remote.ErrorHandler.createThrowable(ErrorHandler.java:204)
	at org.openqa.selenium.remote.ErrorHandler.throwIfResponseFailed(ErrorHandler.java:156)
	at org.openqa.selenium.remote.RemoteWebDriver.execute(RemoteWebDriver.java:599)
	at org.openqa.selenium.remote.RemoteWebDriver.findElement(RemoteWebDriver.java:352)
	at org.openqa.selenium.remote.RemoteWebDriver.findElementByXPath(RemoteWebDriver.java:449)
	at org.openqa.selenium.By$ByXPath.findElement(By.java:357)
	at org.openqa.selenium.remote.RemoteWebDriver.findElement(RemoteWebDriver.java:344)
	at ForgotPassword.ForgotPassword.manualSignin(Unknown Source)
	at ForgotPassword.ForgotPassword.forgotPassword(Unknown Source)
	at sun.reflect.NativeMethodAccessorImpl.invoke0(Native Method)
	at sun.reflect.NativeMethodAccessorImpl.invoke(NativeMethodAccessorImpl.java:62)
	at sun.reflect.DelegatingMethodAccessorImpl.invoke(DelegatingMethodAccessorImpl.java:43)
	at java.lang.reflect.Method.invoke(Method.java:497)
	at org.testng.internal.MethodInvocationHelper.invokeMethod(MethodInvocationHelper.java:80)
	at org.testng.internal.Invoker.invokeMethod(Invoker.java:714)
	at org.testng.internal.Invoker.invokeTestMethod(Invoker.java:901)
	at org.testng.internal.Invoker.invokeTestMethods(Invoker.java:1231)
	at org.testng.internal.TestMethodWorker.invokeTestMethods(TestMethodWorker.java:127)
	at org.testng.internal.TestMethodWorker.run(TestMethodWorker.java:111)
	at org.testng.TestRunner.privateRun(TestRunner.java:767)
	at org.testng.TestRunner.run(TestRunner.java:617)
	at org.testng.SuiteRunner.runTest(SuiteRunner.java:334)
	at org.testng.SuiteRunner.runSequentially(SuiteRunner.java:329)
	at org.testng.SuiteRunner.privateRun(SuiteRunner.java:291)
	at org.testng.SuiteRunner.run(SuiteRunner.java:240)
	at org.testng.SuiteRunnerWorker.runSuite(SuiteRunnerWorker.java:52)
	at org.testng.SuiteRunnerWorker.run(SuiteRunnerWorker.java:86)
	at org.testng.TestNG.runSuitesSequentially(TestNG.java:1198)
	at org.testng.TestNG.runSuitesLocally(TestNG.java:1123)
	at org.testng.TestNG.run(TestNG.java:1031)
	at org.testng.TestNG.privateMain(TestNG.java:1338)
	at org.testng.TestNG.main(TestNG.java:1307)
"</b><br>sun.reflect.NativeConstructorAccessorImpl.newInstance0(Native Method)<br>sun.reflect.NativeConstructorAccessorImpl.newInstance(NativeConstructorAccessorImpl.java:62)<br>sun.reflect.DelegatingConstructorAccessorImpl.newInstance(DelegatingConstructorAccessorImpl.java:45)<br>java.lang.reflect.Constructor.newInstance(Constructor.java:422)<br>org.openqa.selenium.remote.ErrorHandler.createThrowable(ErrorHandler.java:204)<br>org.openqa.selenium.remote.ErrorHandler.throwIfResponseFailed(ErrorHandler.java:156)<br>org.openqa.selenium.remote.RemoteWebDriver.execute(RemoteWebDriver.java:599)<br>org.openqa.selenium.remote.RemoteWebDriver.findElement(RemoteWebDriver.java:352)<br>org.openqa.selenium.remote.RemoteWebDriver.findElementByXPath(RemoteWebDriver.java:449)<br>org.openqa.selenium.By$ByXPath.findElement(By.java:357)<br>org.openqa.selenium.remote.RemoteWebDriver.findElement(RemoteWebDriver.java:344)<br>ForgotPassword.ForgotPassword.manualSignin(Unknown Source)<br>ForgotPassword.ForgotPassword.forgotPassword(Unknown Source)<br>sun.reflect.NativeMethodAccessorImpl.invoke0(Native Method)<br>sun.reflect.NativeMethodAccessorImpl.invoke(NativeMethodAccessorImpl.java:62)<br>sun.reflect.DelegatingMethodAccessorImpl.invoke(DelegatingMethodAccessorImpl.java:43)<br>java.lang.reflect.Method.invoke(Method.java:497)<br>org.testng.internal.MethodInvocationHelper.invokeMethod(MethodInvocationHelper.java:80)<br>org.testng.internal.Invoker.invokeMethod(Invoker.java:714)<br>org.testng.internal.Invoker.invokeTestMethod(Invoker.java:901)<br>org.testng.internal.Invoker.invokeTestMethods(Invoker.java:1231)<br>org.testng.internal.TestMethodWorker.invokeTestMethods(TestMethodWorker.java:127)<br>org.testng.internal.TestMethodWorker.run(TestMethodWorker.java:111)<br>org.testng.TestRunner.privateRun(TestRunner.java:767)<br>org.testng.TestRunner.run(TestRunner.java:617)<br>org.testng.SuiteRunner.runTest(SuiteRunner.java:334)<br>org.testng.SuiteRunner.runSequentially(SuiteRunner.java:329)<br>org.testng.SuiteRunner.privateRun(SuiteRunner.java:291)<br>org.testng.SuiteRunner.run(SuiteRunner.java:240)<br>org.testng.SuiteRunnerWorker.runSuite(SuiteRunnerWorker.java:52)<br>org.testng.SuiteRunnerWorker.run(SuiteRunnerWorker.java:86)<br>org.testng.TestNG.runSuitesSequentially(TestNG.java:1198)<br>org.testng.TestNG.runSuitesLocally(TestNG.java:1123)<br>org.testng.TestNG.run(TestNG.java:1031)<br>org.testng.TestNG.privateMain(TestNG.java:1338)<br>org.testng.TestNG.main(TestNG.java:1307)<br>
</div> <!-- stack-trace -->
                </div> <!-- method-content -->
              </div> <!-- method -->
            </div> <!-- main-panel-content rounded-window-bottom -->
          </div> <!-- suite-Wardrobe-class-failed -->
          <div class="suite-Wardrobe-class-failed">
            <div class="main-panel-header rounded-window-top">
              <img src="failed.png"/>
              <span class="class-name">Signup.DimensionsPage</span>
            </div> <!-- main-panel-header rounded-window-top -->
            <div class="main-panel-content rounded-window-bottom">
              <div class="method">
                <div class="method-content">
                  <a name="Dimensionspage(http://root.test.customfurnish.com/)">
                  </a> <!-- Dimensionspage(http://root.test.customfurnish.com/) -->
                  <span class="method-name">Dimensionspage</span>
                  <span class="parameters">(http://root.test.customfurnish.com/)</span>
                  <div class="stack-trace"><b>"org.openqa.selenium.NoSuchElementException: no such element
  (Session info: chrome=43.0.2357.134)
  (Driver info: chromedriver=2.9.248304,platform=Linux 3.16.0-43-generic x86_64) (WARNING: The server did not provide any stacktrace information)
Command duration or timeout: 14 milliseconds
For documentation on this error, please visit: http://seleniumhq.org/exceptions/no_such_element.html
Build info: version: &apos;2.44.0&apos;, revision: &apos;76d78cf&apos;, time: &apos;2014-10-23 20:03:00&apos;
System info: host: &apos;kustommade-desktop&apos;, ip: &apos;127.0.1.1&apos;, os.name: &apos;Linux&apos;, os.arch: &apos;amd64&apos;, os.version: &apos;3.16.0-43-generic&apos;, java.version: &apos;1.8.0_45&apos;
Driver info: org.openqa.selenium.chrome.ChromeDriver
Capabilities [{applicationCacheEnabled=false, rotatable=false, chrome={userDataDir=/tmp/.com.google.Chrome.kXHN8P}, takesHeapSnapshot=true, databaseEnabled=false, handlesAlerts=true, version=43.0.2357.134, platform=LINUX, browserConnectionEnabled=false, nativeEvents=true, acceptSslCerts=true, locationContextEnabled=true, webStorageEnabled=true, browserName=chrome, takesScreenshot=true, javascriptEnabled=true, cssSelectorsEnabled=true}]
Session ID: 11d7a53dd48c79b788f1faa09b2fd7cc
	at org.openqa.selenium.remote.ErrorHandler.createThrowable(ErrorHandler.java:204)
	at org.openqa.selenium.remote.ErrorHandler.throwIfResponseFailed(ErrorHandler.java:156)
	at org.openqa.selenium.remote.RemoteWebDriver.execute(RemoteWebDriver.java:599)
	at org.openqa.selenium.remote.RemoteWebDriver.findElement(RemoteWebDriver.java:352)
	at org.openqa.selenium.remote.RemoteWebDriver.findElementByXPath(RemoteWebDriver.java:449)
	at org.openqa.selenium.By$ByXPath.findElement(By.java:357)
	at org.openqa.selenium.remote.RemoteWebDriver.findElement(RemoteWebDriver.java:344)
	at Signup.DimensionsPage.signinGoogle(Unknown Source)
	at Signup.DimensionsPage.Dimensionspage(Unknown Source)
... Removed 27 stack frames<br/> org.openqa.selenium.NoSuchElementException: no such element
  (Session info: chrome=43.0.2357.134)
  (Driver info: chromedriver=2.9.248304,platform=Linux 3.16.0-43-generic x86_64) (WARNING: The server did not provide any stacktrace information)
Command duration or timeout: 14 milliseconds
For documentation on this error, please visit: http://seleniumhq.org/exceptions/no_such_element.html
Build info: version: &apos;2.44.0&apos;, revision: &apos;76d78cf&apos;, time: &apos;2014-10-23 20:03:00&apos;
System info: host: &apos;kustommade-desktop&apos;, ip: &apos;127.0.1.1&apos;, os.name: &apos;Linux&apos;, os.arch: &apos;amd64&apos;, os.version: &apos;3.16.0-43-generic&apos;, java.version: &apos;1.8.0_45&apos;
Driver info: org.openqa.selenium.chrome.ChromeDriver
Capabilities [{applicationCacheEnabled=false, rotatable=false, chrome={userDataDir=/tmp/.com.google.Chrome.kXHN8P}, takesHeapSnapshot=true, databaseEnabled=false, handlesAlerts=true, version=43.0.2357.134, platform=LINUX, browserConnectionEnabled=false, nativeEvents=true, acceptSslCerts=true, locationContextEnabled=true, webStorageEnabled=true, browserName=chrome, takesScreenshot=true, javascriptEnabled=true, cssSelectorsEnabled=true}]
Session ID: 11d7a53dd48c79b788f1faa09b2fd7cc
	at sun.reflect.NativeConstructorAccessorImpl.newInstance0(Native Method)
	at sun.reflect.NativeConstructorAccessorImpl.newInstance(NativeConstructorAccessorImpl.java:62)
	at sun.reflect.DelegatingConstructorAccessorImpl.newInstance(DelegatingConstructorAccessorImpl.java:45)
	at java.lang.reflect.Constructor.newInstance(Constructor.java:422)
	at org.openqa.selenium.remote.ErrorHandler.createThrowable(ErrorHandler.java:204)
	at org.openqa.selenium.remote.ErrorHandler.throwIfResponseFailed(ErrorHandler.java:156)
	at org.openqa.selenium.remote.RemoteWebDriver.execute(RemoteWebDriver.java:599)
	at org.openqa.selenium.remote.RemoteWebDriver.findElement(RemoteWebDriver.java:352)
	at org.openqa.selenium.remote.RemoteWebDriver.findElementByXPath(RemoteWebDriver.java:449)
	at org.openqa.selenium.By$ByXPath.findElement(By.java:357)
	at org.openqa.selenium.remote.RemoteWebDriver.findElement(RemoteWebDriver.java:344)
	at Signup.DimensionsPage.signinGoogle(Unknown Source)
	at Signup.DimensionsPage.Dimensionspage(Unknown Source)
	at sun.reflect.NativeMethodAccessorImpl.invoke0(Native Method)
	at sun.reflect.NativeMethodAccessorImpl.invoke(NativeMethodAccessorImpl.java:62)
	at sun.reflect.DelegatingMethodAccessorImpl.invoke(DelegatingMethodAccessorImpl.java:43)
	at java.lang.reflect.Method.invoke(Method.java:497)
	at org.testng.internal.MethodInvocationHelper.invokeMethod(MethodInvocationHelper.java:80)
	at org.testng.internal.Invoker.invokeMethod(Invoker.java:714)
	at org.testng.internal.Invoker.invokeTestMethod(Invoker.java:901)
	at org.testng.internal.Invoker.invokeTestMethods(Invoker.java:1231)
	at org.testng.internal.TestMethodWorker.invokeTestMethods(TestMethodWorker.java:127)
	at org.testng.internal.TestMethodWorker.run(TestMethodWorker.java:111)
	at org.testng.TestRunner.privateRun(TestRunner.java:767)
	at org.testng.TestRunner.run(TestRunner.java:617)
	at org.testng.SuiteRunner.runTest(SuiteRunner.java:334)
	at org.testng.SuiteRunner.runSequentially(SuiteRunner.java:329)
	at org.testng.SuiteRunner.privateRun(SuiteRunner.java:291)
	at org.testng.SuiteRunner.run(SuiteRunner.java:240)
	at org.testng.SuiteRunnerWorker.runSuite(SuiteRunnerWorker.java:52)
	at org.testng.SuiteRunnerWorker.run(SuiteRunnerWorker.java:86)
	at org.testng.TestNG.runSuitesSequentially(TestNG.java:1198)
	at org.testng.TestNG.runSuitesLocally(TestNG.java:1123)
	at org.testng.TestNG.run(TestNG.java:1031)
	at org.testng.TestNG.privateMain(TestNG.java:1338)
	at org.testng.TestNG.main(TestNG.java:1307)
"</b><br>sun.reflect.NativeConstructorAccessorImpl.newInstance0(Native Method)<br>sun.reflect.NativeConstructorAccessorImpl.newInstance(NativeConstructorAccessorImpl.java:62)<br>sun.reflect.DelegatingConstructorAccessorImpl.newInstance(DelegatingConstructorAccessorImpl.java:45)<br>java.lang.reflect.Constructor.newInstance(Constructor.java:422)<br>org.openqa.selenium.remote.ErrorHandler.createThrowable(ErrorHandler.java:204)<br>org.openqa.selenium.remote.ErrorHandler.throwIfResponseFailed(ErrorHandler.java:156)<br>org.openqa.selenium.remote.RemoteWebDriver.execute(RemoteWebDriver.java:599)<br>org.openqa.selenium.remote.RemoteWebDriver.findElement(RemoteWebDriver.java:352)<br>org.openqa.selenium.remote.RemoteWebDriver.findElementByXPath(RemoteWebDriver.java:449)<br>org.openqa.selenium.By$ByXPath.findElement(By.java:357)<br>org.openqa.selenium.remote.RemoteWebDriver.findElement(RemoteWebDriver.java:344)<br>Signup.DimensionsPage.signinGoogle(Unknown Source)<br>Signup.DimensionsPage.Dimensionspage(Unknown Source)<br>sun.reflect.NativeMethodAccessorImpl.invoke0(Native Method)<br>sun.reflect.NativeMethodAccessorImpl.invoke(NativeMethodAccessorImpl.java:62)<br>sun.reflect.DelegatingMethodAccessorImpl.invoke(DelegatingMethodAccessorImpl.java:43)<br>java.lang.reflect.Method.invoke(Method.java:497)<br>org.testng.internal.MethodInvocationHelper.invokeMethod(MethodInvocationHelper.java:80)<br>org.testng.internal.Invoker.invokeMethod(Invoker.java:714)<br>org.testng.internal.Invoker.invokeTestMethod(Invoker.java:901)<br>org.testng.internal.Invoker.invokeTestMethods(Invoker.java:1231)<br>org.testng.internal.TestMethodWorker.invokeTestMethods(TestMethodWorker.java:127)<br>org.testng.internal.TestMethodWorker.run(TestMethodWorker.java:111)<br>org.testng.TestRunner.privateRun(TestRunner.java:767)<br>org.testng.TestRunner.run(TestRunner.java:617)<br>org.testng.SuiteRunner.runTest(SuiteRunner.java:334)<br>org.testng.SuiteRunner.runSequentially(SuiteRunner.java:329)<br>org.testng.SuiteRunner.privateRun(SuiteRunner.java:291)<br>org.testng.SuiteRunner.run(SuiteRunner.java:240)<br>org.testng.SuiteRunnerWorker.runSuite(SuiteRunnerWorker.java:52)<br>org.testng.SuiteRunnerWorker.run(SuiteRunnerWorker.java:86)<br>org.testng.TestNG.runSuitesSequentially(TestNG.java:1198)<br>org.testng.TestNG.runSuitesLocally(TestNG.java:1123)<br>org.testng.TestNG.run(TestNG.java:1031)<br>org.testng.TestNG.privateMain(TestNG.java:1338)<br>org.testng.TestNG.main(TestNG.java:1307)<br>
</div> <!-- stack-trace -->
                </div> <!-- method-content -->
              </div> <!-- method -->
            </div> <!-- main-panel-content rounded-window-bottom -->
          </div> <!-- suite-Wardrobe-class-failed -->
          <div class="suite-Wardrobe-class-failed">
            <div class="main-panel-header rounded-window-top">
              <img src="failed.png"/>
              <span class="class-name">Signup.DoorTypePage</span>
            </div> <!-- main-panel-header rounded-window-top -->
            <div class="main-panel-content rounded-window-bottom">
              <div class="method">
                <div class="method-content">
                  <a name="DoorTypepage(http://root.test.customfurnish.com/)">
                  </a> <!-- DoorTypepage(http://root.test.customfurnish.com/) -->
                  <span class="method-name">DoorTypepage</span>
                  <span class="parameters">(http://root.test.customfurnish.com/)</span>
                  <div class="stack-trace"><b>"org.openqa.selenium.NoSuchElementException: no such element
  (Session info: chrome=43.0.2357.134)
  (Driver info: chromedriver=2.9.248304,platform=Linux 3.16.0-43-generic x86_64) (WARNING: The server did not provide any stacktrace information)
Command duration or timeout: 13 milliseconds
For documentation on this error, please visit: http://seleniumhq.org/exceptions/no_such_element.html
Build info: version: &apos;2.44.0&apos;, revision: &apos;76d78cf&apos;, time: &apos;2014-10-23 20:03:00&apos;
System info: host: &apos;kustommade-desktop&apos;, ip: &apos;127.0.1.1&apos;, os.name: &apos;Linux&apos;, os.arch: &apos;amd64&apos;, os.version: &apos;3.16.0-43-generic&apos;, java.version: &apos;1.8.0_45&apos;
Driver info: org.openqa.selenium.chrome.ChromeDriver
Capabilities [{applicationCacheEnabled=false, rotatable=false, chrome={userDataDir=/tmp/.com.google.Chrome.htYp6c}, takesHeapSnapshot=true, databaseEnabled=false, handlesAlerts=true, version=43.0.2357.134, platform=LINUX, browserConnectionEnabled=false, nativeEvents=true, acceptSslCerts=true, locationContextEnabled=true, webStorageEnabled=true, browserName=chrome, takesScreenshot=true, javascriptEnabled=true, cssSelectorsEnabled=true}]
Session ID: d039f0d7de1f6fa3fd6a03d8afe0fd46
	at org.openqa.selenium.remote.ErrorHandler.createThrowable(ErrorHandler.java:204)
	at org.openqa.selenium.remote.ErrorHandler.throwIfResponseFailed(ErrorHandler.java:156)
	at org.openqa.selenium.remote.RemoteWebDriver.execute(RemoteWebDriver.java:599)
	at org.openqa.selenium.remote.RemoteWebDriver.findElement(RemoteWebDriver.java:352)
	at org.openqa.selenium.remote.RemoteWebDriver.findElementByXPath(RemoteWebDriver.java:449)
	at org.openqa.selenium.By$ByXPath.findElement(By.java:357)
	at org.openqa.selenium.remote.RemoteWebDriver.findElement(RemoteWebDriver.java:344)
	at Signup.DoorTypePage.navigateDoorTypePage(Unknown Source)
	at Signup.DoorTypePage.DoorTypepage(Unknown Source)
... Removed 27 stack frames<br/> org.openqa.selenium.NoSuchElementException: no such element
  (Session info: chrome=43.0.2357.134)
  (Driver info: chromedriver=2.9.248304,platform=Linux 3.16.0-43-generic x86_64) (WARNING: The server did not provide any stacktrace information)
Command duration or timeout: 13 milliseconds
For documentation on this error, please visit: http://seleniumhq.org/exceptions/no_such_element.html
Build info: version: &apos;2.44.0&apos;, revision: &apos;76d78cf&apos;, time: &apos;2014-10-23 20:03:00&apos;
System info: host: &apos;kustommade-desktop&apos;, ip: &apos;127.0.1.1&apos;, os.name: &apos;Linux&apos;, os.arch: &apos;amd64&apos;, os.version: &apos;3.16.0-43-generic&apos;, java.version: &apos;1.8.0_45&apos;
Driver info: org.openqa.selenium.chrome.ChromeDriver
Capabilities [{applicationCacheEnabled=false, rotatable=false, chrome={userDataDir=/tmp/.com.google.Chrome.htYp6c}, takesHeapSnapshot=true, databaseEnabled=false, handlesAlerts=true, version=43.0.2357.134, platform=LINUX, browserConnectionEnabled=false, nativeEvents=true, acceptSslCerts=true, locationContextEnabled=true, webStorageEnabled=true, browserName=chrome, takesScreenshot=true, javascriptEnabled=true, cssSelectorsEnabled=true}]
Session ID: d039f0d7de1f6fa3fd6a03d8afe0fd46
	at sun.reflect.NativeConstructorAccessorImpl.newInstance0(Native Method)
	at sun.reflect.NativeConstructorAccessorImpl.newInstance(NativeConstructorAccessorImpl.java:62)
	at sun.reflect.DelegatingConstructorAccessorImpl.newInstance(DelegatingConstructorAccessorImpl.java:45)
	at java.lang.reflect.Constructor.newInstance(Constructor.java:422)
	at org.openqa.selenium.remote.ErrorHandler.createThrowable(ErrorHandler.java:204)
	at org.openqa.selenium.remote.ErrorHandler.throwIfResponseFailed(ErrorHandler.java:156)
	at org.openqa.selenium.remote.RemoteWebDriver.execute(RemoteWebDriver.java:599)
	at org.openqa.selenium.remote.RemoteWebDriver.findElement(RemoteWebDriver.java:352)
	at org.openqa.selenium.remote.RemoteWebDriver.findElementByXPath(RemoteWebDriver.java:449)
	at org.openqa.selenium.By$ByXPath.findElement(By.java:357)
	at org.openqa.selenium.remote.RemoteWebDriver.findElement(RemoteWebDriver.java:344)
	at Signup.DoorTypePage.navigateDoorTypePage(Unknown Source)
	at Signup.DoorTypePage.DoorTypepage(Unknown Source)
	at sun.reflect.NativeMethodAccessorImpl.invoke0(Native Method)
	at sun.reflect.NativeMethodAccessorImpl.invoke(NativeMethodAccessorImpl.java:62)
	at sun.reflect.DelegatingMethodAccessorImpl.invoke(DelegatingMethodAccessorImpl.java:43)
	at java.lang.reflect.Method.invoke(Method.java:497)
	at org.testng.internal.MethodInvocationHelper.invokeMethod(MethodInvocationHelper.java:80)
	at org.testng.internal.Invoker.invokeMethod(Invoker.java:714)
	at org.testng.internal.Invoker.invokeTestMethod(Invoker.java:901)
	at org.testng.internal.Invoker.invokeTestMethods(Invoker.java:1231)
	at org.testng.internal.TestMethodWorker.invokeTestMethods(TestMethodWorker.java:127)
	at org.testng.internal.TestMethodWorker.run(TestMethodWorker.java:111)
	at org.testng.TestRunner.privateRun(TestRunner.java:767)
	at org.testng.TestRunner.run(TestRunner.java:617)
	at org.testng.SuiteRunner.runTest(SuiteRunner.java:334)
	at org.testng.SuiteRunner.runSequentially(SuiteRunner.java:329)
	at org.testng.SuiteRunner.privateRun(SuiteRunner.java:291)
	at org.testng.SuiteRunner.run(SuiteRunner.java:240)
	at org.testng.SuiteRunnerWorker.runSuite(SuiteRunnerWorker.java:52)
	at org.testng.SuiteRunnerWorker.run(SuiteRunnerWorker.java:86)
	at org.testng.TestNG.runSuitesSequentially(TestNG.java:1198)
	at org.testng.TestNG.runSuitesLocally(TestNG.java:1123)
	at org.testng.TestNG.run(TestNG.java:1031)
	at org.testng.TestNG.privateMain(TestNG.java:1338)
	at org.testng.TestNG.main(TestNG.java:1307)
"</b><br>sun.reflect.NativeConstructorAccessorImpl.newInstance0(Native Method)<br>sun.reflect.NativeConstructorAccessorImpl.newInstance(NativeConstructorAccessorImpl.java:62)<br>sun.reflect.DelegatingConstructorAccessorImpl.newInstance(DelegatingConstructorAccessorImpl.java:45)<br>java.lang.reflect.Constructor.newInstance(Constructor.java:422)<br>org.openqa.selenium.remote.ErrorHandler.createThrowable(ErrorHandler.java:204)<br>org.openqa.selenium.remote.ErrorHandler.throwIfResponseFailed(ErrorHandler.java:156)<br>org.openqa.selenium.remote.RemoteWebDriver.execute(RemoteWebDriver.java:599)<br>org.openqa.selenium.remote.RemoteWebDriver.findElement(RemoteWebDriver.java:352)<br>org.openqa.selenium.remote.RemoteWebDriver.findElementByXPath(RemoteWebDriver.java:449)<br>org.openqa.selenium.By$ByXPath.findElement(By.java:357)<br>org.openqa.selenium.remote.RemoteWebDriver.findElement(RemoteWebDriver.java:344)<br>Signup.DoorTypePage.navigateDoorTypePage(Unknown Source)<br>Signup.DoorTypePage.DoorTypepage(Unknown Source)<br>sun.reflect.NativeMethodAccessorImpl.invoke0(Native Method)<br>sun.reflect.NativeMethodAccessorImpl.invoke(NativeMethodAccessorImpl.java:62)<br>sun.reflect.DelegatingMethodAccessorImpl.invoke(DelegatingMethodAccessorImpl.java:43)<br>java.lang.reflect.Method.invoke(Method.java:497)<br>org.testng.internal.MethodInvocationHelper.invokeMethod(MethodInvocationHelper.java:80)<br>org.testng.internal.Invoker.invokeMethod(Invoker.java:714)<br>org.testng.internal.Invoker.invokeTestMethod(Invoker.java:901)<br>org.testng.internal.Invoker.invokeTestMethods(Invoker.java:1231)<br>org.testng.internal.TestMethodWorker.invokeTestMethods(TestMethodWorker.java:127)<br>org.testng.internal.TestMethodWorker.run(TestMethodWorker.java:111)<br>org.testng.TestRunner.privateRun(TestRunner.java:767)<br>org.testng.TestRunner.run(TestRunner.java:617)<br>org.testng.SuiteRunner.runTest(SuiteRunner.java:334)<br>org.testng.SuiteRunner.runSequentially(SuiteRunner.java:329)<br>org.testng.SuiteRunner.privateRun(SuiteRunner.java:291)<br>org.testng.SuiteRunner.run(SuiteRunner.java:240)<br>org.testng.SuiteRunnerWorker.runSuite(SuiteRunnerWorker.java:52)<br>org.testng.SuiteRunnerWorker.run(SuiteRunnerWorker.java:86)<br>org.testng.TestNG.runSuitesSequentially(TestNG.java:1198)<br>org.testng.TestNG.runSuitesLocally(TestNG.java:1123)<br>org.testng.TestNG.run(TestNG.java:1031)<br>org.testng.TestNG.privateMain(TestNG.java:1338)<br>org.testng.TestNG.main(TestNG.java:1307)<br>
</div> <!-- stack-trace -->
                </div> <!-- method-content -->
              </div> <!-- method -->
            </div> <!-- main-panel-content rounded-window-bottom -->
          </div> <!-- suite-Wardrobe-class-failed -->
          <div class="suite-Wardrobe-class-failed">
            <div class="main-panel-header rounded-window-top">
              <img src="failed.png"/>
              <span class="class-name">Signup.LandingPage</span>
            </div> <!-- main-panel-header rounded-window-top -->
            <div class="main-panel-content rounded-window-bottom">
              <div class="method">
                <div class="method-content">
                  <a name="Landingpage(http://root.test.customfurnish.com/)">
                  </a> <!-- Landingpage(http://root.test.customfurnish.com/) -->
                  <span class="method-name">Landingpage</span>
                  <span class="parameters">(http://root.test.customfurnish.com/)</span>
                  <div class="stack-trace"><b>"org.openqa.selenium.NoSuchElementException: no such element
  (Session info: chrome=43.0.2357.134)
  (Driver info: chromedriver=2.9.248304,platform=Linux 3.16.0-43-generic x86_64) (WARNING: The server did not provide any stacktrace information)
Command duration or timeout: 20 milliseconds
For documentation on this error, please visit: http://seleniumhq.org/exceptions/no_such_element.html
Build info: version: &apos;2.44.0&apos;, revision: &apos;76d78cf&apos;, time: &apos;2014-10-23 20:03:00&apos;
System info: host: &apos;kustommade-desktop&apos;, ip: &apos;127.0.1.1&apos;, os.name: &apos;Linux&apos;, os.arch: &apos;amd64&apos;, os.version: &apos;3.16.0-43-generic&apos;, java.version: &apos;1.8.0_45&apos;
Driver info: org.openqa.selenium.chrome.ChromeDriver
Capabilities [{applicationCacheEnabled=false, rotatable=false, chrome={userDataDir=/tmp/.com.google.Chrome.6yxo5y}, takesHeapSnapshot=true, databaseEnabled=false, handlesAlerts=true, version=43.0.2357.134, platform=LINUX, browserConnectionEnabled=false, nativeEvents=true, acceptSslCerts=true, locationContextEnabled=true, webStorageEnabled=true, browserName=chrome, takesScreenshot=true, javascriptEnabled=true, cssSelectorsEnabled=true}]
Session ID: f8827a501583b30ecda46853b4bdde7a
	at org.openqa.selenium.remote.ErrorHandler.createThrowable(ErrorHandler.java:204)
	at org.openqa.selenium.remote.ErrorHandler.throwIfResponseFailed(ErrorHandler.java:156)
	at org.openqa.selenium.remote.RemoteWebDriver.execute(RemoteWebDriver.java:599)
	at org.openqa.selenium.remote.RemoteWebDriver.findElement(RemoteWebDriver.java:352)
	at org.openqa.selenium.remote.RemoteWebDriver.findElementByXPath(RemoteWebDriver.java:449)
	at org.openqa.selenium.By$ByXPath.findElement(By.java:357)
	at org.openqa.selenium.remote.RemoteWebDriver.findElement(RemoteWebDriver.java:344)
	at Signup.LandingPage.signinGoogle(Unknown Source)
	at Signup.LandingPage.Landingpage(Unknown Source)
... Removed 27 stack frames<br/> org.openqa.selenium.NoSuchElementException: no such element
  (Session info: chrome=43.0.2357.134)
  (Driver info: chromedriver=2.9.248304,platform=Linux 3.16.0-43-generic x86_64) (WARNING: The server did not provide any stacktrace information)
Command duration or timeout: 20 milliseconds
For documentation on this error, please visit: http://seleniumhq.org/exceptions/no_such_element.html
Build info: version: &apos;2.44.0&apos;, revision: &apos;76d78cf&apos;, time: &apos;2014-10-23 20:03:00&apos;
System info: host: &apos;kustommade-desktop&apos;, ip: &apos;127.0.1.1&apos;, os.name: &apos;Linux&apos;, os.arch: &apos;amd64&apos;, os.version: &apos;3.16.0-43-generic&apos;, java.version: &apos;1.8.0_45&apos;
Driver info: org.openqa.selenium.chrome.ChromeDriver
Capabilities [{applicationCacheEnabled=false, rotatable=false, chrome={userDataDir=/tmp/.com.google.Chrome.6yxo5y}, takesHeapSnapshot=true, databaseEnabled=false, handlesAlerts=true, version=43.0.2357.134, platform=LINUX, browserConnectionEnabled=false, nativeEvents=true, acceptSslCerts=true, locationContextEnabled=true, webStorageEnabled=true, browserName=chrome, takesScreenshot=true, javascriptEnabled=true, cssSelectorsEnabled=true}]
Session ID: f8827a501583b30ecda46853b4bdde7a
	at sun.reflect.NativeConstructorAccessorImpl.newInstance0(Native Method)
	at sun.reflect.NativeConstructorAccessorImpl.newInstance(NativeConstructorAccessorImpl.java:62)
	at sun.reflect.DelegatingConstructorAccessorImpl.newInstance(DelegatingConstructorAccessorImpl.java:45)
	at java.lang.reflect.Constructor.newInstance(Constructor.java:422)
	at org.openqa.selenium.remote.ErrorHandler.createThrowable(ErrorHandler.java:204)
	at org.openqa.selenium.remote.ErrorHandler.throwIfResponseFailed(ErrorHandler.java:156)
	at org.openqa.selenium.remote.RemoteWebDriver.execute(RemoteWebDriver.java:599)
	at org.openqa.selenium.remote.RemoteWebDriver.findElement(RemoteWebDriver.java:352)
	at org.openqa.selenium.remote.RemoteWebDriver.findElementByXPath(RemoteWebDriver.java:449)
	at org.openqa.selenium.By$ByXPath.findElement(By.java:357)
	at org.openqa.selenium.remote.RemoteWebDriver.findElement(RemoteWebDriver.java:344)
	at Signup.LandingPage.signinGoogle(Unknown Source)
	at Signup.LandingPage.Landingpage(Unknown Source)
	at sun.reflect.NativeMethodAccessorImpl.invoke0(Native Method)
	at sun.reflect.NativeMethodAccessorImpl.invoke(NativeMethodAccessorImpl.java:62)
	at sun.reflect.DelegatingMethodAccessorImpl.invoke(DelegatingMethodAccessorImpl.java:43)
	at java.lang.reflect.Method.invoke(Method.java:497)
	at org.testng.internal.MethodInvocationHelper.invokeMethod(MethodInvocationHelper.java:80)
	at org.testng.internal.Invoker.invokeMethod(Invoker.java:714)
	at org.testng.internal.Invoker.invokeTestMethod(Invoker.java:901)
	at org.testng.internal.Invoker.invokeTestMethods(Invoker.java:1231)
	at org.testng.internal.TestMethodWorker.invokeTestMethods(TestMethodWorker.java:127)
	at org.testng.internal.TestMethodWorker.run(TestMethodWorker.java:111)
	at org.testng.TestRunner.privateRun(TestRunner.java:767)
	at org.testng.TestRunner.run(TestRunner.java:617)
	at org.testng.SuiteRunner.runTest(SuiteRunner.java:334)
	at org.testng.SuiteRunner.runSequentially(SuiteRunner.java:329)
	at org.testng.SuiteRunner.privateRun(SuiteRunner.java:291)
	at org.testng.SuiteRunner.run(SuiteRunner.java:240)
	at org.testng.SuiteRunnerWorker.runSuite(SuiteRunnerWorker.java:52)
	at org.testng.SuiteRunnerWorker.run(SuiteRunnerWorker.java:86)
	at org.testng.TestNG.runSuitesSequentially(TestNG.java:1198)
	at org.testng.TestNG.runSuitesLocally(TestNG.java:1123)
	at org.testng.TestNG.run(TestNG.java:1031)
	at org.testng.TestNG.privateMain(TestNG.java:1338)
	at org.testng.TestNG.main(TestNG.java:1307)
"</b><br>sun.reflect.NativeConstructorAccessorImpl.newInstance0(Native Method)<br>sun.reflect.NativeConstructorAccessorImpl.newInstance(NativeConstructorAccessorImpl.java:62)<br>sun.reflect.DelegatingConstructorAccessorImpl.newInstance(DelegatingConstructorAccessorImpl.java:45)<br>java.lang.reflect.Constructor.newInstance(Constructor.java:422)<br>org.openqa.selenium.remote.ErrorHandler.createThrowable(ErrorHandler.java:204)<br>org.openqa.selenium.remote.ErrorHandler.throwIfResponseFailed(ErrorHandler.java:156)<br>org.openqa.selenium.remote.RemoteWebDriver.execute(RemoteWebDriver.java:599)<br>org.openqa.selenium.remote.RemoteWebDriver.findElement(RemoteWebDriver.java:352)<br>org.openqa.selenium.remote.RemoteWebDriver.findElementByXPath(RemoteWebDriver.java:449)<br>org.openqa.selenium.By$ByXPath.findElement(By.java:357)<br>org.openqa.selenium.remote.RemoteWebDriver.findElement(RemoteWebDriver.java:344)<br>Signup.LandingPage.signinGoogle(Unknown Source)<br>Signup.LandingPage.Landingpage(Unknown Source)<br>sun.reflect.NativeMethodAccessorImpl.invoke0(Native Method)<br>sun.reflect.NativeMethodAccessorImpl.invoke(NativeMethodAccessorImpl.java:62)<br>sun.reflect.DelegatingMethodAccessorImpl.invoke(DelegatingMethodAccessorImpl.java:43)<br>java.lang.reflect.Method.invoke(Method.java:497)<br>org.testng.internal.MethodInvocationHelper.invokeMethod(MethodInvocationHelper.java:80)<br>org.testng.internal.Invoker.invokeMethod(Invoker.java:714)<br>org.testng.internal.Invoker.invokeTestMethod(Invoker.java:901)<br>org.testng.internal.Invoker.invokeTestMethods(Invoker.java:1231)<br>org.testng.internal.TestMethodWorker.invokeTestMethods(TestMethodWorker.java:127)<br>org.testng.internal.TestMethodWorker.run(TestMethodWorker.java:111)<br>org.testng.TestRunner.privateRun(TestRunner.java:767)<br>org.testng.TestRunner.run(TestRunner.java:617)<br>org.testng.SuiteRunner.runTest(SuiteRunner.java:334)<br>org.testng.SuiteRunner.runSequentially(SuiteRunner.java:329)<br>org.testng.SuiteRunner.privateRun(SuiteRunner.java:291)<br>org.testng.SuiteRunner.run(SuiteRunner.java:240)<br>org.testng.SuiteRunnerWorker.runSuite(SuiteRunnerWorker.java:52)<br>org.testng.SuiteRunnerWorker.run(SuiteRunnerWorker.java:86)<br>org.testng.TestNG.runSuitesSequentially(TestNG.java:1198)<br>org.testng.TestNG.runSuitesLocally(TestNG.java:1123)<br>org.testng.TestNG.run(TestNG.java:1031)<br>org.testng.TestNG.privateMain(TestNG.java:1338)<br>org.testng.TestNG.main(TestNG.java:1307)<br>
</div> <!-- stack-trace -->
                </div> <!-- method-content -->
              </div> <!-- method -->
            </div> <!-- main-panel-content rounded-window-bottom -->
          </div> <!-- suite-Wardrobe-class-failed -->
          <div class="suite-Wardrobe-class-failed">
            <div class="main-panel-header rounded-window-top">
              <img src="failed.png"/>
              <span class="class-name">Signup.InteriorsPage</span>
            </div> <!-- main-panel-header rounded-window-top -->
            <div class="main-panel-content rounded-window-bottom">
              <div class="method">
                <div class="method-content">
                  <a name="Interiorspage(http://root.test.customfurnish.com/)">
                  </a> <!-- Interiorspage(http://root.test.customfurnish.com/) -->
                  <span class="method-name">Interiorspage</span>
                  <span class="parameters">(http://root.test.customfurnish.com/)</span>
                  <div class="stack-trace"><b>"org.openqa.selenium.NoSuchElementException: no such element
  (Session info: chrome=43.0.2357.134)
  (Driver info: chromedriver=2.9.248304,platform=Linux 3.16.0-43-generic x86_64) (WARNING: The server did not provide any stacktrace information)
Command duration or timeout: 12 milliseconds
For documentation on this error, please visit: http://seleniumhq.org/exceptions/no_such_element.html
Build info: version: &apos;2.44.0&apos;, revision: &apos;76d78cf&apos;, time: &apos;2014-10-23 20:03:00&apos;
System info: host: &apos;kustommade-desktop&apos;, ip: &apos;127.0.1.1&apos;, os.name: &apos;Linux&apos;, os.arch: &apos;amd64&apos;, os.version: &apos;3.16.0-43-generic&apos;, java.version: &apos;1.8.0_45&apos;
Driver info: org.openqa.selenium.chrome.ChromeDriver
Capabilities [{applicationCacheEnabled=false, rotatable=false, chrome={userDataDir=/tmp/.com.google.Chrome.ZNa1z2}, takesHeapSnapshot=true, databaseEnabled=false, handlesAlerts=true, version=43.0.2357.134, platform=LINUX, browserConnectionEnabled=false, nativeEvents=true, acceptSslCerts=true, locationContextEnabled=true, webStorageEnabled=true, browserName=chrome, takesScreenshot=true, javascriptEnabled=true, cssSelectorsEnabled=true}]
Session ID: 6690336dbc191f391a6f6e706d0372a5
	at org.openqa.selenium.remote.ErrorHandler.createThrowable(ErrorHandler.java:204)
	at org.openqa.selenium.remote.ErrorHandler.throwIfResponseFailed(ErrorHandler.java:156)
	at org.openqa.selenium.remote.RemoteWebDriver.execute(RemoteWebDriver.java:599)
	at org.openqa.selenium.remote.RemoteWebDriver.findElement(RemoteWebDriver.java:352)
	at org.openqa.selenium.remote.RemoteWebDriver.findElementByXPath(RemoteWebDriver.java:449)
	at org.openqa.selenium.By$ByXPath.findElement(By.java:357)
	at org.openqa.selenium.remote.RemoteWebDriver.findElement(RemoteWebDriver.java:344)
	at Signup.InteriorsPage.navigateInteriorsPage(Unknown Source)
	at Signup.InteriorsPage.Interiorspage(Unknown Source)
... Removed 27 stack frames<br/> org.openqa.selenium.NoSuchElementException: no such element
  (Session info: chrome=43.0.2357.134)
  (Driver info: chromedriver=2.9.248304,platform=Linux 3.16.0-43-generic x86_64) (WARNING: The server did not provide any stacktrace information)
Command duration or timeout: 12 milliseconds
For documentation on this error, please visit: http://seleniumhq.org/exceptions/no_such_element.html
Build info: version: &apos;2.44.0&apos;, revision: &apos;76d78cf&apos;, time: &apos;2014-10-23 20:03:00&apos;
System info: host: &apos;kustommade-desktop&apos;, ip: &apos;127.0.1.1&apos;, os.name: &apos;Linux&apos;, os.arch: &apos;amd64&apos;, os.version: &apos;3.16.0-43-generic&apos;, java.version: &apos;1.8.0_45&apos;
Driver info: org.openqa.selenium.chrome.ChromeDriver
Capabilities [{applicationCacheEnabled=false, rotatable=false, chrome={userDataDir=/tmp/.com.google.Chrome.ZNa1z2}, takesHeapSnapshot=true, databaseEnabled=false, handlesAlerts=true, version=43.0.2357.134, platform=LINUX, browserConnectionEnabled=false, nativeEvents=true, acceptSslCerts=true, locationContextEnabled=true, webStorageEnabled=true, browserName=chrome, takesScreenshot=true, javascriptEnabled=true, cssSelectorsEnabled=true}]
Session ID: 6690336dbc191f391a6f6e706d0372a5
	at sun.reflect.NativeConstructorAccessorImpl.newInstance0(Native Method)
	at sun.reflect.NativeConstructorAccessorImpl.newInstance(NativeConstructorAccessorImpl.java:62)
	at sun.reflect.DelegatingConstructorAccessorImpl.newInstance(DelegatingConstructorAccessorImpl.java:45)
	at java.lang.reflect.Constructor.newInstance(Constructor.java:422)
	at org.openqa.selenium.remote.ErrorHandler.createThrowable(ErrorHandler.java:204)
	at org.openqa.selenium.remote.ErrorHandler.throwIfResponseFailed(ErrorHandler.java:156)
	at org.openqa.selenium.remote.RemoteWebDriver.execute(RemoteWebDriver.java:599)
	at org.openqa.selenium.remote.RemoteWebDriver.findElement(RemoteWebDriver.java:352)
	at org.openqa.selenium.remote.RemoteWebDriver.findElementByXPath(RemoteWebDriver.java:449)
	at org.openqa.selenium.By$ByXPath.findElement(By.java:357)
	at org.openqa.selenium.remote.RemoteWebDriver.findElement(RemoteWebDriver.java:344)
	at Signup.InteriorsPage.navigateInteriorsPage(Unknown Source)
	at Signup.InteriorsPage.Interiorspage(Unknown Source)
	at sun.reflect.NativeMethodAccessorImpl.invoke0(Native Method)
	at sun.reflect.NativeMethodAccessorImpl.invoke(NativeMethodAccessorImpl.java:62)
	at sun.reflect.DelegatingMethodAccessorImpl.invoke(DelegatingMethodAccessorImpl.java:43)
	at java.lang.reflect.Method.invoke(Method.java:497)
	at org.testng.internal.MethodInvocationHelper.invokeMethod(MethodInvocationHelper.java:80)
	at org.testng.internal.Invoker.invokeMethod(Invoker.java:714)
	at org.testng.internal.Invoker.invokeTestMethod(Invoker.java:901)
	at org.testng.internal.Invoker.invokeTestMethods(Invoker.java:1231)
	at org.testng.internal.TestMethodWorker.invokeTestMethods(TestMethodWorker.java:127)
	at org.testng.internal.TestMethodWorker.run(TestMethodWorker.java:111)
	at org.testng.TestRunner.privateRun(TestRunner.java:767)
	at org.testng.TestRunner.run(TestRunner.java:617)
	at org.testng.SuiteRunner.runTest(SuiteRunner.java:334)
	at org.testng.SuiteRunner.runSequentially(SuiteRunner.java:329)
	at org.testng.SuiteRunner.privateRun(SuiteRunner.java:291)
	at org.testng.SuiteRunner.run(SuiteRunner.java:240)
	at org.testng.SuiteRunnerWorker.runSuite(SuiteRunnerWorker.java:52)
	at org.testng.SuiteRunnerWorker.run(SuiteRunnerWorker.java:86)
	at org.testng.TestNG.runSuitesSequentially(TestNG.java:1198)
	at org.testng.TestNG.runSuitesLocally(TestNG.java:1123)
	at org.testng.TestNG.run(TestNG.java:1031)
	at org.testng.TestNG.privateMain(TestNG.java:1338)
	at org.testng.TestNG.main(TestNG.java:1307)
"</b><br>sun.reflect.NativeConstructorAccessorImpl.newInstance0(Native Method)<br>sun.reflect.NativeConstructorAccessorImpl.newInstance(NativeConstructorAccessorImpl.java:62)<br>sun.reflect.DelegatingConstructorAccessorImpl.newInstance(DelegatingConstructorAccessorImpl.java:45)<br>java.lang.reflect.Constructor.newInstance(Constructor.java:422)<br>org.openqa.selenium.remote.ErrorHandler.createThrowable(ErrorHandler.java:204)<br>org.openqa.selenium.remote.ErrorHandler.throwIfResponseFailed(ErrorHandler.java:156)<br>org.openqa.selenium.remote.RemoteWebDriver.execute(RemoteWebDriver.java:599)<br>org.openqa.selenium.remote.RemoteWebDriver.findElement(RemoteWebDriver.java:352)<br>org.openqa.selenium.remote.RemoteWebDriver.findElementByXPath(RemoteWebDriver.java:449)<br>org.openqa.selenium.By$ByXPath.findElement(By.java:357)<br>org.openqa.selenium.remote.RemoteWebDriver.findElement(RemoteWebDriver.java:344)<br>Signup.InteriorsPage.navigateInteriorsPage(Unknown Source)<br>Signup.InteriorsPage.Interiorspage(Unknown Source)<br>sun.reflect.NativeMethodAccessorImpl.invoke0(Native Method)<br>sun.reflect.NativeMethodAccessorImpl.invoke(NativeMethodAccessorImpl.java:62)<br>sun.reflect.DelegatingMethodAccessorImpl.invoke(DelegatingMethodAccessorImpl.java:43)<br>java.lang.reflect.Method.invoke(Method.java:497)<br>org.testng.internal.MethodInvocationHelper.invokeMethod(MethodInvocationHelper.java:80)<br>org.testng.internal.Invoker.invokeMethod(Invoker.java:714)<br>org.testng.internal.Invoker.invokeTestMethod(Invoker.java:901)<br>org.testng.internal.Invoker.invokeTestMethods(Invoker.java:1231)<br>org.testng.internal.TestMethodWorker.invokeTestMethods(TestMethodWorker.java:127)<br>org.testng.internal.TestMethodWorker.run(TestMethodWorker.java:111)<br>org.testng.TestRunner.privateRun(TestRunner.java:767)<br>org.testng.TestRunner.run(TestRunner.java:617)<br>org.testng.SuiteRunner.runTest(SuiteRunner.java:334)<br>org.testng.SuiteRunner.runSequentially(SuiteRunner.java:329)<br>org.testng.SuiteRunner.privateRun(SuiteRunner.java:291)<br>org.testng.SuiteRunner.run(SuiteRunner.java:240)<br>org.testng.SuiteRunnerWorker.runSuite(SuiteRunnerWorker.java:52)<br>org.testng.SuiteRunnerWorker.run(SuiteRunnerWorker.java:86)<br>org.testng.TestNG.runSuitesSequentially(TestNG.java:1198)<br>org.testng.TestNG.runSuitesLocally(TestNG.java:1123)<br>org.testng.TestNG.run(TestNG.java:1031)<br>org.testng.TestNG.privateMain(TestNG.java:1338)<br>org.testng.TestNG.main(TestNG.java:1307)<br>
</div> <!-- stack-trace -->
                </div> <!-- method-content -->
              </div> <!-- method -->
            </div> <!-- main-panel-content rounded-window-bottom -->
          </div> <!-- suite-Wardrobe-class-failed -->
          <div class="suite-Wardrobe-class-passed">
            <div class="main-panel-header rounded-window-top">
              <img src="passed.png"/>
              <span class="class-name">SlidingDoors.SlidingDoorsChange</span>
            </div> <!-- main-panel-header rounded-window-top -->
            <div class="main-panel-content rounded-window-bottom">
              <div class="method">
                <div class="method-content">
                  <a name="slidingdoorchange(http://root.test.customfurnish.com/)">
                  </a> <!-- slidingdoorchange(http://root.test.customfurnish.com/) -->
                  <span class="method-name">slidingdoorchange</span>
                  <span class="parameters">(http://root.test.customfurnish.com/)</span>
                </div> <!-- method-content -->
              </div> <!-- method -->
            </div> <!-- main-panel-content rounded-window-bottom -->
          </div> <!-- suite-Wardrobe-class-passed -->
          <div class="suite-Wardrobe-class-passed">
            <div class="main-panel-header rounded-window-top">
              <img src="passed.png"/>
              <span class="class-name">LinksLandingPage.LinksLandingPage</span>
            </div> <!-- main-panel-header rounded-window-top -->
            <div class="main-panel-content rounded-window-bottom">
              <div class="method">
                <div class="method-content">
                  <a name="LandingPage(http://root.test.customfurnish.com/)">
                  </a> <!-- LandingPage(http://root.test.customfurnish.com/) -->
                  <span class="method-name">LandingPage</span>
                  <span class="parameters">(http://root.test.customfurnish.com/)</span>
                </div> <!-- method-content -->
              </div> <!-- method -->
            </div> <!-- main-panel-content rounded-window-bottom -->
          </div> <!-- suite-Wardrobe-class-passed -->
          <div class="suite-Wardrobe-class-passed">
            <div class="main-panel-header rounded-window-top">
              <img src="passed.png"/>
              <span class="class-name">CheckTemplates.CheckTemplates</span>
            </div> <!-- main-panel-header rounded-window-top -->
            <div class="main-panel-content rounded-window-bottom">
              <div class="method">
                <div class="method-content">
                  <a name="checkRedirection(http://root.test.customfurnish.com/)">
                  </a> <!-- checkRedirection(http://root.test.customfurnish.com/) -->
                  <span class="method-name">checkRedirection</span>
                  <span class="parameters">(http://root.test.customfurnish.com/)</span>
                </div> <!-- method-content -->
              </div> <!-- method -->
            </div> <!-- main-panel-content rounded-window-bottom -->
          </div> <!-- suite-Wardrobe-class-passed -->
          <div class="suite-Wardrobe-class-passed">
            <div class="main-panel-header rounded-window-top">
              <img src="passed.png"/>
              <span class="class-name">SpecialCase.SpecialCase</span>
            </div> <!-- main-panel-header rounded-window-top -->
            <div class="main-panel-content rounded-window-bottom">
              <div class="method">
                <div class="method-content">
                  <a name="specialCase(http://root.test.customfurnish.com/)">
                  </a> <!-- specialCase(http://root.test.customfurnish.com/) -->
                  <span class="method-name">specialCase</span>
                  <span class="parameters">(http://root.test.customfurnish.com/)</span>
                </div> <!-- method-content -->
              </div> <!-- method -->
            </div> <!-- main-panel-content rounded-window-bottom -->
          </div> <!-- suite-Wardrobe-class-passed -->
          <div class="suite-Wardrobe-class-passed">
            <div class="main-panel-header rounded-window-top">
              <img src="passed.png"/>
              <span class="class-name">Signup_v2.Signup</span>
            </div> <!-- main-panel-header rounded-window-top -->
            <div class="main-panel-content rounded-window-bottom">
              <div class="method">
                <div class="method-content">
                  <a name="Accessoriespage(http://root.test.customfurnish.com/)">
                  </a> <!-- Accessoriespage(http://root.test.customfurnish.com/) -->
                  <span class="method-name">Accessoriespage</span>
                  <span class="parameters">(http://root.test.customfurnish.com/)</span>
                </div> <!-- method-content -->
              </div> <!-- method -->
              <div class="method">
                <div class="method-content">
                  <a name="Cartpage(http://root.test.customfurnish.com/)">
                  </a> <!-- Cartpage(http://root.test.customfurnish.com/) -->
                  <span class="method-name">Cartpage</span>
                  <span class="parameters">(http://root.test.customfurnish.com/)</span>
                </div> <!-- method-content -->
              </div> <!-- method -->
              <div class="method">
                <div class="method-content">
                  <a name="Dimensionspage(http://root.test.customfurnish.com/)">
                  </a> <!-- Dimensionspage(http://root.test.customfurnish.com/) -->
                  <span class="method-name">Dimensionspage</span>
                  <span class="parameters">(http://root.test.customfurnish.com/)</span>
                </div> <!-- method-content -->
              </div> <!-- method -->
              <div class="method">
                <div class="method-content">
                  <a name="DoorTypepage(http://root.test.customfurnish.com/)">
                  </a> <!-- DoorTypepage(http://root.test.customfurnish.com/) -->
                  <span class="method-name">DoorTypepage</span>
                  <span class="parameters">(http://root.test.customfurnish.com/)</span>
                </div> <!-- method-content -->
              </div> <!-- method -->
              <div class="method">
                <div class="method-content">
                  <a name="Exteriorspage(http://root.test.customfurnish.com/)">
                  </a> <!-- Exteriorspage(http://root.test.customfurnish.com/) -->
                  <span class="method-name">Exteriorspage</span>
                  <span class="parameters">(http://root.test.customfurnish.com/)</span>
                </div> <!-- method-content -->
              </div> <!-- method -->
              <div class="method">
                <div class="method-content">
                  <a name="Interiorspage(http://root.test.customfurnish.com/)">
                  </a> <!-- Interiorspage(http://root.test.customfurnish.com/) -->
                  <span class="method-name">Interiorspage</span>
                  <span class="parameters">(http://root.test.customfurnish.com/)</span>
                </div> <!-- method-content -->
              </div> <!-- method -->
              <div class="method">
                <div class="method-content">
                  <a name="Landingpage(http://root.test.customfurnish.com/)">
                  </a> <!-- Landingpage(http://root.test.customfurnish.com/) -->
                  <span class="method-name">Landingpage</span>
                  <span class="parameters">(http://root.test.customfurnish.com/)</span>
                </div> <!-- method-content -->
              </div> <!-- method -->
              <div class="method">
                <div class="method-content">
                  <a name="Orderpage(http://root.test.customfurnish.com/)">
                  </a> <!-- Orderpage(http://root.test.customfurnish.com/) -->
                  <span class="method-name">Orderpage</span>
                  <span class="parameters">(http://root.test.customfurnish.com/)</span>
                </div> <!-- method-content -->
              </div> <!-- method -->
              <div class="method">
                <div class="method-content">
                  <a name="Subscribe(http://root.test.customfurnish.com/)">
                  </a> <!-- Subscribe(http://root.test.customfurnish.com/) -->
                  <span class="method-name">Subscribe</span>
                  <span class="parameters">(http://root.test.customfurnish.com/)</span>
                </div> <!-- method-content -->
              </div> <!-- method -->
              <div class="method">
                <div class="method-content">
                  <a name="Templatespage(http://root.test.customfurnish.com/)">
                  </a> <!-- Templatespage(http://root.test.customfurnish.com/) -->
                  <span class="method-name">Templatespage</span>
                  <span class="parameters">(http://root.test.customfurnish.com/)</span>
                </div> <!-- method-content -->
              </div> <!-- method -->
            </div> <!-- main-panel-content rounded-window-bottom -->
          </div> <!-- suite-Wardrobe-class-passed -->
          <div class="suite-Wardrobe-class-passed">
            <div class="main-panel-header rounded-window-top">
              <img src="passed.png"/>
              <span class="class-name">OrderPage.OrderPage</span>
            </div> <!-- main-panel-header rounded-window-top -->
            <div class="main-panel-content rounded-window-bottom">
              <div class="method">
                <div class="method-content">
                  <a name="Orderpage(http://root.test.customfurnish.com/)">
                  </a> <!-- Orderpage(http://root.test.customfurnish.com/) -->
                  <span class="method-name">Orderpage</span>
                  <span class="parameters">(http://root.test.customfurnish.com/)</span>
                </div> <!-- method-content -->
              </div> <!-- method -->
            </div> <!-- main-panel-content rounded-window-bottom -->
          </div> <!-- suite-Wardrobe-class-passed -->
          <div class="suite-Wardrobe-class-passed">
            <div class="main-panel-header rounded-window-top">
              <img src="passed.png"/>
              <span class="class-name">LandPageTemplates.CheckRedirection</span>
            </div> <!-- main-panel-header rounded-window-top -->
            <div class="main-panel-content rounded-window-bottom">
              <div class="method">
                <div class="method-content">
                  <a name="Checkredirection(http://root.test.customfurnish.com/)">
                  </a> <!-- Checkredirection(http://root.test.customfurnish.com/) -->
                  <span class="method-name">Checkredirection</span>
                  <span class="parameters">(http://root.test.customfurnish.com/)</span>
                </div> <!-- method-content -->
              </div> <!-- method -->
            </div> <!-- main-panel-content rounded-window-bottom -->
          </div> <!-- suite-Wardrobe-class-passed -->
          <div class="suite-Wardrobe-class-passed">
            <div class="main-panel-header rounded-window-top">
              <img src="passed.png"/>
              <span class="class-name">Signup.Subscribe</span>
            </div> <!-- main-panel-header rounded-window-top -->
            <div class="main-panel-content rounded-window-bottom">
              <div class="method">
                <div class="method-content">
                  <a name="subscribe(http://root.test.customfurnish.com/)">
                  </a> <!-- subscribe(http://root.test.customfurnish.com/) -->
                  <span class="method-name">subscribe</span>
                  <span class="parameters">(http://root.test.customfurnish.com/)</span>
                </div> <!-- method-content -->
              </div> <!-- method -->
            </div> <!-- main-panel-content rounded-window-bottom -->
          </div> <!-- suite-Wardrobe-class-passed -->
          <div class="suite-Wardrobe-class-passed">
            <div class="main-panel-header rounded-window-top">
              <img src="passed.png"/>
              <span class="class-name">AccessoriesPrice.AccessoriesPrice</span>
            </div> <!-- main-panel-header rounded-window-top -->
            <div class="main-panel-content rounded-window-bottom">
              <div class="method">
                <div class="method-content">
                  <a name="CheckAccessoriesPrice(http://root.test.customfurnish.com/)">
                  </a> <!-- CheckAccessoriesPrice(http://root.test.customfurnish.com/) -->
                  <span class="method-name">CheckAccessoriesPrice</span>
                  <span class="parameters">(http://root.test.customfurnish.com/)</span>
                </div> <!-- method-content -->
              </div> <!-- method -->
            </div> <!-- main-panel-content rounded-window-bottom -->
          </div> <!-- suite-Wardrobe-class-passed -->
          <div class="suite-Wardrobe-class-passed">
            <div class="main-panel-header rounded-window-top">
              <img src="passed.png"/>
              <span class="class-name">CartPage.CartPage</span>
            </div> <!-- main-panel-header rounded-window-top -->
            <div class="main-panel-content rounded-window-bottom">
              <div class="method">
                <div class="method-content">
                  <a name="Cartpage(http://root.test.customfurnish.com/)">
                  </a> <!-- Cartpage(http://root.test.customfurnish.com/) -->
                  <span class="method-name">Cartpage</span>
                  <span class="parameters">(http://root.test.customfurnish.com/)</span>
                </div> <!-- method-content -->
              </div> <!-- method -->
            </div> <!-- main-panel-content rounded-window-bottom -->
          </div> <!-- suite-Wardrobe-class-passed -->
          <div class="suite-Wardrobe-class-passed">
            <div class="main-panel-header rounded-window-top">
              <img src="passed.png"/>
              <span class="class-name">SaveDesign.SaveDesign</span>
            </div> <!-- main-panel-header rounded-window-top -->
            <div class="main-panel-content rounded-window-bottom">
              <div class="method">
                <div class="method-content">
                  <a name="Exteriors(http://root.test.customfurnish.com/)">
                  </a> <!-- Exteriors(http://root.test.customfurnish.com/) -->
                  <span class="method-name">Exteriors</span>
                  <span class="parameters">(http://root.test.customfurnish.com/)</span>
                </div> <!-- method-content -->
              </div> <!-- method -->
              <div class="method">
                <div class="method-content">
                  <a name="Interiors(http://root.test.customfurnish.com/)">
                  </a> <!-- Interiors(http://root.test.customfurnish.com/) -->
                  <span class="method-name">Interiors</span>
                  <span class="parameters">(http://root.test.customfurnish.com/)</span>
                </div> <!-- method-content -->
              </div> <!-- method -->
            </div> <!-- main-panel-content rounded-window-bottom -->
          </div> <!-- suite-Wardrobe-class-passed -->
        </div> <!-- panel Wardrobe -->
        <div panel-name="test-xml-Wardrobe" class="panel">
          <div class="main-panel-header rounded-window-top">
            <span class="header-content">/home/kustommade/workspace/Wardrobe/testng.xml</span>
          </div> <!-- main-panel-header rounded-window-top -->
          <div class="main-panel-content rounded-window-bottom">
            <pre>
&lt;?xml version=&quot;1.0&quot; encoding=&quot;UTF-8&quot;?&gt;
&lt;!DOCTYPE suite SYSTEM &quot;http://testng.org/testng-1.0.dtd&quot;&gt;
&lt;suite name=&quot;Wardrobe&quot;&gt;
  &lt;parameter name=&quot;url&quot; value=&quot;http://root.test.customfurnish.com/&quot;/&gt;
  &lt;test name=&quot;AccessoriesPricing&quot;&gt;
    &lt;classes&gt;
      &lt;class name=&quot;AccessoriesPrice.AccessoriesPrice&quot;/&gt;
    &lt;/classes&gt;
  &lt;/test&gt; &lt;!-- AccessoriesPricing --&gt;
  &lt;test name=&quot;CartPage&quot;&gt;
    &lt;classes&gt;
      &lt;class name=&quot;CartPage.CartPage&quot;/&gt;
    &lt;/classes&gt;
  &lt;/test&gt; &lt;!-- CartPage --&gt;
  &lt;test name=&quot;CheckTemplates&quot;&gt;
    &lt;classes&gt;
      &lt;class name=&quot;CheckTemplates.CheckTemplates&quot;/&gt;
    &lt;/classes&gt;
  &lt;/test&gt; &lt;!-- CheckTemplates --&gt;
  &lt;test name=&quot;ExtremeDimensions&quot;&gt;
    &lt;classes&gt;
      &lt;class name=&quot;ExtremeDimensions.ExtremeDimensions&quot;/&gt;
    &lt;/classes&gt;
  &lt;/test&gt; &lt;!-- ExtremeDimensions --&gt;
  &lt;test name=&quot;ForgotPassword&quot;&gt;
    &lt;classes&gt;
      &lt;class name=&quot;ForgotPassword.ForgotPassword&quot;/&gt;
    &lt;/classes&gt;
  &lt;/test&gt; &lt;!-- ForgotPassword --&gt;
  &lt;test name=&quot;LandPageTemplates&quot;&gt;
    &lt;classes&gt;
      &lt;class name=&quot;LandPageTemplates.CheckRedirection&quot;/&gt;
    &lt;/classes&gt;
  &lt;/test&gt; &lt;!-- LandPageTemplates --&gt;
  &lt;test name=&quot;LinksLandingPage&quot;&gt;
    &lt;classes&gt;
      &lt;class name=&quot;LinksLandingPage.LinksLandingPage&quot;/&gt;
    &lt;/classes&gt;
  &lt;/test&gt; &lt;!-- LinksLandingPage --&gt;
  &lt;test name=&quot;OrderPage&quot;&gt;
    &lt;classes&gt;
      &lt;class name=&quot;OrderPage.OrderPage&quot;/&gt;
    &lt;/classes&gt;
  &lt;/test&gt; &lt;!-- OrderPage --&gt;
  &lt;test name=&quot;Sliding Doors Change&quot;&gt;
    &lt;classes&gt;
      &lt;class name=&quot;SlidingDoors.SlidingDoorsChange&quot;/&gt;
    &lt;/classes&gt;
  &lt;/test&gt; &lt;!-- Sliding Doors Change --&gt;
  &lt;test name=&quot;SaveDesign&quot;&gt;
    &lt;classes&gt;
      &lt;class name=&quot;SaveDesign.SaveDesign&quot;/&gt;
    &lt;/classes&gt;
  &lt;/test&gt; &lt;!-- SaveDesign --&gt;
  &lt;test name=&quot;Signup&quot;&gt;
    &lt;classes&gt;
      &lt;class name=&quot;Signup.LandingPage&quot;/&gt;
      &lt;class name=&quot;Signup.TemplatesPage&quot;/&gt;
      &lt;class name=&quot;Signup.DimensionsPage&quot;/&gt;
      &lt;class name=&quot;Signup.DoorTypePage&quot;/&gt;
      &lt;class name=&quot;Signup.InteriorsPage&quot;/&gt;
      &lt;class name=&quot;Signup.ExteriorsPage&quot;/&gt;
      &lt;class name=&quot;Signup.AccessoriesPage&quot;/&gt;
      &lt;class name=&quot;Signup.OrderPage&quot;/&gt;
      &lt;class name=&quot;Signup.Subscribe&quot;/&gt;
      &lt;class name=&quot;Signup.CartPage&quot;/&gt;
    &lt;/classes&gt;
  &lt;/test&gt; &lt;!-- Signup --&gt;
  &lt;test name=&quot;Signup_v2&quot;&gt;
    &lt;classes&gt;
      &lt;class name=&quot;Signup_v2.Signup&quot;/&gt;
    &lt;/classes&gt;
  &lt;/test&gt; &lt;!-- Signup_v2 --&gt;
  &lt;test name=&quot;Special Case&quot;&gt;
    &lt;classes&gt;
      &lt;class name=&quot;SpecialCase.SpecialCase&quot;/&gt;
    &lt;/classes&gt;
  &lt;/test&gt; &lt;!-- Special Case --&gt;
&lt;/suite&gt; &lt;!-- Wardrobe --&gt;
            </pre>
          </div> <!-- main-panel-content rounded-window-bottom -->
        </div> <!-- panel -->
        <div panel-name="testlist-Wardrobe" class="panel">
          <div class="main-panel-header rounded-window-top">
            <span class="header-content">Tests for Wardrobe</span>
          </div> <!-- main-panel-header rounded-window-top -->
          <div class="main-panel-content rounded-window-bottom">
            <ul>
              <li>
                <span class="test-name">AccessoriesPricing (1 class)</span>
              </li>
              <li>
                <span class="test-name">CartPage (1 class)</span>
              </li>
              <li>
                <span class="test-name">CheckTemplates (1 class)</span>
              </li>
              <li>
                <span class="test-name">ExtremeDimensions (1 class)</span>
              </li>
              <li>
                <span class="test-name">ForgotPassword (1 class)</span>
              </li>
              <li>
                <span class="test-name">LandPageTemplates (1 class)</span>
              </li>
              <li>
                <span class="test-name">LinksLandingPage (1 class)</span>
              </li>
              <li>
                <span class="test-name">OrderPage (1 class)</span>
              </li>
              <li>
                <span class="test-name">Sliding Doors Change (1 class)</span>
              </li>
              <li>
                <span class="test-name">SaveDesign (1 class)</span>
              </li>
              <li>
                <span class="test-name">Signup (10 classes)</span>
              </li>
              <li>
                <span class="test-name">Signup_v2 (1 class)</span>
              </li>
              <li>
                <span class="test-name">Special Case (1 class)</span>
              </li>
            </ul>
          </div> <!-- main-panel-content rounded-window-bottom -->
        </div> <!-- panel -->
        <div panel-name="group-Wardrobe" class="panel">
          <div class="main-panel-header rounded-window-top">
            <span class="header-content">Groups for Wardrobe</span>
          </div> <!-- main-panel-header rounded-window-top -->
          <div class="main-panel-content rounded-window-bottom">
          </div> <!-- main-panel-content rounded-window-bottom -->
        </div> <!-- panel -->
        <div panel-name="times-Wardrobe" class="panel">
          <div class="main-panel-header rounded-window-top">
            <span class="header-content">Times for Wardrobe</span>
          </div> <!-- main-panel-header rounded-window-top -->
          <div class="main-panel-content rounded-window-bottom">
            <div class="times-div">
              <script type="text/javascript">
suiteTableInitFunctions.push('tableData_Wardrobe');
function tableData_Wardrobe() {
var data = new google.visualization.DataTable();
data.addColumn('number', 'Number');
data.addColumn('string', 'Method');
data.addColumn('string', 'Class');
data.addColumn('number', 'Time (ms)');
data.addRows(33);
data.setCell(0, 0, 0)
data.setCell(0, 1, 'extremeDimensions')
data.setCell(0, 2, 'ExtremeDimensions.ExtremeDimensions')
data.setCell(0, 3, 609492);
data.setCell(1, 0, 1)
data.setCell(1, 1, 'LandingPage')
data.setCell(1, 2, 'LinksLandingPage.LinksLandingPage')
data.setCell(1, 3, 538144);
data.setCell(2, 0, 2)
data.setCell(2, 1, 'specialCase')
data.setCell(2, 2, 'SpecialCase.SpecialCase')
data.setCell(2, 3, 354455);
data.setCell(3, 0, 3)
data.setCell(3, 1, 'CheckAccessoriesPrice')
data.setCell(3, 2, 'AccessoriesPrice.AccessoriesPrice')
data.setCell(3, 3, 201507);
data.setCell(4, 0, 4)
data.setCell(4, 1, 'Orderpage')
data.setCell(4, 2, 'OrderPage.OrderPage')
data.setCell(4, 3, 172310);
data.setCell(5, 0, 5)
data.setCell(5, 1, 'Cartpage')
data.setCell(5, 2, 'CartPage.CartPage')
data.setCell(5, 3, 136882);
data.setCell(6, 0, 6)
data.setCell(6, 1, 'Interiors')
data.setCell(6, 2, 'SaveDesign.SaveDesign')
data.setCell(6, 3, 132965);
data.setCell(7, 0, 7)
data.setCell(7, 1, 'Exteriors')
data.setCell(7, 2, 'SaveDesign.SaveDesign')
data.setCell(7, 3, 127599);
data.setCell(8, 0, 8)
data.setCell(8, 1, 'slidingdoorchange')
data.setCell(8, 2, 'SlidingDoors.SlidingDoorsChange')
data.setCell(8, 3, 94506);
data.setCell(9, 0, 9)
data.setCell(9, 1, 'Templatespage')
data.setCell(9, 2, 'Signup.TemplatesPage')
data.setCell(9, 3, 90610);
data.setCell(10, 0, 10)
data.setCell(10, 1, 'Dimensionspage')
data.setCell(10, 2, 'Signup.DimensionsPage')
data.setCell(10, 3, 89993);
data.setCell(11, 0, 11)
data.setCell(11, 1, 'Dimensionspage')
data.setCell(11, 2, 'Signup_v2.Signup')
data.setCell(11, 3, 78267);
data.setCell(12, 0, 12)
data.setCell(12, 1, 'Templatespage')
data.setCell(12, 2, 'Signup_v2.Signup')
data.setCell(12, 3, 75019);
data.setCell(13, 0, 13)
data.setCell(13, 1, 'checkRedirection')
data.setCell(13, 2, 'CheckTemplates.CheckTemplates')
data.setCell(13, 3, 64741);
data.setCell(14, 0, 14)
data.setCell(14, 1, 'Landingpage')
data.setCell(14, 2, 'Signup.LandingPage')
data.setCell(14, 3, 64456);
data.setCell(15, 0, 15)
data.setCell(15, 1, 'Landingpage')
data.setCell(15, 2, 'Signup_v2.Signup')
data.setCell(15, 3, 56195);
data.setCell(16, 0, 16)
data.setCell(16, 1, 'forgotPassword')
data.setCell(16, 2, 'ForgotPassword.ForgotPassword')
data.setCell(16, 3, 54348);
data.setCell(17, 0, 17)
data.setCell(17, 1, 'Orderpage')
data.setCell(17, 2, 'Signup_v2.Signup')
data.setCell(17, 3, 27078);
data.setCell(18, 0, 18)
data.setCell(18, 1, 'DoorTypepage')
data.setCell(18, 2, 'Signup_v2.Signup')
data.setCell(18, 3, 23481);
data.setCell(19, 0, 19)
data.setCell(19, 1, 'Interiorspage')
data.setCell(19, 2, 'Signup_v2.Signup')
data.setCell(19, 3, 23395);
data.setCell(20, 0, 20)
data.setCell(20, 1, 'Exteriorspage')
data.setCell(20, 2, 'Signup_v2.Signup')
data.setCell(20, 3, 23382);
data.setCell(21, 0, 21)
data.setCell(21, 1, 'Accessoriespage')
data.setCell(21, 2, 'Signup_v2.Signup')
data.setCell(21, 3, 23365);
data.setCell(22, 0, 22)
data.setCell(22, 1, 'Cartpage')
data.setCell(22, 2, 'Signup_v2.Signup')
data.setCell(22, 3, 23204);
data.setCell(23, 0, 23)
data.setCell(23, 1, 'Subscribe')
data.setCell(23, 2, 'Signup_v2.Signup')
data.setCell(23, 3, 4453);
data.setCell(24, 0, 24)
data.setCell(24, 1, 'subscribe')
data.setCell(24, 2, 'Signup.Subscribe')
data.setCell(24, 3, 3924);
data.setCell(25, 0, 25)
data.setCell(25, 1, 'Accessoriespage')
data.setCell(25, 2, 'Signup.AccessoriesPage')
data.setCell(25, 3, 3547);
data.setCell(26, 0, 26)
data.setCell(26, 1, 'Interiorspage')
data.setCell(26, 2, 'Signup.InteriorsPage')
data.setCell(26, 3, 3543);
data.setCell(27, 0, 27)
data.setCell(27, 1, 'Orderpage')
data.setCell(27, 2, 'Signup.OrderPage')
data.setCell(27, 3, 3537);
data.setCell(28, 0, 28)
data.setCell(28, 1, 'Exteriorspage')
data.setCell(28, 2, 'Signup.ExteriorsPage')
data.setCell(28, 3, 3509);
data.setCell(29, 0, 29)
data.setCell(29, 1, 'Cartpage')
data.setCell(29, 2, 'Signup.CartPage')
data.setCell(29, 3, 3449);
data.setCell(30, 0, 30)
data.setCell(30, 1, 'DoorTypepage')
data.setCell(30, 2, 'Signup.DoorTypePage')
data.setCell(30, 3, 3338);
data.setCell(31, 0, 31)
data.setCell(31, 1, 'checkInformation')
data.setCell(31, 2, 'CheckTemplates.CheckTemplates')
data.setCell(31, 3, 197);
data.setCell(32, 0, 32)
data.setCell(32, 1, 'Checkredirection')
data.setCell(32, 2, 'LandPageTemplates.CheckRedirection')
data.setCell(32, 3, 19);
window.suiteTableData['Wardrobe']= { tableData: data, tableDiv: 'times-div-Wardrobe'}
return data;
}
              </script>
              <span class="suite-total-time">Total running time: 51 minutes</span>
              <div id="times-div-Wardrobe">
              </div> <!-- times-div-Wardrobe -->
            </div> <!-- times-div -->
          </div> <!-- main-panel-content rounded-window-bottom -->
        </div> <!-- panel -->
        <div panel-name="reporter-Wardrobe" class="panel">
          <div class="main-panel-header rounded-window-top">
            <span class="header-content">Reporter output for Wardrobe</span>
          </div> <!-- main-panel-header rounded-window-top -->
          <div class="main-panel-content rounded-window-bottom">
          </div> <!-- main-panel-content rounded-window-bottom -->
        </div> <!-- panel -->
        <div panel-name="ignored-methods-Wardrobe" class="panel">
          <div class="main-panel-header rounded-window-top">
            <span class="header-content">0 ignored methods</span>
          </div> <!-- main-panel-header rounded-window-top -->
          <div class="main-panel-content rounded-window-bottom">
          </div> <!-- main-panel-content rounded-window-bottom -->
        </div> <!-- panel -->
        <div panel-name="chronological-Wardrobe" class="panel">
          <div class="main-panel-header rounded-window-top">
            <span class="header-content">Methods in chronological order</span>
          </div> <!-- main-panel-header rounded-window-top -->
          <div class="main-panel-content rounded-window-bottom">
            <div class="chronological-class">
              <div class="chronological-class-name">AccessoriesPrice.AccessoriesPrice</div> <!-- chronological-class-name -->
              <div class="configuration-method before">
                <span class="method-name">beforeMethod(http://root.test.customfurnish.com/)</span>
                <span class="method-start">0 ms</span>
              </div> <!-- configuration-method before -->
              <div class="test-method">
                <span class="method-name">CheckAccessoriesPrice(http://root.test.customfurnish.com/)</span>
                <span class="method-start">8699 ms</span>
              </div> <!-- test-method -->
              <div class="configuration-method after">
                <span class="method-name">afterMethod</span>
                <span class="method-start">210206 ms</span>
              </div> <!-- configuration-method after -->
            </div> <!-- chronological-class -->
            <div class="chronological-class">
              <div class="chronological-class-name">CartPage.CartPage</div> <!-- chronological-class-name -->
              <div class="configuration-method before">
                <span class="method-name">beforeMethod(http://root.test.customfurnish.com/)</span>
                <span class="method-start">210778 ms</span>
              </div> <!-- configuration-method before -->
              <div class="test-method">
                <span class="method-name">Cartpage(http://root.test.customfurnish.com/)</span>
                <span class="method-start">218872 ms</span>
              </div> <!-- test-method -->
              <div class="configuration-method after">
                <span class="method-name">afterMethod</span>
                <span class="method-start">355754 ms</span>
              </div> <!-- configuration-method after -->
            </div> <!-- chronological-class -->
            <div class="chronological-class">
              <div class="chronological-class-name">CheckTemplates.CheckTemplates</div> <!-- chronological-class-name -->
              <div class="configuration-method before">
                <span class="method-name">beforeMethod(http://root.test.customfurnish.com/)</span>
                <span class="method-start">356322 ms</span>
              </div> <!-- configuration-method before -->
              <div class="test-method">
                <img src="failed.png">
                </img>
                <span class="method-name">checkInformation</span>
                <span class="method-start">366082 ms</span>
              </div> <!-- test-method -->
              <div class="configuration-method after">
                <span class="method-name">afterMethod</span>
                <span class="method-start">366280 ms</span>
              </div> <!-- configuration-method after -->
              <div class="configuration-method before">
                <span class="method-name">beforeMethod(http://root.test.customfurnish.com/)</span>
                <span class="method-start">366835 ms</span>
              </div> <!-- configuration-method before -->
              <div class="test-method">
                <span class="method-name">checkRedirection(http://root.test.customfurnish.com/)</span>
                <span class="method-start">377130 ms</span>
              </div> <!-- test-method -->
              <div class="configuration-method after">
                <span class="method-name">afterMethod</span>
                <span class="method-start">441871 ms</span>
              </div> <!-- configuration-method after -->
            </div> <!-- chronological-class -->
            <div class="chronological-class">
              <div class="chronological-class-name">ExtremeDimensions.ExtremeDimensions</div> <!-- chronological-class-name -->
              <div class="configuration-method before">
                <span class="method-name">beforeMethod(http://root.test.customfurnish.com/)</span>
                <span class="method-start">442455 ms</span>
              </div> <!-- configuration-method before -->
              <div class="test-method">
                <img src="failed.png">
                </img>
                <span class="method-name">extremeDimensions(http://root.test.customfurnish.com/)</span>
                <span class="method-start">443459 ms</span>
              </div> <!-- test-method -->
              <div class="configuration-method after">
                <span class="method-name">afterMethod</span>
                <span class="method-start">1052951 ms</span>
              </div> <!-- configuration-method after -->
            </div> <!-- chronological-class -->
            <div class="chronological-class">
              <div class="chronological-class-name">ForgotPassword.ForgotPassword</div> <!-- chronological-class-name -->
              <div class="configuration-method before">
                <span class="method-name">beforeTest(http://root.test.customfurnish.com/)</span>
                <span class="method-start">1053518 ms</span>
              </div> <!-- configuration-method before -->
              <div class="test-method">
                <img src="failed.png">
                </img>
                <span class="method-name">forgotPassword(http://root.test.customfurnish.com/)</span>
                <span class="method-start">1059711 ms</span>
              </div> <!-- test-method -->
              <div class="configuration-method after">
                <span class="method-name">afterMethod</span>
                <span class="method-start">1114059 ms</span>
              </div> <!-- configuration-method after -->
            </div> <!-- chronological-class -->
            <div class="chronological-class">
              <div class="chronological-class-name">LandPageTemplates.CheckRedirection</div> <!-- chronological-class-name -->
              <div class="configuration-method before">
                <span class="method-name">beforeTest(http://root.test.customfurnish.com/)</span>
                <span class="method-start">1114620 ms</span>
              </div> <!-- configuration-method before -->
              <div class="test-method">
                <span class="method-name">Checkredirection(http://root.test.customfurnish.com/)</span>
                <span class="method-start">1120703 ms</span>
              </div> <!-- test-method -->
              <div class="configuration-method after">
                <span class="method-name">afterMethod</span>
                <span class="method-start">1120722 ms</span>
              </div> <!-- configuration-method after -->
            </div> <!-- chronological-class -->
            <div class="chronological-class">
              <div class="chronological-class-name">LinksLandingPage.LinksLandingPage</div> <!-- chronological-class-name -->
              <div class="configuration-method before">
                <span class="method-name">beforeMethod(http://root.test.customfurnish.com/)</span>
                <span class="method-start">1121279 ms</span>
              </div> <!-- configuration-method before -->
              <div class="test-method">
                <span class="method-name">LandingPage(http://root.test.customfurnish.com/)</span>
                <span class="method-start">1124414 ms</span>
              </div> <!-- test-method -->
              <div class="configuration-method after">
                <span class="method-name">afterMethod</span>
                <span class="method-start">1662558 ms</span>
              </div> <!-- configuration-method after -->
            </div> <!-- chronological-class -->
            <div class="chronological-class">
              <div class="chronological-class-name">OrderPage.OrderPage</div> <!-- chronological-class-name -->
              <div class="configuration-method before">
                <span class="method-name">beforeTest(http://root.test.customfurnish.com/)</span>
                <span class="method-start">1663136 ms</span>
              </div> <!-- configuration-method before -->
              <div class="test-method">
                <span class="method-name">Orderpage(http://root.test.customfurnish.com/)</span>
                <span class="method-start">1670885 ms</span>
              </div> <!-- test-method -->
              <div class="configuration-method after">
                <span class="method-name">afterMethod</span>
                <span class="method-start">1843195 ms</span>
              </div> <!-- configuration-method after -->
            </div> <!-- chronological-class -->
            <div class="chronological-class">
              <div class="chronological-class-name">SlidingDoors.SlidingDoorsChange</div> <!-- chronological-class-name -->
              <div class="configuration-method before">
                <span class="method-name">beforeTest(http://root.test.customfurnish.com/)</span>
                <span class="method-start">1843764 ms</span>
              </div> <!-- configuration-method before -->
              <div class="test-method">
                <span class="method-name">slidingdoorchange(http://root.test.customfurnish.com/)</span>
                <span class="method-start">1852128 ms</span>
              </div> <!-- test-method -->
              <div class="configuration-method after">
                <span class="method-name">afterMethod</span>
                <span class="method-start">1946635 ms</span>
              </div> <!-- configuration-method after -->
            </div> <!-- chronological-class -->
            <div class="chronological-class">
              <div class="chronological-class-name">SaveDesign.SaveDesign</div> <!-- chronological-class-name -->
              <div class="configuration-method before">
                <span class="method-name">beforeMethod(http://root.test.customfurnish.com/)</span>
                <span class="method-start">1947207 ms</span>
              </div> <!-- configuration-method before -->
              <div class="configuration-test before">
                <span class="method-name">beforeTest</span>
                <span class="method-start">1947207 ms</span>
              </div> <!-- configuration-test before -->
              <div class="test-method">
                <span class="method-name">Exteriors(http://root.test.customfurnish.com/)</span>
                <span class="method-start">1955424 ms</span>
              </div> <!-- test-method -->
              <div class="configuration-method after">
                <span class="method-name">afterMethod</span>
                <span class="method-start">2083023 ms</span>
              </div> <!-- configuration-method after -->
              <div class="configuration-method before">
                <span class="method-name">beforeMethod(http://root.test.customfurnish.com/)</span>
                <span class="method-start">2083613 ms</span>
              </div> <!-- configuration-method before -->
              <div class="test-method">
                <span class="method-name">Interiors(http://root.test.customfurnish.com/)</span>
                <span class="method-start">2091841 ms</span>
              </div> <!-- test-method -->
              <div class="configuration-method after">
                <span class="method-name">afterMethod</span>
                <span class="method-start">2224806 ms</span>
              </div> <!-- configuration-method after -->
              <div class="configuration-class after">
                <span class="method-name">afterTest</span>
                <span class="method-start">2225386 ms</span>
              </div> <!-- configuration-class after -->
            </div> <!-- chronological-class -->
            <div class="chronological-class">
              <div class="chronological-class-name">Signup.LandingPage</div> <!-- chronological-class-name -->
              <div class="configuration-method before">
                <span class="method-name">beforeTest(http://root.test.customfurnish.com/)</span>
                <span class="method-start">2225389 ms</span>
              </div> <!-- configuration-method before -->
              <div class="test-method">
                <img src="failed.png">
                </img>
                <span class="method-name">Landingpage(http://root.test.customfurnish.com/)</span>
                <span class="method-start">2233371 ms</span>
              </div> <!-- test-method -->
              <div class="configuration-method after">
                <span class="method-name">afterTest</span>
                <span class="method-start">2297827 ms</span>
              </div> <!-- configuration-method after -->
            </div> <!-- chronological-class -->
            <div class="chronological-class">
              <div class="chronological-class-name">Signup.TemplatesPage</div> <!-- chronological-class-name -->
              <div class="configuration-method before">
                <span class="method-name">beforeTest(http://root.test.customfurnish.com/)</span>
                <span class="method-start">2298395 ms</span>
              </div> <!-- configuration-method before -->
              <div class="test-method">
                <img src="failed.png">
                </img>
                <span class="method-name">Templatespage(http://root.test.customfurnish.com/)</span>
                <span class="method-start">2304340 ms</span>
              </div> <!-- test-method -->
              <div class="configuration-method after">
                <span class="method-name">afterTest</span>
                <span class="method-start">2394950 ms</span>
              </div> <!-- configuration-method after -->
            </div> <!-- chronological-class -->
            <div class="chronological-class">
              <div class="chronological-class-name">Signup.DimensionsPage</div> <!-- chronological-class-name -->
              <div class="configuration-method before">
                <span class="method-name">beforeTest(http://root.test.customfurnish.com/)</span>
                <span class="method-start">2395506 ms</span>
              </div> <!-- configuration-method before -->
              <div class="test-method">
                <img src="failed.png">
                </img>
                <span class="method-name">Dimensionspage(http://root.test.customfurnish.com/)</span>
                <span class="method-start">2401436 ms</span>
              </div> <!-- test-method -->
              <div class="configuration-method after">
                <span class="method-name">afterTest</span>
                <span class="method-start">2491429 ms</span>
              </div> <!-- configuration-method after -->
            </div> <!-- chronological-class -->
            <div class="chronological-class">
              <div class="chronological-class-name">Signup.DoorTypePage</div> <!-- chronological-class-name -->
              <div class="configuration-method before">
                <span class="method-name">beforeTest(http://root.test.customfurnish.com/)</span>
                <span class="method-start">2491988 ms</span>
              </div> <!-- configuration-method before -->
              <div class="test-method">
                <img src="failed.png">
                </img>
                <span class="method-name">DoorTypepage(http://root.test.customfurnish.com/)</span>
                <span class="method-start">2498452 ms</span>
              </div> <!-- test-method -->
              <div class="configuration-method after">
                <span class="method-name">afterTest</span>
                <span class="method-start">2501790 ms</span>
              </div> <!-- configuration-method after -->
            </div> <!-- chronological-class -->
            <div class="chronological-class">
              <div class="chronological-class-name">Signup.InteriorsPage</div> <!-- chronological-class-name -->
              <div class="configuration-method before">
                <span class="method-name">beforeTest(http://root.test.customfurnish.com/)</span>
                <span class="method-start">2502345 ms</span>
              </div> <!-- configuration-method before -->
              <div class="test-method">
                <img src="failed.png">
                </img>
                <span class="method-name">Interiorspage(http://root.test.customfurnish.com/)</span>
                <span class="method-start">2508333 ms</span>
              </div> <!-- test-method -->
              <div class="configuration-method after">
                <span class="method-name">afterTest</span>
                <span class="method-start">2511876 ms</span>
              </div> <!-- configuration-method after -->
            </div> <!-- chronological-class -->
            <div class="chronological-class">
              <div class="chronological-class-name">Signup.ExteriorsPage</div> <!-- chronological-class-name -->
              <div class="configuration-method before">
                <span class="method-name">beforeTest(http://root.test.customfurnish.com/)</span>
                <span class="method-start">2512435 ms</span>
              </div> <!-- configuration-method before -->
              <div class="test-method">
                <img src="failed.png">
                </img>
                <span class="method-name">Exteriorspage(http://root.test.customfurnish.com/)</span>
                <span class="method-start">2518741 ms</span>
              </div> <!-- test-method -->
              <div class="configuration-method after">
                <span class="method-name">afterTest</span>
                <span class="method-start">2522251 ms</span>
              </div> <!-- configuration-method after -->
            </div> <!-- chronological-class -->
            <div class="chronological-class">
              <div class="chronological-class-name">Signup.AccessoriesPage</div> <!-- chronological-class-name -->
              <div class="configuration-method before">
                <span class="method-name">beforeTest(http://root.test.customfurnish.com/)</span>
                <span class="method-start">2522805 ms</span>
              </div> <!-- configuration-method before -->
              <div class="test-method">
                <img src="failed.png">
                </img>
                <span class="method-name">Accessoriespage(http://root.test.customfurnish.com/)</span>
                <span class="method-start">2529193 ms</span>
              </div> <!-- test-method -->
              <div class="configuration-method after">
                <span class="method-name">afterTest</span>
                <span class="method-start">2532740 ms</span>
              </div> <!-- configuration-method after -->
            </div> <!-- chronological-class -->
            <div class="chronological-class">
              <div class="chronological-class-name">Signup.OrderPage</div> <!-- chronological-class-name -->
              <div class="configuration-method before">
                <span class="method-name">beforeTest(http://root.test.customfurnish.com/)</span>
                <span class="method-start">2533301 ms</span>
              </div> <!-- configuration-method before -->
              <div class="test-method">
                <img src="failed.png">
                </img>
                <span class="method-name">Orderpage(http://root.test.customfurnish.com/)</span>
                <span class="method-start">2539706 ms</span>
              </div> <!-- test-method -->
              <div class="configuration-method after">
                <span class="method-name">afterTest</span>
                <span class="method-start">2543243 ms</span>
              </div> <!-- configuration-method after -->
            </div> <!-- chronological-class -->
            <div class="chronological-class">
              <div class="chronological-class-name">Signup.Subscribe</div> <!-- chronological-class-name -->
              <div class="configuration-method before">
                <span class="method-name">beforeTest(http://root.test.customfurnish.com/)</span>
                <span class="method-start">2543798 ms</span>
              </div> <!-- configuration-method before -->
              <div class="test-method">
                <span class="method-name">subscribe(http://root.test.customfurnish.com/)</span>
                <span class="method-start">2550229 ms</span>
              </div> <!-- test-method -->
              <div class="configuration-method after">
                <span class="method-name">afterTest</span>
                <span class="method-start">2554153 ms</span>
              </div> <!-- configuration-method after -->
            </div> <!-- chronological-class -->
            <div class="chronological-class">
              <div class="chronological-class-name">Signup.CartPage</div> <!-- chronological-class-name -->
              <div class="configuration-method before">
                <span class="method-name">beforeTest(http://root.test.customfurnish.com/)</span>
                <span class="method-start">2554709 ms</span>
              </div> <!-- configuration-method before -->
              <div class="test-method">
                <img src="failed.png">
                </img>
                <span class="method-name">Cartpage(http://root.test.customfurnish.com/)</span>
                <span class="method-start">2560843 ms</span>
              </div> <!-- test-method -->
              <div class="configuration-method after">
                <span class="method-name">afterTest</span>
                <span class="method-start">2564292 ms</span>
              </div> <!-- configuration-method after -->
            </div> <!-- chronological-class -->
            <div class="chronological-class">
              <div class="chronological-class-name">Signup_v2.Signup</div> <!-- chronological-class-name -->
              <div class="configuration-test before">
                <span class="method-name">beforeTest</span>
                <span class="method-start">2564882 ms</span>
              </div> <!-- configuration-test before -->
              <div class="configuration-method before">
                <span class="method-name">beforeMethod(http://root.test.customfurnish.com/)</span>
                <span class="method-start">2564883 ms</span>
              </div> <!-- configuration-method before -->
              <div class="test-method">
                <span class="method-name">Accessoriespage(http://root.test.customfurnish.com/)</span>
                <span class="method-start">2571257 ms</span>
              </div> <!-- test-method -->
              <div class="configuration-method after">
                <span class="method-name">afterMethod</span>
                <span class="method-start">2594623 ms</span>
              </div> <!-- configuration-method after -->
              <div class="configuration-method before">
                <span class="method-name">beforeMethod(http://root.test.customfurnish.com/)</span>
                <span class="method-start">2595177 ms</span>
              </div> <!-- configuration-method before -->
              <div class="test-method">
                <span class="method-name">Cartpage(http://root.test.customfurnish.com/)</span>
                <span class="method-start">2600822 ms</span>
              </div> <!-- test-method -->
              <div class="configuration-method after">
                <span class="method-name">afterMethod</span>
                <span class="method-start">2624027 ms</span>
              </div> <!-- configuration-method after -->
              <div class="configuration-method before">
                <span class="method-name">beforeMethod(http://root.test.customfurnish.com/)</span>
                <span class="method-start">2624584 ms</span>
              </div> <!-- configuration-method before -->
              <div class="test-method">
                <span class="method-name">Dimensionspage(http://root.test.customfurnish.com/)</span>
                <span class="method-start">2631491 ms</span>
              </div> <!-- test-method -->
              <div class="configuration-method after">
                <span class="method-name">afterMethod</span>
                <span class="method-start">2709758 ms</span>
              </div> <!-- configuration-method after -->
              <div class="configuration-method before">
                <span class="method-name">beforeMethod(http://root.test.customfurnish.com/)</span>
                <span class="method-start">2710314 ms</span>
              </div> <!-- configuration-method before -->
              <div class="test-method">
                <span class="method-name">DoorTypepage(http://root.test.customfurnish.com/)</span>
                <span class="method-start">2716782 ms</span>
              </div> <!-- test-method -->
              <div class="configuration-method after">
                <span class="method-name">afterMethod</span>
                <span class="method-start">2740263 ms</span>
              </div> <!-- configuration-method after -->
              <div class="configuration-method before">
                <span class="method-name">beforeMethod(http://root.test.customfurnish.com/)</span>
                <span class="method-start">2740819 ms</span>
              </div> <!-- configuration-method before -->
              <div class="test-method">
                <span class="method-name">Exteriorspage(http://root.test.customfurnish.com/)</span>
                <span class="method-start">2746766 ms</span>
              </div> <!-- test-method -->
              <div class="configuration-method after">
                <span class="method-name">afterMethod</span>
                <span class="method-start">2770148 ms</span>
              </div> <!-- configuration-method after -->
              <div class="configuration-method before">
                <span class="method-name">beforeMethod(http://root.test.customfurnish.com/)</span>
                <span class="method-start">2770705 ms</span>
              </div> <!-- configuration-method before -->
              <div class="test-method">
                <span class="method-name">Interiorspage(http://root.test.customfurnish.com/)</span>
                <span class="method-start">2777507 ms</span>
              </div> <!-- test-method -->
              <div class="configuration-method after">
                <span class="method-name">afterMethod</span>
                <span class="method-start">2800902 ms</span>
              </div> <!-- configuration-method after -->
              <div class="configuration-method before">
                <span class="method-name">beforeMethod(http://root.test.customfurnish.com/)</span>
                <span class="method-start">2801456 ms</span>
              </div> <!-- configuration-method before -->
              <div class="test-method">
                <span class="method-name">Landingpage(http://root.test.customfurnish.com/)</span>
                <span class="method-start">2807375 ms</span>
              </div> <!-- test-method -->
              <div class="configuration-method after">
                <span class="method-name">afterMethod</span>
                <span class="method-start">2863570 ms</span>
              </div> <!-- configuration-method after -->
              <div class="configuration-method before">
                <span class="method-name">beforeMethod(http://root.test.customfurnish.com/)</span>
                <span class="method-start">2864126 ms</span>
              </div> <!-- configuration-method before -->
              <div class="test-method">
                <span class="method-name">Orderpage(http://root.test.customfurnish.com/)</span>
                <span class="method-start">2870495 ms</span>
              </div> <!-- test-method -->
              <div class="configuration-method after">
                <span class="method-name">afterMethod</span>
                <span class="method-start">2897573 ms</span>
              </div> <!-- configuration-method after -->
              <div class="configuration-method before">
                <span class="method-name">beforeMethod(http://root.test.customfurnish.com/)</span>
                <span class="method-start">2898134 ms</span>
              </div> <!-- configuration-method before -->
              <div class="test-method">
                <span class="method-name">Subscribe(http://root.test.customfurnish.com/)</span>
                <span class="method-start">2904661 ms</span>
              </div> <!-- test-method -->
              <div class="configuration-method after">
                <span class="method-name">afterMethod</span>
                <span class="method-start">2909114 ms</span>
              </div> <!-- configuration-method after -->
              <div class="configuration-method before">
                <span class="method-name">beforeMethod(http://root.test.customfurnish.com/)</span>
                <span class="method-start">2909669 ms</span>
              </div> <!-- configuration-method before -->
              <div class="test-method">
                <span class="method-name">Templatespage(http://root.test.customfurnish.com/)</span>
                <span class="method-start">2915996 ms</span>
              </div> <!-- test-method -->
              <div class="configuration-method after">
                <span class="method-name">afterMethod</span>
                <span class="method-start">2991015 ms</span>
              </div> <!-- configuration-method after -->
              <div class="configuration-test after">
                <span class="method-name">afterTest</span>
                <span class="method-start">2991572 ms</span>
              </div> <!-- configuration-test after -->
            </div> <!-- chronological-class -->
            <div class="chronological-class">
              <div class="chronological-class-name">SpecialCase.SpecialCase</div> <!-- chronological-class-name -->
              <div class="configuration-method before">
                <span class="method-name">beforeMethod(http://root.test.customfurnish.com/)</span>
                <span class="method-start">2991574 ms</span>
              </div> <!-- configuration-method before -->
              <div class="test-method">
                <span class="method-name">specialCase(http://root.test.customfurnish.com/)</span>
                <span class="method-start">2999708 ms</span>
              </div> <!-- test-method -->
              <div class="configuration-method after">
                <span class="method-name">afterMethod</span>
                <span class="method-start">3354163 ms</span>
              </div> <!-- configuration-method after -->
          </div> <!-- main-panel-content rounded-window-bottom -->
        </div> <!-- panel -->
      </div> <!-- main-panel-root -->
    </div> <!-- wrapper -->
  </body>
</html>
