<?xml version="1.0" encoding="UTF-8"?>
<testng-results skipped="0" failed="12" total="33" passed="21">
  <reporter-output>
  </reporter-output>
  <suite name="Wardrobe" duration-ms="3354740" started-at="2015-09-17T19:00:04Z" finished-at="2015-09-17T19:55:59Z">
    <groups>
    </groups>
    <test name="AccessoriesPricing" duration-ms="210786" started-at="2015-09-17T19:00:04Z" finished-at="2015-09-17T19:03:35Z">
      <class name="AccessoriesPrice.AccessoriesPrice">
        <test-method status="PASS" signature="beforeMethod(java.lang.String)[pri:0, instance:AccessoriesPrice.AccessoriesPrice@35851384]" name="beforeMethod" is-config="true" duration-ms="8699" started-at="2015-09-18T00:30:04Z" finished-at="2015-09-18T00:30:13Z">
          <params>
            <param index="0">
              <value>
                <![CDATA[http://root.test.customfurnish.com/]]>
              </value>
            </param>
          </params>
          <reporter-output>
          </reporter-output>
        </test-method> <!-- beforeMethod -->
        <test-method status="PASS" signature="CheckAccessoriesPrice(java.lang.String)[pri:0, instance:AccessoriesPrice.AccessoriesPrice@35851384]" name="CheckAccessoriesPrice" duration-ms="201507" started-at="2015-09-18T00:30:13Z" finished-at="2015-09-18T00:33:34Z">
          <params>
            <param index="0">
              <value>
                <![CDATA[http://root.test.customfurnish.com/]]>
              </value>
            </param>
          </params>
          <reporter-output>
          </reporter-output>
        </test-method> <!-- CheckAccessoriesPrice -->
        <test-method status="PASS" signature="afterMethod()[pri:0, instance:AccessoriesPrice.AccessoriesPrice@35851384]" name="afterMethod" is-config="true" duration-ms="566" started-at="2015-09-18T00:33:34Z" finished-at="2015-09-18T00:33:35Z">
          <reporter-output>
          </reporter-output>
        </test-method> <!-- afterMethod -->
      </class> <!-- AccessoriesPrice.AccessoriesPrice -->
    </test> <!-- AccessoriesPricing -->
    <test name="CartPage" duration-ms="145543" started-at="2015-09-17T19:03:35Z" finished-at="2015-09-17T19:06:00Z">
      <class name="CartPage.CartPage">
        <test-method status="PASS" signature="beforeMethod(java.lang.String)[pri:0, instance:CartPage.CartPage@56cbfb61]" name="beforeMethod" is-config="true" duration-ms="8094" started-at="2015-09-18T00:33:35Z" finished-at="2015-09-18T00:33:43Z">
          <params>
            <param index="0">
              <value>
                <![CDATA[http://root.test.customfurnish.com/]]>
              </value>
            </param>
          </params>
          <reporter-output>
          </reporter-output>
        </test-method> <!-- beforeMethod -->
        <test-method status="PASS" signature="Cartpage(java.lang.String)[pri:0, instance:CartPage.CartPage@56cbfb61]" name="Cartpage" duration-ms="136882" started-at="2015-09-18T00:33:43Z" finished-at="2015-09-18T00:36:00Z">
          <params>
            <param index="0">
              <value>
                <![CDATA[http://root.test.customfurnish.com/]]>
              </value>
            </param>
          </params>
          <reporter-output>
          </reporter-output>
        </test-method> <!-- Cartpage -->
        <test-method status="PASS" signature="afterMethod()[pri:0, instance:CartPage.CartPage@56cbfb61]" name="afterMethod" is-config="true" duration-ms="567" started-at="2015-09-18T00:36:00Z" finished-at="2015-09-18T00:36:00Z">
          <reporter-output>
          </reporter-output>
        </test-method> <!-- afterMethod -->
      </class> <!-- CartPage.CartPage -->
    </test> <!-- CartPage -->
    <test name="CheckTemplates" duration-ms="86112" started-at="2015-09-17T19:06:00Z" finished-at="2015-09-17T19:07:26Z">
      <class name="CheckTemplates.CheckTemplates">
        <test-method status="PASS" signature="beforeMethod(java.lang.String)[pri:0, instance:CheckTemplates.CheckTemplates@6bdf28bb]" name="beforeMethod" is-config="true" duration-ms="9760" started-at="2015-09-18T00:36:00Z" finished-at="2015-09-18T00:36:10Z">
          <params>
            <param index="0">
              <value>
                <![CDATA[http://root.test.customfurnish.com/]]>
              </value>
            </param>
          </params>
          <reporter-output>
          </reporter-output>
        </test-method> <!-- beforeMethod -->
        <test-method status="FAIL" signature="checkInformation()[pri:0, instance:CheckTemplates.CheckTemplates@6bdf28bb]" name="checkInformation" duration-ms="197" started-at="2015-09-18T00:36:10Z" finished-at="2015-09-18T00:36:10Z">
          <exception class="org.openqa.selenium.NoSuchElementException">
            <message>
              <![CDATA[no such element
  (Session info: chrome=43.0.2357.134)
  (Driver info: chromedriver=2.9.248304,platform=Linux 3.16.0-43-generic x86_64) (WARNING: The server did not provide any stacktrace information)
Command duration or timeout: 174 milliseconds
For documentation on this error, please visit: http://seleniumhq.org/exceptions/no_such_element.html
Build info: version: '2.44.0', revision: '76d78cf', time: '2014-10-23 20:03:00'
System info: host: 'kustommade-desktop', ip: '127.0.1.1', os.name: 'Linux', os.arch: 'amd64', os.version: '3.16.0-43-generic', java.version: '1.8.0_45'
Driver info: org.openqa.selenium.chrome.ChromeDriver
Capabilities [{applicationCacheEnabled=false, rotatable=false, chrome={userDataDir=/tmp/.com.google.Chrome.C87dOD}, takesHeapSnapshot=true, databaseEnabled=false, handlesAlerts=true, version=43.0.2357.134, platform=LINUX, browserConnectionEnabled=false, nativeEvents=true, acceptSslCerts=true, locationContextEnabled=true, webStorageEnabled=true, browserName=chrome, takesScreenshot=true, javascriptEnabled=true, cssSelectorsEnabled=true}]
Session ID: 075bd8544ef25fe6c0ff4d78299d2626]]>
            </message>
            <full-stacktrace>
              <![CDATA[org.openqa.selenium.NoSuchElementException: no such element
  (Session info: chrome=43.0.2357.134)
  (Driver info: chromedriver=2.9.248304,platform=Linux 3.16.0-43-generic x86_64) (WARNING: The server did not provide any stacktrace information)
Command duration or timeout: 174 milliseconds
For documentation on this error, please visit: http://seleniumhq.org/exceptions/no_such_element.html
Build info: version: '2.44.0', revision: '76d78cf', time: '2014-10-23 20:03:00'
System info: host: 'kustommade-desktop', ip: '127.0.1.1', os.name: 'Linux', os.arch: 'amd64', os.version: '3.16.0-43-generic', java.version: '1.8.0_45'
Driver info: org.openqa.selenium.chrome.ChromeDriver
Capabilities [{applicationCacheEnabled=false, rotatable=false, chrome={userDataDir=/tmp/.com.google.Chrome.C87dOD}, takesHeapSnapshot=true, databaseEnabled=false, handlesAlerts=true, version=43.0.2357.134, platform=LINUX, browserConnectionEnabled=false, nativeEvents=true, acceptSslCerts=true, locationContextEnabled=true, webStorageEnabled=true, browserName=chrome, takesScreenshot=true, javascriptEnabled=true, cssSelectorsEnabled=true}]
Session ID: 075bd8544ef25fe6c0ff4d78299d2626
	at sun.reflect.NativeConstructorAccessorImpl.newInstance0(Native Method)
	at sun.reflect.NativeConstructorAccessorImpl.newInstance(NativeConstructorAccessorImpl.java:62)
	at sun.reflect.DelegatingConstructorAccessorImpl.newInstance(DelegatingConstructorAccessorImpl.java:45)
	at java.lang.reflect.Constructor.newInstance(Constructor.java:422)
	at org.openqa.selenium.remote.ErrorHandler.createThrowable(ErrorHandler.java:204)
	at org.openqa.selenium.remote.ErrorHandler.throwIfResponseFailed(ErrorHandler.java:156)
	at org.openqa.selenium.remote.RemoteWebDriver.execute(RemoteWebDriver.java:599)
	at org.openqa.selenium.remote.RemoteWebDriver.findElement(RemoteWebDriver.java:352)
	at org.openqa.selenium.remote.RemoteWebDriver.findElementByLinkText(RemoteWebDriver.java:401)
	at org.openqa.selenium.By$ByLinkText.findElement(By.java:242)
	at org.openqa.selenium.remote.RemoteWebDriver.findElement(RemoteWebDriver.java:344)
	at CheckTemplates.CheckTemplates.travelToEnd(Unknown Source)
	at CheckTemplates.CheckTemplates.checkInformation(Unknown Source)
	at sun.reflect.NativeMethodAccessorImpl.invoke0(Native Method)
	at sun.reflect.NativeMethodAccessorImpl.invoke(NativeMethodAccessorImpl.java:62)
	at sun.reflect.DelegatingMethodAccessorImpl.invoke(DelegatingMethodAccessorImpl.java:43)
	at java.lang.reflect.Method.invoke(Method.java:497)
	at org.testng.internal.MethodInvocationHelper.invokeMethod(MethodInvocationHelper.java:80)
	at org.testng.internal.Invoker.invokeMethod(Invoker.java:714)
	at org.testng.internal.Invoker.invokeTestMethod(Invoker.java:901)
	at org.testng.internal.Invoker.invokeTestMethods(Invoker.java:1231)
	at org.testng.internal.TestMethodWorker.invokeTestMethods(TestMethodWorker.java:127)
	at org.testng.internal.TestMethodWorker.run(TestMethodWorker.java:111)
	at org.testng.TestRunner.privateRun(TestRunner.java:767)
	at org.testng.TestRunner.run(TestRunner.java:617)
	at org.testng.SuiteRunner.runTest(SuiteRunner.java:334)
	at org.testng.SuiteRunner.runSequentially(SuiteRunner.java:329)
	at org.testng.SuiteRunner.privateRun(SuiteRunner.java:291)
	at org.testng.SuiteRunner.run(SuiteRunner.java:240)
	at org.testng.SuiteRunnerWorker.runSuite(SuiteRunnerWorker.java:52)
	at org.testng.SuiteRunnerWorker.run(SuiteRunnerWorker.java:86)
	at org.testng.TestNG.runSuitesSequentially(TestNG.java:1198)
	at org.testng.TestNG.runSuitesLocally(TestNG.java:1123)
	at org.testng.TestNG.run(TestNG.java:1031)
	at org.testng.TestNG.privateMain(TestNG.java:1338)
	at org.testng.TestNG.main(TestNG.java:1307)
]]>
            </full-stacktrace>
          </exception> <!-- org.openqa.selenium.NoSuchElementException -->
          <reporter-output>
          </reporter-output>
        </test-method> <!-- checkInformation -->
        <test-method status="PASS" signature="afterMethod()[pri:0, instance:CheckTemplates.CheckTemplates@6bdf28bb]" name="afterMethod" is-config="true" duration-ms="555" started-at="2015-09-18T00:36:10Z" finished-at="2015-09-18T00:36:11Z">
          <reporter-output>
          </reporter-output>
        </test-method> <!-- afterMethod -->
        <test-method status="PASS" signature="beforeMethod(java.lang.String)[pri:0, instance:CheckTemplates.CheckTemplates@6bdf28bb]" name="beforeMethod" is-config="true" duration-ms="10295" started-at="2015-09-18T00:36:11Z" finished-at="2015-09-18T00:36:21Z">
          <params>
            <param index="0">
              <value>
                <![CDATA[http://root.test.customfurnish.com/]]>
              </value>
            </param>
          </params>
          <reporter-output>
          </reporter-output>
        </test-method> <!-- beforeMethod -->
        <test-method status="PASS" signature="checkRedirection(java.lang.String)[pri:0, instance:CheckTemplates.CheckTemplates@6bdf28bb]" name="checkRedirection" duration-ms="64741" started-at="2015-09-18T00:36:21Z" finished-at="2015-09-18T00:37:26Z">
          <params>
            <param index="0">
              <value>
                <![CDATA[http://root.test.customfurnish.com/]]>
              </value>
            </param>
          </params>
          <reporter-output>
          </reporter-output>
        </test-method> <!-- checkRedirection -->
        <test-method status="PASS" signature="afterMethod()[pri:0, instance:CheckTemplates.CheckTemplates@6bdf28bb]" name="afterMethod" is-config="true" duration-ms="563" started-at="2015-09-18T00:37:26Z" finished-at="2015-09-18T00:37:26Z">
          <reporter-output>
          </reporter-output>
        </test-method> <!-- afterMethod -->
      </class> <!-- CheckTemplates.CheckTemplates -->
    </test> <!-- CheckTemplates -->
    <test name="ExtremeDimensions" duration-ms="611061" started-at="2015-09-17T19:07:26Z" finished-at="2015-09-17T19:17:37Z">
      <class name="ExtremeDimensions.ExtremeDimensions">
        <test-method status="PASS" signature="beforeMethod(java.lang.String)[pri:0, instance:ExtremeDimensions.ExtremeDimensions@1d251891]" name="beforeMethod" is-config="true" duration-ms="1004" started-at="2015-09-18T00:37:26Z" finished-at="2015-09-18T00:37:27Z">
          <params>
            <param index="0">
              <value>
                <![CDATA[http://root.test.customfurnish.com/]]>
              </value>
            </param>
          </params>
          <reporter-output>
          </reporter-output>
        </test-method> <!-- beforeMethod -->
        <test-method status="FAIL" signature="extremeDimensions(java.lang.String)[pri:0, instance:ExtremeDimensions.ExtremeDimensions@1d251891]" name="extremeDimensions" duration-ms="609492" started-at="2015-09-18T00:37:27Z" finished-at="2015-09-18T00:47:37Z">
          <params>
            <param index="0">
              <value>
                <![CDATA[http://root.test.customfurnish.com/]]>
              </value>
            </param>
          </params>
          <exception class="org.openqa.selenium.InvalidElementStateException">
            <message>
              <![CDATA[invalid element state: Element is not currently interactable and may not be manipulated
  (Session info: chrome=43.0.2357.134)
  (Driver info: chromedriver=2.9.248304,platform=Linux 3.16.0-43-generic x86_64) (WARNING: The server did not provide any stacktrace information)
Command duration or timeout: 18 milliseconds
Build info: version: '2.44.0', revision: '76d78cf', time: '2014-10-23 20:03:00'
System info: host: 'kustommade-desktop', ip: '127.0.1.1', os.name: 'Linux', os.arch: 'amd64', os.version: '3.16.0-43-generic', java.version: '1.8.0_45'
Driver info: org.openqa.selenium.chrome.ChromeDriver
Capabilities [{applicationCacheEnabled=false, rotatable=false, chrome={userDataDir=/tmp/.com.google.Chrome.7nwRxW}, takesHeapSnapshot=true, databaseEnabled=false, handlesAlerts=true, version=43.0.2357.134, platform=LINUX, browserConnectionEnabled=false, nativeEvents=true, acceptSslCerts=true, locationContextEnabled=true, webStorageEnabled=true, browserName=chrome, takesScreenshot=true, javascriptEnabled=true, cssSelectorsEnabled=true}]
Session ID: d54ede32b26eeeb50862198b4d8021b5]]>
            </message>
            <full-stacktrace>
              <![CDATA[org.openqa.selenium.InvalidElementStateException: invalid element state: Element is not currently interactable and may not be manipulated
  (Session info: chrome=43.0.2357.134)
  (Driver info: chromedriver=2.9.248304,platform=Linux 3.16.0-43-generic x86_64) (WARNING: The server did not provide any stacktrace information)
Command duration or timeout: 18 milliseconds
Build info: version: '2.44.0', revision: '76d78cf', time: '2014-10-23 20:03:00'
System info: host: 'kustommade-desktop', ip: '127.0.1.1', os.name: 'Linux', os.arch: 'amd64', os.version: '3.16.0-43-generic', java.version: '1.8.0_45'
Driver info: org.openqa.selenium.chrome.ChromeDriver
Capabilities [{applicationCacheEnabled=false, rotatable=false, chrome={userDataDir=/tmp/.com.google.Chrome.7nwRxW}, takesHeapSnapshot=true, databaseEnabled=false, handlesAlerts=true, version=43.0.2357.134, platform=LINUX, browserConnectionEnabled=false, nativeEvents=true, acceptSslCerts=true, locationContextEnabled=true, webStorageEnabled=true, browserName=chrome, takesScreenshot=true, javascriptEnabled=true, cssSelectorsEnabled=true}]
Session ID: d54ede32b26eeeb50862198b4d8021b5
	at sun.reflect.NativeConstructorAccessorImpl.newInstance0(Native Method)
	at sun.reflect.NativeConstructorAccessorImpl.newInstance(NativeConstructorAccessorImpl.java:62)
	at sun.reflect.DelegatingConstructorAccessorImpl.newInstance(DelegatingConstructorAccessorImpl.java:45)
	at java.lang.reflect.Constructor.newInstance(Constructor.java:422)
	at org.openqa.selenium.remote.ErrorHandler.createThrowable(ErrorHandler.java:204)
	at org.openqa.selenium.remote.ErrorHandler.throwIfResponseFailed(ErrorHandler.java:156)
	at org.openqa.selenium.remote.RemoteWebDriver.execute(RemoteWebDriver.java:599)
	at org.openqa.selenium.remote.RemoteWebElement.execute(RemoteWebElement.java:268)
	at org.openqa.selenium.remote.RemoteWebElement.clear(RemoteWebElement.java:113)
	at ExtremeDimensions.ExtremeDimensions.updateDoorWidth(Unknown Source)
	at ExtremeDimensions.ExtremeDimensions.checkTopToolBarTraditionalDoors(Unknown Source)
	at ExtremeDimensions.ExtremeDimensions.designPage(Unknown Source)
	at ExtremeDimensions.ExtremeDimensions.extremeDimensions(Unknown Source)
	at sun.reflect.NativeMethodAccessorImpl.invoke0(Native Method)
	at sun.reflect.NativeMethodAccessorImpl.invoke(NativeMethodAccessorImpl.java:62)
	at sun.reflect.DelegatingMethodAccessorImpl.invoke(DelegatingMethodAccessorImpl.java:43)
	at java.lang.reflect.Method.invoke(Method.java:497)
	at org.testng.internal.MethodInvocationHelper.invokeMethod(MethodInvocationHelper.java:80)
	at org.testng.internal.Invoker.invokeMethod(Invoker.java:714)
	at org.testng.internal.Invoker.invokeTestMethod(Invoker.java:901)
	at org.testng.internal.Invoker.invokeTestMethods(Invoker.java:1231)
	at org.testng.internal.TestMethodWorker.invokeTestMethods(TestMethodWorker.java:127)
	at org.testng.internal.TestMethodWorker.run(TestMethodWorker.java:111)
	at org.testng.TestRunner.privateRun(TestRunner.java:767)
	at org.testng.TestRunner.run(TestRunner.java:617)
	at org.testng.SuiteRunner.runTest(SuiteRunner.java:334)
	at org.testng.SuiteRunner.runSequentially(SuiteRunner.java:329)
	at org.testng.SuiteRunner.privateRun(SuiteRunner.java:291)
	at org.testng.SuiteRunner.run(SuiteRunner.java:240)
	at org.testng.SuiteRunnerWorker.runSuite(SuiteRunnerWorker.java:52)
	at org.testng.SuiteRunnerWorker.run(SuiteRunnerWorker.java:86)
	at org.testng.TestNG.runSuitesSequentially(TestNG.java:1198)
	at org.testng.TestNG.runSuitesLocally(TestNG.java:1123)
	at org.testng.TestNG.run(TestNG.java:1031)
	at org.testng.TestNG.privateMain(TestNG.java:1338)
	at org.testng.TestNG.main(TestNG.java:1307)
]]>
            </full-stacktrace>
          </exception> <!-- org.openqa.selenium.InvalidElementStateException -->
          <reporter-output>
          </reporter-output>
        </test-method> <!-- extremeDimensions -->
        <test-method status="PASS" signature="afterMethod()[pri:0, instance:ExtremeDimensions.ExtremeDimensions@1d251891]" name="afterMethod" is-config="true" duration-ms="564" started-at="2015-09-18T00:47:37Z" finished-at="2015-09-18T00:47:37Z">
          <reporter-output>
          </reporter-output>
        </test-method> <!-- afterMethod -->
      </class> <!-- ExtremeDimensions.ExtremeDimensions -->
    </test> <!-- ExtremeDimensions -->
    <test name="ForgotPassword" duration-ms="61098" started-at="2015-09-17T19:17:37Z" finished-at="2015-09-17T19:18:39Z">
      <class name="ForgotPassword.ForgotPassword">
        <test-method status="PASS" signature="beforeTest(java.lang.String)[pri:0, instance:ForgotPassword.ForgotPassword@34ce8af7]" name="beforeTest" is-config="true" duration-ms="6193" started-at="2015-09-18T00:47:37Z" finished-at="2015-09-18T00:47:44Z">
          <params>
            <param index="0">
              <value>
                <![CDATA[http://root.test.customfurnish.com/]]>
              </value>
            </param>
          </params>
          <reporter-output>
          </reporter-output>
        </test-method> <!-- beforeTest -->
        <test-method status="FAIL" signature="forgotPassword(java.lang.String)[pri:0, instance:ForgotPassword.ForgotPassword@34ce8af7]" name="forgotPassword" duration-ms="54348" started-at="2015-09-18T00:47:44Z" finished-at="2015-09-18T00:48:38Z">
          <params>
            <param index="0">
              <value>
                <![CDATA[http://root.test.customfurnish.com/]]>
              </value>
            </param>
          </params>
          <exception class="org.openqa.selenium.NoSuchElementException">
            <message>
              <![CDATA[no such element
  (Session info: chrome=43.0.2357.134)
  (Driver info: chromedriver=2.9.248304,platform=Linux 3.16.0-43-generic x86_64) (WARNING: The server did not provide any stacktrace information)
Command duration or timeout: 37 milliseconds
For documentation on this error, please visit: http://seleniumhq.org/exceptions/no_such_element.html
Build info: version: '2.44.0', revision: '76d78cf', time: '2014-10-23 20:03:00'
System info: host: 'kustommade-desktop', ip: '127.0.1.1', os.name: 'Linux', os.arch: 'amd64', os.version: '3.16.0-43-generic', java.version: '1.8.0_45'
Driver info: org.openqa.selenium.chrome.ChromeDriver
Capabilities [{applicationCacheEnabled=false, rotatable=false, chrome={userDataDir=/tmp/.com.google.Chrome.aiccyx}, takesHeapSnapshot=true, databaseEnabled=false, handlesAlerts=true, version=43.0.2357.134, platform=LINUX, browserConnectionEnabled=false, nativeEvents=true, acceptSslCerts=true, locationContextEnabled=true, webStorageEnabled=true, browserName=chrome, takesScreenshot=true, javascriptEnabled=true, cssSelectorsEnabled=true}]
Session ID: 74f3dbd6c1e568271b9ca85fea08e59a]]>
            </message>
            <full-stacktrace>
              <![CDATA[org.openqa.selenium.NoSuchElementException: no such element
  (Session info: chrome=43.0.2357.134)
  (Driver info: chromedriver=2.9.248304,platform=Linux 3.16.0-43-generic x86_64) (WARNING: The server did not provide any stacktrace information)
Command duration or timeout: 37 milliseconds
For documentation on this error, please visit: http://seleniumhq.org/exceptions/no_such_element.html
Build info: version: '2.44.0', revision: '76d78cf', time: '2014-10-23 20:03:00'
System info: host: 'kustommade-desktop', ip: '127.0.1.1', os.name: 'Linux', os.arch: 'amd64', os.version: '3.16.0-43-generic', java.version: '1.8.0_45'
Driver info: org.openqa.selenium.chrome.ChromeDriver
Capabilities [{applicationCacheEnabled=false, rotatable=false, chrome={userDataDir=/tmp/.com.google.Chrome.aiccyx}, takesHeapSnapshot=true, databaseEnabled=false, handlesAlerts=true, version=43.0.2357.134, platform=LINUX, browserConnectionEnabled=false, nativeEvents=true, acceptSslCerts=true, locationContextEnabled=true, webStorageEnabled=true, browserName=chrome, takesScreenshot=true, javascriptEnabled=true, cssSelectorsEnabled=true}]
Session ID: 74f3dbd6c1e568271b9ca85fea08e59a
	at sun.reflect.NativeConstructorAccessorImpl.newInstance0(Native Method)
	at sun.reflect.NativeConstructorAccessorImpl.newInstance(NativeConstructorAccessorImpl.java:62)
	at sun.reflect.DelegatingConstructorAccessorImpl.newInstance(DelegatingConstructorAccessorImpl.java:45)
	at java.lang.reflect.Constructor.newInstance(Constructor.java:422)
	at org.openqa.selenium.remote.ErrorHandler.createThrowable(ErrorHandler.java:204)
	at org.openqa.selenium.remote.ErrorHandler.throwIfResponseFailed(ErrorHandler.java:156)
	at org.openqa.selenium.remote.RemoteWebDriver.execute(RemoteWebDriver.java:599)
	at org.openqa.selenium.remote.RemoteWebDriver.findElement(RemoteWebDriver.java:352)
	at org.openqa.selenium.remote.RemoteWebDriver.findElementByXPath(RemoteWebDriver.java:449)
	at org.openqa.selenium.By$ByXPath.findElement(By.java:357)
	at org.openqa.selenium.remote.RemoteWebDriver.findElement(RemoteWebDriver.java:344)
	at ForgotPassword.ForgotPassword.manualSignin(Unknown Source)
	at ForgotPassword.ForgotPassword.forgotPassword(Unknown Source)
	at sun.reflect.NativeMethodAccessorImpl.invoke0(Native Method)
	at sun.reflect.NativeMethodAccessorImpl.invoke(NativeMethodAccessorImpl.java:62)
	at sun.reflect.DelegatingMethodAccessorImpl.invoke(DelegatingMethodAccessorImpl.java:43)
	at java.lang.reflect.Method.invoke(Method.java:497)
	at org.testng.internal.MethodInvocationHelper.invokeMethod(MethodInvocationHelper.java:80)
	at org.testng.internal.Invoker.invokeMethod(Invoker.java:714)
	at org.testng.internal.Invoker.invokeTestMethod(Invoker.java:901)
	at org.testng.internal.Invoker.invokeTestMethods(Invoker.java:1231)
	at org.testng.internal.TestMethodWorker.invokeTestMethods(TestMethodWorker.java:127)
	at org.testng.internal.TestMethodWorker.run(TestMethodWorker.java:111)
	at org.testng.TestRunner.privateRun(TestRunner.java:767)
	at org.testng.TestRunner.run(TestRunner.java:617)
	at org.testng.SuiteRunner.runTest(SuiteRunner.java:334)
	at org.testng.SuiteRunner.runSequentially(SuiteRunner.java:329)
	at org.testng.SuiteRunner.privateRun(SuiteRunner.java:291)
	at org.testng.SuiteRunner.run(SuiteRunner.java:240)
	at org.testng.SuiteRunnerWorker.runSuite(SuiteRunnerWorker.java:52)
	at org.testng.SuiteRunnerWorker.run(SuiteRunnerWorker.java:86)
	at org.testng.TestNG.runSuitesSequentially(TestNG.java:1198)
	at org.testng.TestNG.runSuitesLocally(TestNG.java:1123)
	at org.testng.TestNG.run(TestNG.java:1031)
	at org.testng.TestNG.privateMain(TestNG.java:1338)
	at org.testng.TestNG.main(TestNG.java:1307)
]]>
            </full-stacktrace>
          </exception> <!-- org.openqa.selenium.NoSuchElementException -->
          <reporter-output>
          </reporter-output>
        </test-method> <!-- forgotPassword -->
        <test-method status="PASS" signature="afterMethod()[pri:0, instance:ForgotPassword.ForgotPassword@34ce8af7]" name="afterMethod" is-config="true" duration-ms="557" started-at="2015-09-18T00:48:38Z" finished-at="2015-09-18T00:48:39Z">
          <reporter-output>
          </reporter-output>
        </test-method> <!-- afterMethod -->
      </class> <!-- ForgotPassword.ForgotPassword -->
    </test> <!-- ForgotPassword -->
    <test name="LandPageTemplates" duration-ms="6658" started-at="2015-09-17T19:18:39Z" finished-at="2015-09-17T19:18:45Z">
      <class name="LandPageTemplates.CheckRedirection">
        <test-method status="PASS" signature="beforeTest(java.lang.String)[pri:0, instance:LandPageTemplates.CheckRedirection@511baa65]" name="beforeTest" is-config="true" duration-ms="6083" started-at="2015-09-18T00:48:39Z" finished-at="2015-09-18T00:48:45Z">
          <params>
            <param index="0">
              <value>
                <![CDATA[http://root.test.customfurnish.com/]]>
              </value>
            </param>
          </params>
          <reporter-output>
          </reporter-output>
        </test-method> <!-- beforeTest -->
        <test-method status="PASS" signature="Checkredirection(java.lang.String)[pri:0, instance:LandPageTemplates.CheckRedirection@511baa65]" name="Checkredirection" duration-ms="19" started-at="2015-09-18T00:48:45Z" finished-at="2015-09-18T00:48:45Z">
          <params>
            <param index="0">
              <value>
                <![CDATA[http://root.test.customfurnish.com/]]>
              </value>
            </param>
          </params>
          <reporter-output>
          </reporter-output>
        </test-method> <!-- Checkredirection -->
        <test-method status="PASS" signature="afterMethod()[pri:0, instance:LandPageTemplates.CheckRedirection@511baa65]" name="afterMethod" is-config="true" duration-ms="556" started-at="2015-09-18T00:48:45Z" finished-at="2015-09-18T00:48:45Z">
          <reporter-output>
          </reporter-output>
        </test-method> <!-- afterMethod -->
      </class> <!-- LandPageTemplates.CheckRedirection -->
    </test> <!-- LandPageTemplates -->
    <test name="LinksLandingPage" duration-ms="541856" started-at="2015-09-17T19:18:45Z" finished-at="2015-09-17T19:27:47Z">
      <class name="LinksLandingPage.LinksLandingPage">
        <test-method status="PASS" signature="beforeMethod(java.lang.String)[pri:0, instance:LinksLandingPage.LinksLandingPage@3d24753a]" name="beforeMethod" is-config="true" duration-ms="3135" started-at="2015-09-18T00:48:45Z" finished-at="2015-09-18T00:48:48Z">
          <params>
            <param index="0">
              <value>
                <![CDATA[http://root.test.customfurnish.com/]]>
              </value>
            </param>
          </params>
          <reporter-output>
          </reporter-output>
        </test-method> <!-- beforeMethod -->
        <test-method status="PASS" signature="LandingPage(java.lang.String)[pri:0, instance:LinksLandingPage.LinksLandingPage@3d24753a]" name="LandingPage" duration-ms="538144" started-at="2015-09-18T00:48:48Z" finished-at="2015-09-18T00:57:47Z">
          <params>
            <param index="0">
              <value>
                <![CDATA[http://root.test.customfurnish.com/]]>
              </value>
            </param>
          </params>
          <reporter-output>
          </reporter-output>
        </test-method> <!-- LandingPage -->
        <test-method status="PASS" signature="afterMethod()[pri:0, instance:LinksLandingPage.LinksLandingPage@3d24753a]" name="afterMethod" is-config="true" duration-ms="577" started-at="2015-09-18T00:57:47Z" finished-at="2015-09-18T00:57:47Z">
          <reporter-output>
          </reporter-output>
        </test-method> <!-- afterMethod -->
      </class> <!-- LinksLandingPage.LinksLandingPage -->
    </test> <!-- LinksLandingPage -->
    <test name="OrderPage" duration-ms="180628" started-at="2015-09-17T19:27:47Z" finished-at="2015-09-17T19:30:48Z">
      <class name="OrderPage.OrderPage">
        <test-method status="PASS" signature="beforeTest(java.lang.String)[pri:0, instance:OrderPage.OrderPage@506e6d5e]" name="beforeTest" is-config="true" duration-ms="7749" started-at="2015-09-18T00:57:47Z" finished-at="2015-09-18T00:57:55Z">
          <params>
            <param index="0">
              <value>
                <![CDATA[http://root.test.customfurnish.com/]]>
              </value>
            </param>
          </params>
          <reporter-output>
          </reporter-output>
        </test-method> <!-- beforeTest -->
        <test-method status="PASS" signature="Orderpage(java.lang.String)[pri:0, instance:OrderPage.OrderPage@506e6d5e]" name="Orderpage" duration-ms="172310" started-at="2015-09-18T00:57:55Z" finished-at="2015-09-18T01:00:47Z">
          <params>
            <param index="0">
              <value>
                <![CDATA[http://root.test.customfurnish.com/]]>
              </value>
            </param>
          </params>
          <reporter-output>
          </reporter-output>
        </test-method> <!-- Orderpage -->
        <test-method status="PASS" signature="afterMethod()[pri:0, instance:OrderPage.OrderPage@506e6d5e]" name="afterMethod" is-config="true" duration-ms="568" started-at="2015-09-18T01:00:47Z" finished-at="2015-09-18T01:00:48Z">
          <reporter-output>
          </reporter-output>
        </test-method> <!-- afterMethod -->
      </class> <!-- OrderPage.OrderPage -->
    </test> <!-- OrderPage -->
    <test name="Sliding Doors Change" duration-ms="103442" started-at="2015-09-17T19:30:48Z" finished-at="2015-09-17T19:32:31Z">
      <class name="SlidingDoors.SlidingDoorsChange">
        <test-method status="PASS" signature="beforeTest(java.lang.String)[pri:0, instance:SlidingDoors.SlidingDoorsChange@35f983a6]" name="beforeTest" is-config="true" duration-ms="8364" started-at="2015-09-18T01:00:48Z" finished-at="2015-09-18T01:00:56Z">
          <params>
            <param index="0">
              <value>
                <![CDATA[http://root.test.customfurnish.com/]]>
              </value>
            </param>
          </params>
          <reporter-output>
          </reporter-output>
        </test-method> <!-- beforeTest -->
        <test-method status="PASS" signature="slidingdoorchange(java.lang.String)[pri:0, instance:SlidingDoors.SlidingDoorsChange@35f983a6]" name="slidingdoorchange" duration-ms="94506" started-at="2015-09-18T01:00:56Z" finished-at="2015-09-18T01:02:31Z">
          <params>
            <param index="0">
              <value>
                <![CDATA[http://root.test.customfurnish.com/]]>
              </value>
            </param>
          </params>
          <reporter-output>
          </reporter-output>
        </test-method> <!-- slidingdoorchange -->
        <test-method status="PASS" signature="afterMethod()[pri:0, instance:SlidingDoors.SlidingDoorsChange@35f983a6]" name="afterMethod" is-config="true" duration-ms="571" started-at="2015-09-18T01:02:31Z" finished-at="2015-09-18T01:02:31Z">
          <reporter-output>
          </reporter-output>
        </test-method> <!-- afterMethod -->
      </class> <!-- SlidingDoors.SlidingDoorsChange -->
    </test> <!-- Sliding Doors Change -->
    <test name="SaveDesign" duration-ms="278179" started-at="2015-09-17T19:32:31Z" finished-at="2015-09-17T19:37:09Z">
      <class name="SaveDesign.SaveDesign">
        <test-method status="PASS" signature="beforeTest()[pri:0, instance:SaveDesign.SaveDesign@22f71333]" name="beforeTest" is-config="true" duration-ms="0" started-at="2015-09-18T01:02:31Z" finished-at="2015-09-18T01:02:31Z">
          <reporter-output>
          </reporter-output>
        </test-method> <!-- beforeTest -->
        <test-method status="PASS" signature="beforeMethod(java.lang.String)[pri:0, instance:SaveDesign.SaveDesign@22f71333]" name="beforeMethod" is-config="true" duration-ms="8217" started-at="2015-09-18T01:02:31Z" finished-at="2015-09-18T01:02:39Z">
          <params>
            <param index="0">
              <value>
                <![CDATA[http://root.test.customfurnish.com/]]>
              </value>
            </param>
          </params>
          <reporter-output>
          </reporter-output>
        </test-method> <!-- beforeMethod -->
        <test-method status="PASS" signature="Exteriors(java.lang.String)[pri:0, instance:SaveDesign.SaveDesign@22f71333]" name="Exteriors" duration-ms="127599" started-at="2015-09-18T01:02:39Z" finished-at="2015-09-18T01:04:47Z">
          <params>
            <param index="0">
              <value>
                <![CDATA[http://root.test.customfurnish.com/]]>
              </value>
            </param>
          </params>
          <reporter-output>
          </reporter-output>
        </test-method> <!-- Exteriors -->
        <test-method status="PASS" signature="afterMethod()[pri:0, instance:SaveDesign.SaveDesign@22f71333]" name="afterMethod" is-config="true" duration-ms="590" started-at="2015-09-18T01:04:47Z" finished-at="2015-09-18T01:04:48Z">
          <reporter-output>
          </reporter-output>
        </test-method> <!-- afterMethod -->
        <test-method status="PASS" signature="beforeMethod(java.lang.String)[pri:0, instance:SaveDesign.SaveDesign@22f71333]" name="beforeMethod" is-config="true" duration-ms="8228" started-at="2015-09-18T01:04:48Z" finished-at="2015-09-18T01:04:56Z">
          <params>
            <param index="0">
              <value>
                <![CDATA[http://root.test.customfurnish.com/]]>
              </value>
            </param>
          </params>
          <reporter-output>
          </reporter-output>
        </test-method> <!-- beforeMethod -->
        <test-method status="PASS" signature="Interiors(java.lang.String)[pri:0, instance:SaveDesign.SaveDesign@22f71333]" name="Interiors" duration-ms="132965" started-at="2015-09-18T01:04:56Z" finished-at="2015-09-18T01:07:09Z">
          <params>
            <param index="0">
              <value>
                <![CDATA[http://root.test.customfurnish.com/]]>
              </value>
            </param>
          </params>
          <reporter-output>
          </reporter-output>
        </test-method> <!-- Interiors -->
        <test-method status="PASS" signature="afterMethod()[pri:0, instance:SaveDesign.SaveDesign@22f71333]" name="afterMethod" is-config="true" duration-ms="580" started-at="2015-09-18T01:07:09Z" finished-at="2015-09-18T01:07:09Z">
          <reporter-output>
          </reporter-output>
        </test-method> <!-- afterMethod -->
        <test-method status="PASS" signature="afterTest()[pri:0, instance:SaveDesign.SaveDesign@22f71333]" name="afterTest" is-config="true" duration-ms="0" started-at="2015-09-18T01:07:09Z" finished-at="2015-09-18T01:07:09Z">
          <reporter-output>
          </reporter-output>
        </test-method> <!-- afterTest -->
      </class> <!-- SaveDesign.SaveDesign -->
    </test> <!-- SaveDesign -->
    <test name="Signup" duration-ms="339458" started-at="2015-09-17T19:37:09Z" finished-at="2015-09-17T19:42:49Z">
      <class name="Signup.AccessoriesPage">
        <test-method status="PASS" signature="beforeTest(java.lang.String)[pri:0, instance:Signup.AccessoriesPage@38082d64]" name="beforeTest" is-config="true" duration-ms="6388" started-at="2015-09-18T01:12:07Z" finished-at="2015-09-18T01:12:13Z">
          <params>
            <param index="0">
              <value>
                <![CDATA[http://root.test.customfurnish.com/]]>
              </value>
            </param>
          </params>
          <reporter-output>
          </reporter-output>
        </test-method> <!-- beforeTest -->
        <test-method status="FAIL" signature="Accessoriespage(java.lang.String)[pri:0, instance:Signup.AccessoriesPage@38082d64]" name="Accessoriespage" duration-ms="3547" started-at="2015-09-18T01:12:13Z" finished-at="2015-09-18T01:12:17Z">
          <params>
            <param index="0">
              <value>
                <![CDATA[http://root.test.customfurnish.com/]]>
              </value>
            </param>
          </params>
          <exception class="org.openqa.selenium.NoSuchElementException">
            <message>
              <![CDATA[no such element
  (Session info: chrome=43.0.2357.134)
  (Driver info: chromedriver=2.9.248304,platform=Linux 3.16.0-43-generic x86_64) (WARNING: The server did not provide any stacktrace information)
Command duration or timeout: 16 milliseconds
For documentation on this error, please visit: http://seleniumhq.org/exceptions/no_such_element.html
Build info: version: '2.44.0', revision: '76d78cf', time: '2014-10-23 20:03:00'
System info: host: 'kustommade-desktop', ip: '127.0.1.1', os.name: 'Linux', os.arch: 'amd64', os.version: '3.16.0-43-generic', java.version: '1.8.0_45'
Driver info: org.openqa.selenium.chrome.ChromeDriver
Capabilities [{applicationCacheEnabled=false, rotatable=false, chrome={userDataDir=/tmp/.com.google.Chrome.SNP1jN}, takesHeapSnapshot=true, databaseEnabled=false, handlesAlerts=true, version=43.0.2357.134, platform=LINUX, browserConnectionEnabled=false, nativeEvents=true, acceptSslCerts=true, locationContextEnabled=true, webStorageEnabled=true, browserName=chrome, takesScreenshot=true, javascriptEnabled=true, cssSelectorsEnabled=true}]
Session ID: 7e1d2f6cb2121b0003e067864c1f6bbc]]>
            </message>
            <full-stacktrace>
              <![CDATA[org.openqa.selenium.NoSuchElementException: no such element
  (Session info: chrome=43.0.2357.134)
  (Driver info: chromedriver=2.9.248304,platform=Linux 3.16.0-43-generic x86_64) (WARNING: The server did not provide any stacktrace information)
Command duration or timeout: 16 milliseconds
For documentation on this error, please visit: http://seleniumhq.org/exceptions/no_such_element.html
Build info: version: '2.44.0', revision: '76d78cf', time: '2014-10-23 20:03:00'
System info: host: 'kustommade-desktop', ip: '127.0.1.1', os.name: 'Linux', os.arch: 'amd64', os.version: '3.16.0-43-generic', java.version: '1.8.0_45'
Driver info: org.openqa.selenium.chrome.ChromeDriver
Capabilities [{applicationCacheEnabled=false, rotatable=false, chrome={userDataDir=/tmp/.com.google.Chrome.SNP1jN}, takesHeapSnapshot=true, databaseEnabled=false, handlesAlerts=true, version=43.0.2357.134, platform=LINUX, browserConnectionEnabled=false, nativeEvents=true, acceptSslCerts=true, locationContextEnabled=true, webStorageEnabled=true, browserName=chrome, takesScreenshot=true, javascriptEnabled=true, cssSelectorsEnabled=true}]
Session ID: 7e1d2f6cb2121b0003e067864c1f6bbc
	at sun.reflect.NativeConstructorAccessorImpl.newInstance0(Native Method)
	at sun.reflect.NativeConstructorAccessorImpl.newInstance(NativeConstructorAccessorImpl.java:62)
	at sun.reflect.DelegatingConstructorAccessorImpl.newInstance(DelegatingConstructorAccessorImpl.java:45)
	at java.lang.reflect.Constructor.newInstance(Constructor.java:422)
	at org.openqa.selenium.remote.ErrorHandler.createThrowable(ErrorHandler.java:204)
	at org.openqa.selenium.remote.ErrorHandler.throwIfResponseFailed(ErrorHandler.java:156)
	at org.openqa.selenium.remote.RemoteWebDriver.execute(RemoteWebDriver.java:599)
	at org.openqa.selenium.remote.RemoteWebDriver.findElement(RemoteWebDriver.java:352)
	at org.openqa.selenium.remote.RemoteWebDriver.findElementByXPath(RemoteWebDriver.java:449)
	at org.openqa.selenium.By$ByXPath.findElement(By.java:357)
	at org.openqa.selenium.remote.RemoteWebDriver.findElement(RemoteWebDriver.java:344)
	at Signup.AccessoriesPage.navigateAccessoriesPage(Unknown Source)
	at Signup.AccessoriesPage.Accessoriespage(Unknown Source)
	at sun.reflect.NativeMethodAccessorImpl.invoke0(Native Method)
	at sun.reflect.NativeMethodAccessorImpl.invoke(NativeMethodAccessorImpl.java:62)
	at sun.reflect.DelegatingMethodAccessorImpl.invoke(DelegatingMethodAccessorImpl.java:43)
	at java.lang.reflect.Method.invoke(Method.java:497)
	at org.testng.internal.MethodInvocationHelper.invokeMethod(MethodInvocationHelper.java:80)
	at org.testng.internal.Invoker.invokeMethod(Invoker.java:714)
	at org.testng.internal.Invoker.invokeTestMethod(Invoker.java:901)
	at org.testng.internal.Invoker.invokeTestMethods(Invoker.java:1231)
	at org.testng.internal.TestMethodWorker.invokeTestMethods(TestMethodWorker.java:127)
	at org.testng.internal.TestMethodWorker.run(TestMethodWorker.java:111)
	at org.testng.TestRunner.privateRun(TestRunner.java:767)
	at org.testng.TestRunner.run(TestRunner.java:617)
	at org.testng.SuiteRunner.runTest(SuiteRunner.java:334)
	at org.testng.SuiteRunner.runSequentially(SuiteRunner.java:329)
	at org.testng.SuiteRunner.privateRun(SuiteRunner.java:291)
	at org.testng.SuiteRunner.run(SuiteRunner.java:240)
	at org.testng.SuiteRunnerWorker.runSuite(SuiteRunnerWorker.java:52)
	at org.testng.SuiteRunnerWorker.run(SuiteRunnerWorker.java:86)
	at org.testng.TestNG.runSuitesSequentially(TestNG.java:1198)
	at org.testng.TestNG.runSuitesLocally(TestNG.java:1123)
	at org.testng.TestNG.run(TestNG.java:1031)
	at org.testng.TestNG.privateMain(TestNG.java:1338)
	at org.testng.TestNG.main(TestNG.java:1307)
]]>
            </full-stacktrace>
          </exception> <!-- org.openqa.selenium.NoSuchElementException -->
          <reporter-output>
          </reporter-output>
        </test-method> <!-- Accessoriespage -->
        <test-method status="PASS" signature="afterTest()[pri:0, instance:Signup.AccessoriesPage@38082d64]" name="afterTest" is-config="true" duration-ms="561" started-at="2015-09-18T01:12:17Z" finished-at="2015-09-18T01:12:17Z">
          <reporter-output>
          </reporter-output>
        </test-method> <!-- afterTest -->
      </class> <!-- Signup.AccessoriesPage -->
      <class name="Signup.Subscribe">
        <test-method status="PASS" signature="beforeTest(java.lang.String)[pri:0, instance:Signup.Subscribe@64616ca2]" name="beforeTest" is-config="true" duration-ms="6431" started-at="2015-09-18T01:12:28Z" finished-at="2015-09-18T01:12:34Z">
          <params>
            <param index="0">
              <value>
                <![CDATA[http://root.test.customfurnish.com/]]>
              </value>
            </param>
          </params>
          <reporter-output>
          </reporter-output>
        </test-method> <!-- beforeTest -->
        <test-method status="PASS" signature="subscribe(java.lang.String)[pri:0, instance:Signup.Subscribe@64616ca2]" name="subscribe" duration-ms="3924" started-at="2015-09-18T01:12:34Z" finished-at="2015-09-18T01:12:38Z">
          <params>
            <param index="0">
              <value>
                <![CDATA[http://root.test.customfurnish.com/]]>
              </value>
            </param>
          </params>
          <reporter-output>
          </reporter-output>
        </test-method> <!-- subscribe -->
        <test-method status="PASS" signature="afterTest()[pri:0, instance:Signup.Subscribe@64616ca2]" name="afterTest" is-config="true" duration-ms="556" started-at="2015-09-18T01:12:38Z" finished-at="2015-09-18T01:12:39Z">
          <reporter-output>
          </reporter-output>
        </test-method> <!-- afterTest -->
      </class> <!-- Signup.Subscribe -->
      <class name="Signup.CartPage">
        <test-method status="PASS" signature="beforeTest(java.lang.String)[pri:0, instance:Signup.CartPage@73f792cf]" name="beforeTest" is-config="true" duration-ms="6134" started-at="2015-09-18T01:12:39Z" finished-at="2015-09-18T01:12:45Z">
          <params>
            <param index="0">
              <value>
                <![CDATA[http://root.test.customfurnish.com/]]>
              </value>
            </param>
          </params>
          <reporter-output>
          </reporter-output>
        </test-method> <!-- beforeTest -->
        <test-method status="FAIL" signature="Cartpage(java.lang.String)[pri:0, instance:Signup.CartPage@73f792cf]" name="Cartpage" duration-ms="3449" started-at="2015-09-18T01:12:45Z" finished-at="2015-09-18T01:12:48Z">
          <params>
            <param index="0">
              <value>
                <![CDATA[http://root.test.customfurnish.com/]]>
              </value>
            </param>
          </params>
          <exception class="org.openqa.selenium.NoSuchElementException">
            <message>
              <![CDATA[no such element
  (Session info: chrome=43.0.2357.134)
  (Driver info: chromedriver=2.9.248304,platform=Linux 3.16.0-43-generic x86_64) (WARNING: The server did not provide any stacktrace information)
Command duration or timeout: 12 milliseconds
For documentation on this error, please visit: http://seleniumhq.org/exceptions/no_such_element.html
Build info: version: '2.44.0', revision: '76d78cf', time: '2014-10-23 20:03:00'
System info: host: 'kustommade-desktop', ip: '127.0.1.1', os.name: 'Linux', os.arch: 'amd64', os.version: '3.16.0-43-generic', java.version: '1.8.0_45'
Driver info: org.openqa.selenium.chrome.ChromeDriver
Capabilities [{applicationCacheEnabled=false, rotatable=false, chrome={userDataDir=/tmp/.com.google.Chrome.Tsj2qB}, takesHeapSnapshot=true, databaseEnabled=false, handlesAlerts=true, version=43.0.2357.134, platform=LINUX, browserConnectionEnabled=false, nativeEvents=true, acceptSslCerts=true, locationContextEnabled=true, webStorageEnabled=true, browserName=chrome, takesScreenshot=true, javascriptEnabled=true, cssSelectorsEnabled=true}]
Session ID: cca06b1fadb1b2c31e4acf3b6f64c779]]>
            </message>
            <full-stacktrace>
              <![CDATA[org.openqa.selenium.NoSuchElementException: no such element
  (Session info: chrome=43.0.2357.134)
  (Driver info: chromedriver=2.9.248304,platform=Linux 3.16.0-43-generic x86_64) (WARNING: The server did not provide any stacktrace information)
Command duration or timeout: 12 milliseconds
For documentation on this error, please visit: http://seleniumhq.org/exceptions/no_such_element.html
Build info: version: '2.44.0', revision: '76d78cf', time: '2014-10-23 20:03:00'
System info: host: 'kustommade-desktop', ip: '127.0.1.1', os.name: 'Linux', os.arch: 'amd64', os.version: '3.16.0-43-generic', java.version: '1.8.0_45'
Driver info: org.openqa.selenium.chrome.ChromeDriver
Capabilities [{applicationCacheEnabled=false, rotatable=false, chrome={userDataDir=/tmp/.com.google.Chrome.Tsj2qB}, takesHeapSnapshot=true, databaseEnabled=false, handlesAlerts=true, version=43.0.2357.134, platform=LINUX, browserConnectionEnabled=false, nativeEvents=true, acceptSslCerts=true, locationContextEnabled=true, webStorageEnabled=true, browserName=chrome, takesScreenshot=true, javascriptEnabled=true, cssSelectorsEnabled=true}]
Session ID: cca06b1fadb1b2c31e4acf3b6f64c779
	at sun.reflect.NativeConstructorAccessorImpl.newInstance0(Native Method)
	at sun.reflect.NativeConstructorAccessorImpl.newInstance(NativeConstructorAccessorImpl.java:62)
	at sun.reflect.DelegatingConstructorAccessorImpl.newInstance(DelegatingConstructorAccessorImpl.java:45)
	at java.lang.reflect.Constructor.newInstance(Constructor.java:422)
	at org.openqa.selenium.remote.ErrorHandler.createThrowable(ErrorHandler.java:204)
	at org.openqa.selenium.remote.ErrorHandler.throwIfResponseFailed(ErrorHandler.java:156)
	at org.openqa.selenium.remote.RemoteWebDriver.execute(RemoteWebDriver.java:599)
	at org.openqa.selenium.remote.RemoteWebDriver.findElement(RemoteWebDriver.java:352)
	at org.openqa.selenium.remote.RemoteWebDriver.findElementByXPath(RemoteWebDriver.java:449)
	at org.openqa.selenium.By$ByXPath.findElement(By.java:357)
	at org.openqa.selenium.remote.RemoteWebDriver.findElement(RemoteWebDriver.java:344)
	at Signup.CartPage.navigateCartPage(Unknown Source)
	at Signup.CartPage.Cartpage(Unknown Source)
	at sun.reflect.NativeMethodAccessorImpl.invoke0(Native Method)
	at sun.reflect.NativeMethodAccessorImpl.invoke(NativeMethodAccessorImpl.java:62)
	at sun.reflect.DelegatingMethodAccessorImpl.invoke(DelegatingMethodAccessorImpl.java:43)
	at java.lang.reflect.Method.invoke(Method.java:497)
	at org.testng.internal.MethodInvocationHelper.invokeMethod(MethodInvocationHelper.java:80)
	at org.testng.internal.Invoker.invokeMethod(Invoker.java:714)
	at org.testng.internal.Invoker.invokeTestMethod(Invoker.java:901)
	at org.testng.internal.Invoker.invokeTestMethods(Invoker.java:1231)
	at org.testng.internal.TestMethodWorker.invokeTestMethods(TestMethodWorker.java:127)
	at org.testng.internal.TestMethodWorker.run(TestMethodWorker.java:111)
	at org.testng.TestRunner.privateRun(TestRunner.java:767)
	at org.testng.TestRunner.run(TestRunner.java:617)
	at org.testng.SuiteRunner.runTest(SuiteRunner.java:334)
	at org.testng.SuiteRunner.runSequentially(SuiteRunner.java:329)
	at org.testng.SuiteRunner.privateRun(SuiteRunner.java:291)
	at org.testng.SuiteRunner.run(SuiteRunner.java:240)
	at org.testng.SuiteRunnerWorker.runSuite(SuiteRunnerWorker.java:52)
	at org.testng.SuiteRunnerWorker.run(SuiteRunnerWorker.java:86)
	at org.testng.TestNG.runSuitesSequentially(TestNG.java:1198)
	at org.testng.TestNG.runSuitesLocally(TestNG.java:1123)
	at org.testng.TestNG.run(TestNG.java:1031)
	at org.testng.TestNG.privateMain(TestNG.java:1338)
	at org.testng.TestNG.main(TestNG.java:1307)
]]>
            </full-stacktrace>
          </exception> <!-- org.openqa.selenium.NoSuchElementException -->
          <reporter-output>
          </reporter-output>
        </test-method> <!-- Cartpage -->
        <test-method status="PASS" signature="afterTest()[pri:0, instance:Signup.CartPage@73f792cf]" name="afterTest" is-config="true" duration-ms="554" started-at="2015-09-18T01:12:48Z" finished-at="2015-09-18T01:12:49Z">
          <reporter-output>
          </reporter-output>
        </test-method> <!-- afterTest -->
      </class> <!-- Signup.CartPage -->
      <class name="Signup.LandingPage">
        <test-method status="PASS" signature="beforeTest(java.lang.String)[pri:0, instance:Signup.LandingPage@5f2050f6]" name="beforeTest" is-config="true" duration-ms="7982" started-at="2015-09-18T01:07:09Z" finished-at="2015-09-18T01:07:17Z">
          <params>
            <param index="0">
              <value>
                <![CDATA[http://root.test.customfurnish.com/]]>
              </value>
            </param>
          </params>
          <reporter-output>
          </reporter-output>
        </test-method> <!-- beforeTest -->
        <test-method status="FAIL" signature="Landingpage(java.lang.String)[pri:0, instance:Signup.LandingPage@5f2050f6]" name="Landingpage" duration-ms="64456" started-at="2015-09-18T01:07:17Z" finished-at="2015-09-18T01:08:22Z">
          <params>
            <param index="0">
              <value>
                <![CDATA[http://root.test.customfurnish.com/]]>
              </value>
            </param>
          </params>
          <exception class="org.openqa.selenium.NoSuchElementException">
            <message>
              <![CDATA[no such element
  (Session info: chrome=43.0.2357.134)
  (Driver info: chromedriver=2.9.248304,platform=Linux 3.16.0-43-generic x86_64) (WARNING: The server did not provide any stacktrace information)
Command duration or timeout: 20 milliseconds
For documentation on this error, please visit: http://seleniumhq.org/exceptions/no_such_element.html
Build info: version: '2.44.0', revision: '76d78cf', time: '2014-10-23 20:03:00'
System info: host: 'kustommade-desktop', ip: '127.0.1.1', os.name: 'Linux', os.arch: 'amd64', os.version: '3.16.0-43-generic', java.version: '1.8.0_45'
Driver info: org.openqa.selenium.chrome.ChromeDriver
Capabilities [{applicationCacheEnabled=false, rotatable=false, chrome={userDataDir=/tmp/.com.google.Chrome.6yxo5y}, takesHeapSnapshot=true, databaseEnabled=false, handlesAlerts=true, version=43.0.2357.134, platform=LINUX, browserConnectionEnabled=false, nativeEvents=true, acceptSslCerts=true, locationContextEnabled=true, webStorageEnabled=true, browserName=chrome, takesScreenshot=true, javascriptEnabled=true, cssSelectorsEnabled=true}]
Session ID: f8827a501583b30ecda46853b4bdde7a]]>
            </message>
            <full-stacktrace>
              <![CDATA[org.openqa.selenium.NoSuchElementException: no such element
  (Session info: chrome=43.0.2357.134)
  (Driver info: chromedriver=2.9.248304,platform=Linux 3.16.0-43-generic x86_64) (WARNING: The server did not provide any stacktrace information)
Command duration or timeout: 20 milliseconds
For documentation on this error, please visit: http://seleniumhq.org/exceptions/no_such_element.html
Build info: version: '2.44.0', revision: '76d78cf', time: '2014-10-23 20:03:00'
System info: host: 'kustommade-desktop', ip: '127.0.1.1', os.name: 'Linux', os.arch: 'amd64', os.version: '3.16.0-43-generic', java.version: '1.8.0_45'
Driver info: org.openqa.selenium.chrome.ChromeDriver
Capabilities [{applicationCacheEnabled=false, rotatable=false, chrome={userDataDir=/tmp/.com.google.Chrome.6yxo5y}, takesHeapSnapshot=true, databaseEnabled=false, handlesAlerts=true, version=43.0.2357.134, platform=LINUX, browserConnectionEnabled=false, nativeEvents=true, acceptSslCerts=true, locationContextEnabled=true, webStorageEnabled=true, browserName=chrome, takesScreenshot=true, javascriptEnabled=true, cssSelectorsEnabled=true}]
Session ID: f8827a501583b30ecda46853b4bdde7a
	at sun.reflect.NativeConstructorAccessorImpl.newInstance0(Native Method)
	at sun.reflect.NativeConstructorAccessorImpl.newInstance(NativeConstructorAccessorImpl.java:62)
	at sun.reflect.DelegatingConstructorAccessorImpl.newInstance(DelegatingConstructorAccessorImpl.java:45)
	at java.lang.reflect.Constructor.newInstance(Constructor.java:422)
	at org.openqa.selenium.remote.ErrorHandler.createThrowable(ErrorHandler.java:204)
	at org.openqa.selenium.remote.ErrorHandler.throwIfResponseFailed(ErrorHandler.java:156)
	at org.openqa.selenium.remote.RemoteWebDriver.execute(RemoteWebDriver.java:599)
	at org.openqa.selenium.remote.RemoteWebDriver.findElement(RemoteWebDriver.java:352)
	at org.openqa.selenium.remote.RemoteWebDriver.findElementByXPath(RemoteWebDriver.java:449)
	at org.openqa.selenium.By$ByXPath.findElement(By.java:357)
	at org.openqa.selenium.remote.RemoteWebDriver.findElement(RemoteWebDriver.java:344)
	at Signup.LandingPage.signinGoogle(Unknown Source)
	at Signup.LandingPage.Landingpage(Unknown Source)
	at sun.reflect.NativeMethodAccessorImpl.invoke0(Native Method)
	at sun.reflect.NativeMethodAccessorImpl.invoke(NativeMethodAccessorImpl.java:62)
	at sun.reflect.DelegatingMethodAccessorImpl.invoke(DelegatingMethodAccessorImpl.java:43)
	at java.lang.reflect.Method.invoke(Method.java:497)
	at org.testng.internal.MethodInvocationHelper.invokeMethod(MethodInvocationHelper.java:80)
	at org.testng.internal.Invoker.invokeMethod(Invoker.java:714)
	at org.testng.internal.Invoker.invokeTestMethod(Invoker.java:901)
	at org.testng.internal.Invoker.invokeTestMethods(Invoker.java:1231)
	at org.testng.internal.TestMethodWorker.invokeTestMethods(TestMethodWorker.java:127)
	at org.testng.internal.TestMethodWorker.run(TestMethodWorker.java:111)
	at org.testng.TestRunner.privateRun(TestRunner.java:767)
	at org.testng.TestRunner.run(TestRunner.java:617)
	at org.testng.SuiteRunner.runTest(SuiteRunner.java:334)
	at org.testng.SuiteRunner.runSequentially(SuiteRunner.java:329)
	at org.testng.SuiteRunner.privateRun(SuiteRunner.java:291)
	at org.testng.SuiteRunner.run(SuiteRunner.java:240)
	at org.testng.SuiteRunnerWorker.runSuite(SuiteRunnerWorker.java:52)
	at org.testng.SuiteRunnerWorker.run(SuiteRunnerWorker.java:86)
	at org.testng.TestNG.runSuitesSequentially(TestNG.java:1198)
	at org.testng.TestNG.runSuitesLocally(TestNG.java:1123)
	at org.testng.TestNG.run(TestNG.java:1031)
	at org.testng.TestNG.privateMain(TestNG.java:1338)
	at org.testng.TestNG.main(TestNG.java:1307)
]]>
            </full-stacktrace>
          </exception> <!-- org.openqa.selenium.NoSuchElementException -->
          <reporter-output>
          </reporter-output>
        </test-method> <!-- Landingpage -->
        <test-method status="PASS" signature="afterTest()[pri:0, instance:Signup.LandingPage@5f2050f6]" name="afterTest" is-config="true" duration-ms="567" started-at="2015-09-18T01:08:22Z" finished-at="2015-09-18T01:08:22Z">
          <reporter-output>
          </reporter-output>
        </test-method> <!-- afterTest -->
      </class> <!-- Signup.LandingPage -->
      <class name="Signup.DimensionsPage">
        <test-method status="PASS" signature="beforeTest(java.lang.String)[pri:0, instance:Signup.DimensionsPage@26ba2a48]" name="beforeTest" is-config="true" duration-ms="5930" started-at="2015-09-18T01:09:59Z" finished-at="2015-09-18T01:10:05Z">
          <params>
            <param index="0">
              <value>
                <![CDATA[http://root.test.customfurnish.com/]]>
              </value>
            </param>
          </params>
          <reporter-output>
          </reporter-output>
        </test-method> <!-- beforeTest -->
        <test-method status="FAIL" signature="Dimensionspage(java.lang.String)[pri:0, instance:Signup.DimensionsPage@26ba2a48]" name="Dimensionspage" duration-ms="89993" started-at="2015-09-18T01:10:05Z" finished-at="2015-09-18T01:11:35Z">
          <params>
            <param index="0">
              <value>
                <![CDATA[http://root.test.customfurnish.com/]]>
              </value>
            </param>
          </params>
          <exception class="org.openqa.selenium.NoSuchElementException">
            <message>
              <![CDATA[no such element
  (Session info: chrome=43.0.2357.134)
  (Driver info: chromedriver=2.9.248304,platform=Linux 3.16.0-43-generic x86_64) (WARNING: The server did not provide any stacktrace information)
Command duration or timeout: 14 milliseconds
For documentation on this error, please visit: http://seleniumhq.org/exceptions/no_such_element.html
Build info: version: '2.44.0', revision: '76d78cf', time: '2014-10-23 20:03:00'
System info: host: 'kustommade-desktop', ip: '127.0.1.1', os.name: 'Linux', os.arch: 'amd64', os.version: '3.16.0-43-generic', java.version: '1.8.0_45'
Driver info: org.openqa.selenium.chrome.ChromeDriver
Capabilities [{applicationCacheEnabled=false, rotatable=false, chrome={userDataDir=/tmp/.com.google.Chrome.kXHN8P}, takesHeapSnapshot=true, databaseEnabled=false, handlesAlerts=true, version=43.0.2357.134, platform=LINUX, browserConnectionEnabled=false, nativeEvents=true, acceptSslCerts=true, locationContextEnabled=true, webStorageEnabled=true, browserName=chrome, takesScreenshot=true, javascriptEnabled=true, cssSelectorsEnabled=true}]
Session ID: 11d7a53dd48c79b788f1faa09b2fd7cc]]>
            </message>
            <full-stacktrace>
              <![CDATA[org.openqa.selenium.NoSuchElementException: no such element
  (Session info: chrome=43.0.2357.134)
  (Driver info: chromedriver=2.9.248304,platform=Linux 3.16.0-43-generic x86_64) (WARNING: The server did not provide any stacktrace information)
Command duration or timeout: 14 milliseconds
For documentation on this error, please visit: http://seleniumhq.org/exceptions/no_such_element.html
Build info: version: '2.44.0', revision: '76d78cf', time: '2014-10-23 20:03:00'
System info: host: 'kustommade-desktop', ip: '127.0.1.1', os.name: 'Linux', os.arch: 'amd64', os.version: '3.16.0-43-generic', java.version: '1.8.0_45'
Driver info: org.openqa.selenium.chrome.ChromeDriver
Capabilities [{applicationCacheEnabled=false, rotatable=false, chrome={userDataDir=/tmp/.com.google.Chrome.kXHN8P}, takesHeapSnapshot=true, databaseEnabled=false, handlesAlerts=true, version=43.0.2357.134, platform=LINUX, browserConnectionEnabled=false, nativeEvents=true, acceptSslCerts=true, locationContextEnabled=true, webStorageEnabled=true, browserName=chrome, takesScreenshot=true, javascriptEnabled=true, cssSelectorsEnabled=true}]
Session ID: 11d7a53dd48c79b788f1faa09b2fd7cc
	at sun.reflect.NativeConstructorAccessorImpl.newInstance0(Native Method)
	at sun.reflect.NativeConstructorAccessorImpl.newInstance(NativeConstructorAccessorImpl.java:62)
	at sun.reflect.DelegatingConstructorAccessorImpl.newInstance(DelegatingConstructorAccessorImpl.java:45)
	at java.lang.reflect.Constructor.newInstance(Constructor.java:422)
	at org.openqa.selenium.remote.ErrorHandler.createThrowable(ErrorHandler.java:204)
	at org.openqa.selenium.remote.ErrorHandler.throwIfResponseFailed(ErrorHandler.java:156)
	at org.openqa.selenium.remote.RemoteWebDriver.execute(RemoteWebDriver.java:599)
	at org.openqa.selenium.remote.RemoteWebDriver.findElement(RemoteWebDriver.java:352)
	at org.openqa.selenium.remote.RemoteWebDriver.findElementByXPath(RemoteWebDriver.java:449)
	at org.openqa.selenium.By$ByXPath.findElement(By.java:357)
	at org.openqa.selenium.remote.RemoteWebDriver.findElement(RemoteWebDriver.java:344)
	at Signup.DimensionsPage.signinGoogle(Unknown Source)
	at Signup.DimensionsPage.Dimensionspage(Unknown Source)
	at sun.reflect.NativeMethodAccessorImpl.invoke0(Native Method)
	at sun.reflect.NativeMethodAccessorImpl.invoke(NativeMethodAccessorImpl.java:62)
	at sun.reflect.DelegatingMethodAccessorImpl.invoke(DelegatingMethodAccessorImpl.java:43)
	at java.lang.reflect.Method.invoke(Method.java:497)
	at org.testng.internal.MethodInvocationHelper.invokeMethod(MethodInvocationHelper.java:80)
	at org.testng.internal.Invoker.invokeMethod(Invoker.java:714)
	at org.testng.internal.Invoker.invokeTestMethod(Invoker.java:901)
	at org.testng.internal.Invoker.invokeTestMethods(Invoker.java:1231)
	at org.testng.internal.TestMethodWorker.invokeTestMethods(TestMethodWorker.java:127)
	at org.testng.internal.TestMethodWorker.run(TestMethodWorker.java:111)
	at org.testng.TestRunner.privateRun(TestRunner.java:767)
	at org.testng.TestRunner.run(TestRunner.java:617)
	at org.testng.SuiteRunner.runTest(SuiteRunner.java:334)
	at org.testng.SuiteRunner.runSequentially(SuiteRunner.java:329)
	at org.testng.SuiteRunner.privateRun(SuiteRunner.java:291)
	at org.testng.SuiteRunner.run(SuiteRunner.java:240)
	at org.testng.SuiteRunnerWorker.runSuite(SuiteRunnerWorker.java:52)
	at org.testng.SuiteRunnerWorker.run(SuiteRunnerWorker.java:86)
	at org.testng.TestNG.runSuitesSequentially(TestNG.java:1198)
	at org.testng.TestNG.runSuitesLocally(TestNG.java:1123)
	at org.testng.TestNG.run(TestNG.java:1031)
	at org.testng.TestNG.privateMain(TestNG.java:1338)
	at org.testng.TestNG.main(TestNG.java:1307)
]]>
            </full-stacktrace>
          </exception> <!-- org.openqa.selenium.NoSuchElementException -->
          <reporter-output>
          </reporter-output>
        </test-method> <!-- Dimensionspage -->
        <test-method status="PASS" signature="afterTest()[pri:0, instance:Signup.DimensionsPage@26ba2a48]" name="afterTest" is-config="true" duration-ms="559" started-at="2015-09-18T01:11:35Z" finished-at="2015-09-18T01:11:36Z">
          <reporter-output>
          </reporter-output>
        </test-method> <!-- afterTest -->
      </class> <!-- Signup.DimensionsPage -->
      <class name="Signup.ExteriorsPage">
        <test-method status="PASS" signature="beforeTest(java.lang.String)[pri:0, instance:Signup.ExteriorsPage@2ed94a8b]" name="beforeTest" is-config="true" duration-ms="6306" started-at="2015-09-18T01:11:56Z" finished-at="2015-09-18T01:12:03Z">
          <params>
            <param index="0">
              <value>
                <![CDATA[http://root.test.customfurnish.com/]]>
              </value>
            </param>
          </params>
          <reporter-output>
          </reporter-output>
        </test-method> <!-- beforeTest -->
        <test-method status="FAIL" signature="Exteriorspage(java.lang.String)[pri:0, instance:Signup.ExteriorsPage@2ed94a8b]" name="Exteriorspage" duration-ms="3509" started-at="2015-09-18T01:12:03Z" finished-at="2015-09-18T01:12:06Z">
          <params>
            <param index="0">
              <value>
                <![CDATA[http://root.test.customfurnish.com/]]>
              </value>
            </param>
          </params>
          <exception class="org.openqa.selenium.NoSuchElementException">
            <message>
              <![CDATA[no such element
  (Session info: chrome=43.0.2357.134)
  (Driver info: chromedriver=2.9.248304,platform=Linux 3.16.0-43-generic x86_64) (WARNING: The server did not provide any stacktrace information)
Command duration or timeout: 12 milliseconds
For documentation on this error, please visit: http://seleniumhq.org/exceptions/no_such_element.html
Build info: version: '2.44.0', revision: '76d78cf', time: '2014-10-23 20:03:00'
System info: host: 'kustommade-desktop', ip: '127.0.1.1', os.name: 'Linux', os.arch: 'amd64', os.version: '3.16.0-43-generic', java.version: '1.8.0_45'
Driver info: org.openqa.selenium.chrome.ChromeDriver
Capabilities [{applicationCacheEnabled=false, rotatable=false, chrome={userDataDir=/tmp/.com.google.Chrome.hnZDIM}, takesHeapSnapshot=true, databaseEnabled=false, handlesAlerts=true, version=43.0.2357.134, platform=LINUX, browserConnectionEnabled=false, nativeEvents=true, acceptSslCerts=true, locationContextEnabled=true, webStorageEnabled=true, browserName=chrome, takesScreenshot=true, javascriptEnabled=true, cssSelectorsEnabled=true}]
Session ID: 035ef86692753be7324f7fce2d674947]]>
            </message>
            <full-stacktrace>
              <![CDATA[org.openqa.selenium.NoSuchElementException: no such element
  (Session info: chrome=43.0.2357.134)
  (Driver info: chromedriver=2.9.248304,platform=Linux 3.16.0-43-generic x86_64) (WARNING: The server did not provide any stacktrace information)
Command duration or timeout: 12 milliseconds
For documentation on this error, please visit: http://seleniumhq.org/exceptions/no_such_element.html
Build info: version: '2.44.0', revision: '76d78cf', time: '2014-10-23 20:03:00'
System info: host: 'kustommade-desktop', ip: '127.0.1.1', os.name: 'Linux', os.arch: 'amd64', os.version: '3.16.0-43-generic', java.version: '1.8.0_45'
Driver info: org.openqa.selenium.chrome.ChromeDriver
Capabilities [{applicationCacheEnabled=false, rotatable=false, chrome={userDataDir=/tmp/.com.google.Chrome.hnZDIM}, takesHeapSnapshot=true, databaseEnabled=false, handlesAlerts=true, version=43.0.2357.134, platform=LINUX, browserConnectionEnabled=false, nativeEvents=true, acceptSslCerts=true, locationContextEnabled=true, webStorageEnabled=true, browserName=chrome, takesScreenshot=true, javascriptEnabled=true, cssSelectorsEnabled=true}]
Session ID: 035ef86692753be7324f7fce2d674947
	at sun.reflect.NativeConstructorAccessorImpl.newInstance0(Native Method)
	at sun.reflect.NativeConstructorAccessorImpl.newInstance(NativeConstructorAccessorImpl.java:62)
	at sun.reflect.DelegatingConstructorAccessorImpl.newInstance(DelegatingConstructorAccessorImpl.java:45)
	at java.lang.reflect.Constructor.newInstance(Constructor.java:422)
	at org.openqa.selenium.remote.ErrorHandler.createThrowable(ErrorHandler.java:204)
	at org.openqa.selenium.remote.ErrorHandler.throwIfResponseFailed(ErrorHandler.java:156)
	at org.openqa.selenium.remote.RemoteWebDriver.execute(RemoteWebDriver.java:599)
	at org.openqa.selenium.remote.RemoteWebDriver.findElement(RemoteWebDriver.java:352)
	at org.openqa.selenium.remote.RemoteWebDriver.findElementByXPath(RemoteWebDriver.java:449)
	at org.openqa.selenium.By$ByXPath.findElement(By.java:357)
	at org.openqa.selenium.remote.RemoteWebDriver.findElement(RemoteWebDriver.java:344)
	at Signup.ExteriorsPage.navigateExteriorsPage(Unknown Source)
	at Signup.ExteriorsPage.Exteriorspage(Unknown Source)
	at sun.reflect.NativeMethodAccessorImpl.invoke0(Native Method)
	at sun.reflect.NativeMethodAccessorImpl.invoke(NativeMethodAccessorImpl.java:62)
	at sun.reflect.DelegatingMethodAccessorImpl.invoke(DelegatingMethodAccessorImpl.java:43)
	at java.lang.reflect.Method.invoke(Method.java:497)
	at org.testng.internal.MethodInvocationHelper.invokeMethod(MethodInvocationHelper.java:80)
	at org.testng.internal.Invoker.invokeMethod(Invoker.java:714)
	at org.testng.internal.Invoker.invokeTestMethod(Invoker.java:901)
	at org.testng.internal.Invoker.invokeTestMethods(Invoker.java:1231)
	at org.testng.internal.TestMethodWorker.invokeTestMethods(TestMethodWorker.java:127)
	at org.testng.internal.TestMethodWorker.run(TestMethodWorker.java:111)
	at org.testng.TestRunner.privateRun(TestRunner.java:767)
	at org.testng.TestRunner.run(TestRunner.java:617)
	at org.testng.SuiteRunner.runTest(SuiteRunner.java:334)
	at org.testng.SuiteRunner.runSequentially(SuiteRunner.java:329)
	at org.testng.SuiteRunner.privateRun(SuiteRunner.java:291)
	at org.testng.SuiteRunner.run(SuiteRunner.java:240)
	at org.testng.SuiteRunnerWorker.runSuite(SuiteRunnerWorker.java:52)
	at org.testng.SuiteRunnerWorker.run(SuiteRunnerWorker.java:86)
	at org.testng.TestNG.runSuitesSequentially(TestNG.java:1198)
	at org.testng.TestNG.runSuitesLocally(TestNG.java:1123)
	at org.testng.TestNG.run(TestNG.java:1031)
	at org.testng.TestNG.privateMain(TestNG.java:1338)
	at org.testng.TestNG.main(TestNG.java:1307)
]]>
            </full-stacktrace>
          </exception> <!-- org.openqa.selenium.NoSuchElementException -->
          <reporter-output>
          </reporter-output>
        </test-method> <!-- Exteriorspage -->
        <test-method status="PASS" signature="afterTest()[pri:0, instance:Signup.ExteriorsPage@2ed94a8b]" name="afterTest" is-config="true" duration-ms="554" started-at="2015-09-18T01:12:06Z" finished-at="2015-09-18T01:12:07Z">
          <reporter-output>
          </reporter-output>
        </test-method> <!-- afterTest -->
      </class> <!-- Signup.ExteriorsPage -->
      <class name="Signup.TemplatesPage">
        <test-method status="PASS" signature="beforeTest(java.lang.String)[pri:0, instance:Signup.TemplatesPage@42d3bd8b]" name="beforeTest" is-config="true" duration-ms="5945" started-at="2015-09-18T01:08:22Z" finished-at="2015-09-18T01:08:28Z">
          <params>
            <param index="0">
              <value>
                <![CDATA[http://root.test.customfurnish.com/]]>
              </value>
            </param>
          </params>
          <reporter-output>
          </reporter-output>
        </test-method> <!-- beforeTest -->
        <test-method status="FAIL" signature="Templatespage(java.lang.String)[pri:0, instance:Signup.TemplatesPage@42d3bd8b]" name="Templatespage" duration-ms="90610" started-at="2015-09-18T01:08:28Z" finished-at="2015-09-18T01:09:59Z">
          <params>
            <param index="0">
              <value>
                <![CDATA[http://root.test.customfurnish.com/]]>
              </value>
            </param>
          </params>
          <exception class="org.openqa.selenium.NoSuchElementException">
            <message>
              <![CDATA[no such element
  (Session info: chrome=43.0.2357.134)
  (Driver info: chromedriver=2.9.248304,platform=Linux 3.16.0-43-generic x86_64) (WARNING: The server did not provide any stacktrace information)
Command duration or timeout: 14 milliseconds
For documentation on this error, please visit: http://seleniumhq.org/exceptions/no_such_element.html
Build info: version: '2.44.0', revision: '76d78cf', time: '2014-10-23 20:03:00'
System info: host: 'kustommade-desktop', ip: '127.0.1.1', os.name: 'Linux', os.arch: 'amd64', os.version: '3.16.0-43-generic', java.version: '1.8.0_45'
Driver info: org.openqa.selenium.chrome.ChromeDriver
Capabilities [{applicationCacheEnabled=false, rotatable=false, chrome={userDataDir=/tmp/.com.google.Chrome.oXACKV}, takesHeapSnapshot=true, databaseEnabled=false, handlesAlerts=true, version=43.0.2357.134, platform=LINUX, browserConnectionEnabled=false, nativeEvents=true, acceptSslCerts=true, locationContextEnabled=true, webStorageEnabled=true, browserName=chrome, takesScreenshot=true, javascriptEnabled=true, cssSelectorsEnabled=true}]
Session ID: 2a598312e804ed92384921f0e0ed1dc7]]>
            </message>
            <full-stacktrace>
              <![CDATA[org.openqa.selenium.NoSuchElementException: no such element
  (Session info: chrome=43.0.2357.134)
  (Driver info: chromedriver=2.9.248304,platform=Linux 3.16.0-43-generic x86_64) (WARNING: The server did not provide any stacktrace information)
Command duration or timeout: 14 milliseconds
For documentation on this error, please visit: http://seleniumhq.org/exceptions/no_such_element.html
Build info: version: '2.44.0', revision: '76d78cf', time: '2014-10-23 20:03:00'
System info: host: 'kustommade-desktop', ip: '127.0.1.1', os.name: 'Linux', os.arch: 'amd64', os.version: '3.16.0-43-generic', java.version: '1.8.0_45'
Driver info: org.openqa.selenium.chrome.ChromeDriver
Capabilities [{applicationCacheEnabled=false, rotatable=false, chrome={userDataDir=/tmp/.com.google.Chrome.oXACKV}, takesHeapSnapshot=true, databaseEnabled=false, handlesAlerts=true, version=43.0.2357.134, platform=LINUX, browserConnectionEnabled=false, nativeEvents=true, acceptSslCerts=true, locationContextEnabled=true, webStorageEnabled=true, browserName=chrome, takesScreenshot=true, javascriptEnabled=true, cssSelectorsEnabled=true}]
Session ID: 2a598312e804ed92384921f0e0ed1dc7
	at sun.reflect.NativeConstructorAccessorImpl.newInstance0(Native Method)
	at sun.reflect.NativeConstructorAccessorImpl.newInstance(NativeConstructorAccessorImpl.java:62)
	at sun.reflect.DelegatingConstructorAccessorImpl.newInstance(DelegatingConstructorAccessorImpl.java:45)
	at java.lang.reflect.Constructor.newInstance(Constructor.java:422)
	at org.openqa.selenium.remote.ErrorHandler.createThrowable(ErrorHandler.java:204)
	at org.openqa.selenium.remote.ErrorHandler.throwIfResponseFailed(ErrorHandler.java:156)
	at org.openqa.selenium.remote.RemoteWebDriver.execute(RemoteWebDriver.java:599)
	at org.openqa.selenium.remote.RemoteWebDriver.findElement(RemoteWebDriver.java:352)
	at org.openqa.selenium.remote.RemoteWebDriver.findElementByXPath(RemoteWebDriver.java:449)
	at org.openqa.selenium.By$ByXPath.findElement(By.java:357)
	at org.openqa.selenium.remote.RemoteWebDriver.findElement(RemoteWebDriver.java:344)
	at Signup.TemplatesPage.signinGoogle(Unknown Source)
	at Signup.TemplatesPage.Templatespage(Unknown Source)
	at sun.reflect.NativeMethodAccessorImpl.invoke0(Native Method)
	at sun.reflect.NativeMethodAccessorImpl.invoke(NativeMethodAccessorImpl.java:62)
	at sun.reflect.DelegatingMethodAccessorImpl.invoke(DelegatingMethodAccessorImpl.java:43)
	at java.lang.reflect.Method.invoke(Method.java:497)
	at org.testng.internal.MethodInvocationHelper.invokeMethod(MethodInvocationHelper.java:80)
	at org.testng.internal.Invoker.invokeMethod(Invoker.java:714)
	at org.testng.internal.Invoker.invokeTestMethod(Invoker.java:901)
	at org.testng.internal.Invoker.invokeTestMethods(Invoker.java:1231)
	at org.testng.internal.TestMethodWorker.invokeTestMethods(TestMethodWorker.java:127)
	at org.testng.internal.TestMethodWorker.run(TestMethodWorker.java:111)
	at org.testng.TestRunner.privateRun(TestRunner.java:767)
	at org.testng.TestRunner.run(TestRunner.java:617)
	at org.testng.SuiteRunner.runTest(SuiteRunner.java:334)
	at org.testng.SuiteRunner.runSequentially(SuiteRunner.java:329)
	at org.testng.SuiteRunner.privateRun(SuiteRunner.java:291)
	at org.testng.SuiteRunner.run(SuiteRunner.java:240)
	at org.testng.SuiteRunnerWorker.runSuite(SuiteRunnerWorker.java:52)
	at org.testng.SuiteRunnerWorker.run(SuiteRunnerWorker.java:86)
	at org.testng.TestNG.runSuitesSequentially(TestNG.java:1198)
	at org.testng.TestNG.runSuitesLocally(TestNG.java:1123)
	at org.testng.TestNG.run(TestNG.java:1031)
	at org.testng.TestNG.privateMain(TestNG.java:1338)
	at org.testng.TestNG.main(TestNG.java:1307)
]]>
            </full-stacktrace>
          </exception> <!-- org.openqa.selenium.NoSuchElementException -->
          <reporter-output>
          </reporter-output>
        </test-method> <!-- Templatespage -->
        <test-method status="PASS" signature="afterTest()[pri:0, instance:Signup.TemplatesPage@42d3bd8b]" name="afterTest" is-config="true" duration-ms="555" started-at="2015-09-18T01:09:59Z" finished-at="2015-09-18T01:09:59Z">
          <reporter-output>
          </reporter-output>
        </test-method> <!-- afterTest -->
      </class> <!-- Signup.TemplatesPage -->
      <class name="Signup.InteriorsPage">
        <test-method status="PASS" signature="beforeTest(java.lang.String)[pri:0, instance:Signup.InteriorsPage@13fee20c]" name="beforeTest" is-config="true" duration-ms="5987" started-at="2015-09-18T01:11:46Z" finished-at="2015-09-18T01:11:52Z">
          <params>
            <param index="0">
              <value>
                <![CDATA[http://root.test.customfurnish.com/]]>
              </value>
            </param>
          </params>
          <reporter-output>
          </reporter-output>
        </test-method> <!-- beforeTest -->
        <test-method status="FAIL" signature="Interiorspage(java.lang.String)[pri:0, instance:Signup.InteriorsPage@13fee20c]" name="Interiorspage" duration-ms="3543" started-at="2015-09-18T01:11:52Z" finished-at="2015-09-18T01:11:56Z">
          <params>
            <param index="0">
              <value>
                <![CDATA[http://root.test.customfurnish.com/]]>
              </value>
            </param>
          </params>
          <exception class="org.openqa.selenium.NoSuchElementException">
            <message>
              <![CDATA[no such element
  (Session info: chrome=43.0.2357.134)
  (Driver info: chromedriver=2.9.248304,platform=Linux 3.16.0-43-generic x86_64) (WARNING: The server did not provide any stacktrace information)
Command duration or timeout: 12 milliseconds
For documentation on this error, please visit: http://seleniumhq.org/exceptions/no_such_element.html
Build info: version: '2.44.0', revision: '76d78cf', time: '2014-10-23 20:03:00'
System info: host: 'kustommade-desktop', ip: '127.0.1.1', os.name: 'Linux', os.arch: 'amd64', os.version: '3.16.0-43-generic', java.version: '1.8.0_45'
Driver info: org.openqa.selenium.chrome.ChromeDriver
Capabilities [{applicationCacheEnabled=false, rotatable=false, chrome={userDataDir=/tmp/.com.google.Chrome.ZNa1z2}, takesHeapSnapshot=true, databaseEnabled=false, handlesAlerts=true, version=43.0.2357.134, platform=LINUX, browserConnectionEnabled=false, nativeEvents=true, acceptSslCerts=true, locationContextEnabled=true, webStorageEnabled=true, browserName=chrome, takesScreenshot=true, javascriptEnabled=true, cssSelectorsEnabled=true}]
Session ID: 6690336dbc191f391a6f6e706d0372a5]]>
            </message>
            <full-stacktrace>
              <![CDATA[org.openqa.selenium.NoSuchElementException: no such element
  (Session info: chrome=43.0.2357.134)
  (Driver info: chromedriver=2.9.248304,platform=Linux 3.16.0-43-generic x86_64) (WARNING: The server did not provide any stacktrace information)
Command duration or timeout: 12 milliseconds
For documentation on this error, please visit: http://seleniumhq.org/exceptions/no_such_element.html
Build info: version: '2.44.0', revision: '76d78cf', time: '2014-10-23 20:03:00'
System info: host: 'kustommade-desktop', ip: '127.0.1.1', os.name: 'Linux', os.arch: 'amd64', os.version: '3.16.0-43-generic', java.version: '1.8.0_45'
Driver info: org.openqa.selenium.chrome.ChromeDriver
Capabilities [{applicationCacheEnabled=false, rotatable=false, chrome={userDataDir=/tmp/.com.google.Chrome.ZNa1z2}, takesHeapSnapshot=true, databaseEnabled=false, handlesAlerts=true, version=43.0.2357.134, platform=LINUX, browserConnectionEnabled=false, nativeEvents=true, acceptSslCerts=true, locationContextEnabled=true, webStorageEnabled=true, browserName=chrome, takesScreenshot=true, javascriptEnabled=true, cssSelectorsEnabled=true}]
Session ID: 6690336dbc191f391a6f6e706d0372a5
	at sun.reflect.NativeConstructorAccessorImpl.newInstance0(Native Method)
	at sun.reflect.NativeConstructorAccessorImpl.newInstance(NativeConstructorAccessorImpl.java:62)
	at sun.reflect.DelegatingConstructorAccessorImpl.newInstance(DelegatingConstructorAccessorImpl.java:45)
	at java.lang.reflect.Constructor.newInstance(Constructor.java:422)
	at org.openqa.selenium.remote.ErrorHandler.createThrowable(ErrorHandler.java:204)
	at org.openqa.selenium.remote.ErrorHandler.throwIfResponseFailed(ErrorHandler.java:156)
	at org.openqa.selenium.remote.RemoteWebDriver.execute(RemoteWebDriver.java:599)
	at org.openqa.selenium.remote.RemoteWebDriver.findElement(RemoteWebDriver.java:352)
	at org.openqa.selenium.remote.RemoteWebDriver.findElementByXPath(RemoteWebDriver.java:449)
	at org.openqa.selenium.By$ByXPath.findElement(By.java:357)
	at org.openqa.selenium.remote.RemoteWebDriver.findElement(RemoteWebDriver.java:344)
	at Signup.InteriorsPage.navigateInteriorsPage(Unknown Source)
	at Signup.InteriorsPage.Interiorspage(Unknown Source)
	at sun.reflect.NativeMethodAccessorImpl.invoke0(Native Method)
	at sun.reflect.NativeMethodAccessorImpl.invoke(NativeMethodAccessorImpl.java:62)
	at sun.reflect.DelegatingMethodAccessorImpl.invoke(DelegatingMethodAccessorImpl.java:43)
	at java.lang.reflect.Method.invoke(Method.java:497)
	at org.testng.internal.MethodInvocationHelper.invokeMethod(MethodInvocationHelper.java:80)
	at org.testng.internal.Invoker.invokeMethod(Invoker.java:714)
	at org.testng.internal.Invoker.invokeTestMethod(Invoker.java:901)
	at org.testng.internal.Invoker.invokeTestMethods(Invoker.java:1231)
	at org.testng.internal.TestMethodWorker.invokeTestMethods(TestMethodWorker.java:127)
	at org.testng.internal.TestMethodWorker.run(TestMethodWorker.java:111)
	at org.testng.TestRunner.privateRun(TestRunner.java:767)
	at org.testng.TestRunner.run(TestRunner.java:617)
	at org.testng.SuiteRunner.runTest(SuiteRunner.java:334)
	at org.testng.SuiteRunner.runSequentially(SuiteRunner.java:329)
	at org.testng.SuiteRunner.privateRun(SuiteRunner.java:291)
	at org.testng.SuiteRunner.run(SuiteRunner.java:240)
	at org.testng.SuiteRunnerWorker.runSuite(SuiteRunnerWorker.java:52)
	at org.testng.SuiteRunnerWorker.run(SuiteRunnerWorker.java:86)
	at org.testng.TestNG.runSuitesSequentially(TestNG.java:1198)
	at org.testng.TestNG.runSuitesLocally(TestNG.java:1123)
	at org.testng.TestNG.run(TestNG.java:1031)
	at org.testng.TestNG.privateMain(TestNG.java:1338)
	at org.testng.TestNG.main(TestNG.java:1307)
]]>
            </full-stacktrace>
          </exception> <!-- org.openqa.selenium.NoSuchElementException -->
          <reporter-output>
          </reporter-output>
        </test-method> <!-- Interiorspage -->
        <test-method status="PASS" signature="afterTest()[pri:0, instance:Signup.InteriorsPage@13fee20c]" name="afterTest" is-config="true" duration-ms="558" started-at="2015-09-18T01:11:56Z" finished-at="2015-09-18T01:11:56Z">
          <reporter-output>
          </reporter-output>
        </test-method> <!-- afterTest -->
      </class> <!-- Signup.InteriorsPage -->
      <class name="Signup.DoorTypePage">
        <test-method status="PASS" signature="beforeTest(java.lang.String)[pri:0, instance:Signup.DoorTypePage@3b81a1bc]" name="beforeTest" is-config="true" duration-ms="6464" started-at="2015-09-18T01:11:36Z" finished-at="2015-09-18T01:11:42Z">
          <params>
            <param index="0">
              <value>
                <![CDATA[http://root.test.customfurnish.com/]]>
              </value>
            </param>
          </params>
          <reporter-output>
          </reporter-output>
        </test-method> <!-- beforeTest -->
        <test-method status="FAIL" signature="DoorTypepage(java.lang.String)[pri:0, instance:Signup.DoorTypePage@3b81a1bc]" name="DoorTypepage" duration-ms="3338" started-at="2015-09-18T01:11:42Z" finished-at="2015-09-18T01:11:46Z">
          <params>
            <param index="0">
              <value>
                <![CDATA[http://root.test.customfurnish.com/]]>
              </value>
            </param>
          </params>
          <exception class="org.openqa.selenium.NoSuchElementException">
            <message>
              <![CDATA[no such element
  (Session info: chrome=43.0.2357.134)
  (Driver info: chromedriver=2.9.248304,platform=Linux 3.16.0-43-generic x86_64) (WARNING: The server did not provide any stacktrace information)
Command duration or timeout: 13 milliseconds
For documentation on this error, please visit: http://seleniumhq.org/exceptions/no_such_element.html
Build info: version: '2.44.0', revision: '76d78cf', time: '2014-10-23 20:03:00'
System info: host: 'kustommade-desktop', ip: '127.0.1.1', os.name: 'Linux', os.arch: 'amd64', os.version: '3.16.0-43-generic', java.version: '1.8.0_45'
Driver info: org.openqa.selenium.chrome.ChromeDriver
Capabilities [{applicationCacheEnabled=false, rotatable=false, chrome={userDataDir=/tmp/.com.google.Chrome.htYp6c}, takesHeapSnapshot=true, databaseEnabled=false, handlesAlerts=true, version=43.0.2357.134, platform=LINUX, browserConnectionEnabled=false, nativeEvents=true, acceptSslCerts=true, locationContextEnabled=true, webStorageEnabled=true, browserName=chrome, takesScreenshot=true, javascriptEnabled=true, cssSelectorsEnabled=true}]
Session ID: d039f0d7de1f6fa3fd6a03d8afe0fd46]]>
            </message>
            <full-stacktrace>
              <![CDATA[org.openqa.selenium.NoSuchElementException: no such element
  (Session info: chrome=43.0.2357.134)
  (Driver info: chromedriver=2.9.248304,platform=Linux 3.16.0-43-generic x86_64) (WARNING: The server did not provide any stacktrace information)
Command duration or timeout: 13 milliseconds
For documentation on this error, please visit: http://seleniumhq.org/exceptions/no_such_element.html
Build info: version: '2.44.0', revision: '76d78cf', time: '2014-10-23 20:03:00'
System info: host: 'kustommade-desktop', ip: '127.0.1.1', os.name: 'Linux', os.arch: 'amd64', os.version: '3.16.0-43-generic', java.version: '1.8.0_45'
Driver info: org.openqa.selenium.chrome.ChromeDriver
Capabilities [{applicationCacheEnabled=false, rotatable=false, chrome={userDataDir=/tmp/.com.google.Chrome.htYp6c}, takesHeapSnapshot=true, databaseEnabled=false, handlesAlerts=true, version=43.0.2357.134, platform=LINUX, browserConnectionEnabled=false, nativeEvents=true, acceptSslCerts=true, locationContextEnabled=true, webStorageEnabled=true, browserName=chrome, takesScreenshot=true, javascriptEnabled=true, cssSelectorsEnabled=true}]
Session ID: d039f0d7de1f6fa3fd6a03d8afe0fd46
	at sun.reflect.NativeConstructorAccessorImpl.newInstance0(Native Method)
	at sun.reflect.NativeConstructorAccessorImpl.newInstance(NativeConstructorAccessorImpl.java:62)
	at sun.reflect.DelegatingConstructorAccessorImpl.newInstance(DelegatingConstructorAccessorImpl.java:45)
	at java.lang.reflect.Constructor.newInstance(Constructor.java:422)
	at org.openqa.selenium.remote.ErrorHandler.createThrowable(ErrorHandler.java:204)
	at org.openqa.selenium.remote.ErrorHandler.throwIfResponseFailed(ErrorHandler.java:156)
	at org.openqa.selenium.remote.RemoteWebDriver.execute(RemoteWebDriver.java:599)
	at org.openqa.selenium.remote.RemoteWebDriver.findElement(RemoteWebDriver.java:352)
	at org.openqa.selenium.remote.RemoteWebDriver.findElementByXPath(RemoteWebDriver.java:449)
	at org.openqa.selenium.By$ByXPath.findElement(By.java:357)
	at org.openqa.selenium.remote.RemoteWebDriver.findElement(RemoteWebDriver.java:344)
	at Signup.DoorTypePage.navigateDoorTypePage(Unknown Source)
	at Signup.DoorTypePage.DoorTypepage(Unknown Source)
	at sun.reflect.NativeMethodAccessorImpl.invoke0(Native Method)
	at sun.reflect.NativeMethodAccessorImpl.invoke(NativeMethodAccessorImpl.java:62)
	at sun.reflect.DelegatingMethodAccessorImpl.invoke(DelegatingMethodAccessorImpl.java:43)
	at java.lang.reflect.Method.invoke(Method.java:497)
	at org.testng.internal.MethodInvocationHelper.invokeMethod(MethodInvocationHelper.java:80)
	at org.testng.internal.Invoker.invokeMethod(Invoker.java:714)
	at org.testng.internal.Invoker.invokeTestMethod(Invoker.java:901)
	at org.testng.internal.Invoker.invokeTestMethods(Invoker.java:1231)
	at org.testng.internal.TestMethodWorker.invokeTestMethods(TestMethodWorker.java:127)
	at org.testng.internal.TestMethodWorker.run(TestMethodWorker.java:111)
	at org.testng.TestRunner.privateRun(TestRunner.java:767)
	at org.testng.TestRunner.run(TestRunner.java:617)
	at org.testng.SuiteRunner.runTest(SuiteRunner.java:334)
	at org.testng.SuiteRunner.runSequentially(SuiteRunner.java:329)
	at org.testng.SuiteRunner.privateRun(SuiteRunner.java:291)
	at org.testng.SuiteRunner.run(SuiteRunner.java:240)
	at org.testng.SuiteRunnerWorker.runSuite(SuiteRunnerWorker.java:52)
	at org.testng.SuiteRunnerWorker.run(SuiteRunnerWorker.java:86)
	at org.testng.TestNG.runSuitesSequentially(TestNG.java:1198)
	at org.testng.TestNG.runSuitesLocally(TestNG.java:1123)
	at org.testng.TestNG.run(TestNG.java:1031)
	at org.testng.TestNG.privateMain(TestNG.java:1338)
	at org.testng.TestNG.main(TestNG.java:1307)
]]>
            </full-stacktrace>
          </exception> <!-- org.openqa.selenium.NoSuchElementException -->
          <reporter-output>
          </reporter-output>
        </test-method> <!-- DoorTypepage -->
        <test-method status="PASS" signature="afterTest()[pri:0, instance:Signup.DoorTypePage@3b81a1bc]" name="afterTest" is-config="true" duration-ms="555" started-at="2015-09-18T01:11:46Z" finished-at="2015-09-18T01:11:46Z">
          <reporter-output>
          </reporter-output>
        </test-method> <!-- afterTest -->
      </class> <!-- Signup.DoorTypePage -->
      <class name="Signup.OrderPage">
        <test-method status="PASS" signature="beforeTest(java.lang.String)[pri:0, instance:Signup.OrderPage@dfd3711]" name="beforeTest" is-config="true" duration-ms="6405" started-at="2015-09-18T01:12:17Z" finished-at="2015-09-18T01:12:24Z">
          <params>
            <param index="0">
              <value>
                <![CDATA[http://root.test.customfurnish.com/]]>
              </value>
            </param>
          </params>
          <reporter-output>
          </reporter-output>
        </test-method> <!-- beforeTest -->
        <test-method status="FAIL" signature="Orderpage(java.lang.String)[pri:0, instance:Signup.OrderPage@dfd3711]" name="Orderpage" duration-ms="3537" started-at="2015-09-18T01:12:24Z" finished-at="2015-09-18T01:12:27Z">
          <params>
            <param index="0">
              <value>
                <![CDATA[http://root.test.customfurnish.com/]]>
              </value>
            </param>
          </params>
          <exception class="org.openqa.selenium.NoSuchElementException">
            <message>
              <![CDATA[no such element
  (Session info: chrome=43.0.2357.134)
  (Driver info: chromedriver=2.9.248304,platform=Linux 3.16.0-43-generic x86_64) (WARNING: The server did not provide any stacktrace information)
Command duration or timeout: 21 milliseconds
For documentation on this error, please visit: http://seleniumhq.org/exceptions/no_such_element.html
Build info: version: '2.44.0', revision: '76d78cf', time: '2014-10-23 20:03:00'
System info: host: 'kustommade-desktop', ip: '127.0.1.1', os.name: 'Linux', os.arch: 'amd64', os.version: '3.16.0-43-generic', java.version: '1.8.0_45'
Driver info: org.openqa.selenium.chrome.ChromeDriver
Capabilities [{applicationCacheEnabled=false, rotatable=false, chrome={userDataDir=/tmp/.com.google.Chrome.wKY8WS}, takesHeapSnapshot=true, databaseEnabled=false, handlesAlerts=true, version=43.0.2357.134, platform=LINUX, browserConnectionEnabled=false, nativeEvents=true, acceptSslCerts=true, locationContextEnabled=true, webStorageEnabled=true, browserName=chrome, takesScreenshot=true, javascriptEnabled=true, cssSelectorsEnabled=true}]
Session ID: c6326f8037df7d93894048e0fa9bda17]]>
            </message>
            <full-stacktrace>
              <![CDATA[org.openqa.selenium.NoSuchElementException: no such element
  (Session info: chrome=43.0.2357.134)
  (Driver info: chromedriver=2.9.248304,platform=Linux 3.16.0-43-generic x86_64) (WARNING: The server did not provide any stacktrace information)
Command duration or timeout: 21 milliseconds
For documentation on this error, please visit: http://seleniumhq.org/exceptions/no_such_element.html
Build info: version: '2.44.0', revision: '76d78cf', time: '2014-10-23 20:03:00'
System info: host: 'kustommade-desktop', ip: '127.0.1.1', os.name: 'Linux', os.arch: 'amd64', os.version: '3.16.0-43-generic', java.version: '1.8.0_45'
Driver info: org.openqa.selenium.chrome.ChromeDriver
Capabilities [{applicationCacheEnabled=false, rotatable=false, chrome={userDataDir=/tmp/.com.google.Chrome.wKY8WS}, takesHeapSnapshot=true, databaseEnabled=false, handlesAlerts=true, version=43.0.2357.134, platform=LINUX, browserConnectionEnabled=false, nativeEvents=true, acceptSslCerts=true, locationContextEnabled=true, webStorageEnabled=true, browserName=chrome, takesScreenshot=true, javascriptEnabled=true, cssSelectorsEnabled=true}]
Session ID: c6326f8037df7d93894048e0fa9bda17
	at sun.reflect.NativeConstructorAccessorImpl.newInstance0(Native Method)
	at sun.reflect.NativeConstructorAccessorImpl.newInstance(NativeConstructorAccessorImpl.java:62)
	at sun.reflect.DelegatingConstructorAccessorImpl.newInstance(DelegatingConstructorAccessorImpl.java:45)
	at java.lang.reflect.Constructor.newInstance(Constructor.java:422)
	at org.openqa.selenium.remote.ErrorHandler.createThrowable(ErrorHandler.java:204)
	at org.openqa.selenium.remote.ErrorHandler.throwIfResponseFailed(ErrorHandler.java:156)
	at org.openqa.selenium.remote.RemoteWebDriver.execute(RemoteWebDriver.java:599)
	at org.openqa.selenium.remote.RemoteWebDriver.findElement(RemoteWebDriver.java:352)
	at org.openqa.selenium.remote.RemoteWebDriver.findElementByXPath(RemoteWebDriver.java:449)
	at org.openqa.selenium.By$ByXPath.findElement(By.java:357)
	at org.openqa.selenium.remote.RemoteWebDriver.findElement(RemoteWebDriver.java:344)
	at Signup.OrderPage.navigateOrderPage(Unknown Source)
	at Signup.OrderPage.Orderpage(Unknown Source)
	at sun.reflect.NativeMethodAccessorImpl.invoke0(Native Method)
	at sun.reflect.NativeMethodAccessorImpl.invoke(NativeMethodAccessorImpl.java:62)
	at sun.reflect.DelegatingMethodAccessorImpl.invoke(DelegatingMethodAccessorImpl.java:43)
	at java.lang.reflect.Method.invoke(Method.java:497)
	at org.testng.internal.MethodInvocationHelper.invokeMethod(MethodInvocationHelper.java:80)
	at org.testng.internal.Invoker.invokeMethod(Invoker.java:714)
	at org.testng.internal.Invoker.invokeTestMethod(Invoker.java:901)
	at org.testng.internal.Invoker.invokeTestMethods(Invoker.java:1231)
	at org.testng.internal.TestMethodWorker.invokeTestMethods(TestMethodWorker.java:127)
	at org.testng.internal.TestMethodWorker.run(TestMethodWorker.java:111)
	at org.testng.TestRunner.privateRun(TestRunner.java:767)
	at org.testng.TestRunner.run(TestRunner.java:617)
	at org.testng.SuiteRunner.runTest(SuiteRunner.java:334)
	at org.testng.SuiteRunner.runSequentially(SuiteRunner.java:329)
	at org.testng.SuiteRunner.privateRun(SuiteRunner.java:291)
	at org.testng.SuiteRunner.run(SuiteRunner.java:240)
	at org.testng.SuiteRunnerWorker.runSuite(SuiteRunnerWorker.java:52)
	at org.testng.SuiteRunnerWorker.run(SuiteRunnerWorker.java:86)
	at org.testng.TestNG.runSuitesSequentially(TestNG.java:1198)
	at org.testng.TestNG.runSuitesLocally(TestNG.java:1123)
	at org.testng.TestNG.run(TestNG.java:1031)
	at org.testng.TestNG.privateMain(TestNG.java:1338)
	at org.testng.TestNG.main(TestNG.java:1307)
]]>
            </full-stacktrace>
          </exception> <!-- org.openqa.selenium.NoSuchElementException -->
          <reporter-output>
          </reporter-output>
        </test-method> <!-- Orderpage -->
        <test-method status="PASS" signature="afterTest()[pri:0, instance:Signup.OrderPage@dfd3711]" name="afterTest" is-config="true" duration-ms="555" started-at="2015-09-18T01:12:27Z" finished-at="2015-09-18T01:12:28Z">
          <reporter-output>
          </reporter-output>
        </test-method> <!-- afterTest -->
      </class> <!-- Signup.OrderPage -->
    </test> <!-- Signup -->
    <test name="Signup_v2" duration-ms="426690" started-at="2015-09-17T19:42:49Z" finished-at="2015-09-17T19:49:56Z">
      <class name="Signup_v2.Signup">
        <test-method status="PASS" signature="beforeTest()[pri:0, instance:Signup_v2.Signup@246ae04d]" name="beforeTest" is-config="true" duration-ms="1" started-at="2015-09-18T01:12:49Z" finished-at="2015-09-18T01:12:49Z">
          <reporter-output>
          </reporter-output>
        </test-method> <!-- beforeTest -->
        <test-method status="PASS" signature="beforeMethod(java.lang.String)[pri:0, instance:Signup_v2.Signup@246ae04d]" name="beforeMethod" is-config="true" duration-ms="6374" started-at="2015-09-18T01:12:49Z" finished-at="2015-09-18T01:12:55Z">
          <params>
            <param index="0">
              <value>
                <![CDATA[http://root.test.customfurnish.com/]]>
              </value>
            </param>
          </params>
          <reporter-output>
          </reporter-output>
        </test-method> <!-- beforeMethod -->
        <test-method status="PASS" signature="Accessoriespage(java.lang.String)[pri:0, instance:Signup_v2.Signup@246ae04d]" name="Accessoriespage" duration-ms="23365" started-at="2015-09-18T01:12:55Z" finished-at="2015-09-18T01:13:19Z">
          <params>
            <param index="0">
              <value>
                <![CDATA[http://root.test.customfurnish.com/]]>
              </value>
            </param>
          </params>
          <reporter-output>
          </reporter-output>
        </test-method> <!-- Accessoriespage -->
        <test-method status="PASS" signature="afterMethod()[pri:0, instance:Signup_v2.Signup@246ae04d]" name="afterMethod" is-config="true" duration-ms="554" started-at="2015-09-18T01:13:19Z" finished-at="2015-09-18T01:13:19Z">
          <reporter-output>
          </reporter-output>
        </test-method> <!-- afterMethod -->
        <test-method status="PASS" signature="beforeMethod(java.lang.String)[pri:0, instance:Signup_v2.Signup@246ae04d]" name="beforeMethod" is-config="true" duration-ms="5645" started-at="2015-09-18T01:13:19Z" finished-at="2015-09-18T01:13:25Z">
          <params>
            <param index="0">
              <value>
                <![CDATA[http://root.test.customfurnish.com/]]>
              </value>
            </param>
          </params>
          <reporter-output>
          </reporter-output>
        </test-method> <!-- beforeMethod -->
        <test-method status="PASS" signature="Cartpage(java.lang.String)[pri:0, instance:Signup_v2.Signup@246ae04d]" name="Cartpage" duration-ms="23204" started-at="2015-09-18T01:13:25Z" finished-at="2015-09-18T01:13:48Z">
          <params>
            <param index="0">
              <value>
                <![CDATA[http://root.test.customfurnish.com/]]>
              </value>
            </param>
          </params>
          <reporter-output>
          </reporter-output>
        </test-method> <!-- Cartpage -->
        <test-method status="PASS" signature="afterMethod()[pri:0, instance:Signup_v2.Signup@246ae04d]" name="afterMethod" is-config="true" duration-ms="556" started-at="2015-09-18T01:13:48Z" finished-at="2015-09-18T01:13:49Z">
          <reporter-output>
          </reporter-output>
        </test-method> <!-- afterMethod -->
        <test-method status="PASS" signature="beforeMethod(java.lang.String)[pri:0, instance:Signup_v2.Signup@246ae04d]" name="beforeMethod" is-config="true" duration-ms="6907" started-at="2015-09-18T01:13:49Z" finished-at="2015-09-18T01:13:55Z">
          <params>
            <param index="0">
              <value>
                <![CDATA[http://root.test.customfurnish.com/]]>
              </value>
            </param>
          </params>
          <reporter-output>
          </reporter-output>
        </test-method> <!-- beforeMethod -->
        <test-method status="PASS" signature="Dimensionspage(java.lang.String)[pri:0, instance:Signup_v2.Signup@246ae04d]" name="Dimensionspage" duration-ms="78267" started-at="2015-09-18T01:13:55Z" finished-at="2015-09-18T01:15:14Z">
          <params>
            <param index="0">
              <value>
                <![CDATA[http://root.test.customfurnish.com/]]>
              </value>
            </param>
          </params>
          <reporter-output>
          </reporter-output>
        </test-method> <!-- Dimensionspage -->
        <test-method status="PASS" signature="afterMethod()[pri:0, instance:Signup_v2.Signup@246ae04d]" name="afterMethod" is-config="true" duration-ms="556" started-at="2015-09-18T01:15:14Z" finished-at="2015-09-18T01:15:14Z">
          <reporter-output>
          </reporter-output>
        </test-method> <!-- afterMethod -->
        <test-method status="PASS" signature="beforeMethod(java.lang.String)[pri:0, instance:Signup_v2.Signup@246ae04d]" name="beforeMethod" is-config="true" duration-ms="6468" started-at="2015-09-18T01:15:14Z" finished-at="2015-09-18T01:15:21Z">
          <params>
            <param index="0">
              <value>
                <![CDATA[http://root.test.customfurnish.com/]]>
              </value>
            </param>
          </params>
          <reporter-output>
          </reporter-output>
        </test-method> <!-- beforeMethod -->
        <test-method status="PASS" signature="DoorTypepage(java.lang.String)[pri:0, instance:Signup_v2.Signup@246ae04d]" name="DoorTypepage" duration-ms="23481" started-at="2015-09-18T01:15:21Z" finished-at="2015-09-18T01:15:44Z">
          <params>
            <param index="0">
              <value>
                <![CDATA[http://root.test.customfurnish.com/]]>
              </value>
            </param>
          </params>
          <reporter-output>
          </reporter-output>
        </test-method> <!-- DoorTypepage -->
        <test-method status="PASS" signature="afterMethod()[pri:0, instance:Signup_v2.Signup@246ae04d]" name="afterMethod" is-config="true" duration-ms="555" started-at="2015-09-18T01:15:44Z" finished-at="2015-09-18T01:15:45Z">
          <reporter-output>
          </reporter-output>
        </test-method> <!-- afterMethod -->
        <test-method status="PASS" signature="beforeMethod(java.lang.String)[pri:0, instance:Signup_v2.Signup@246ae04d]" name="beforeMethod" is-config="true" duration-ms="5947" started-at="2015-09-18T01:15:45Z" finished-at="2015-09-18T01:15:51Z">
          <params>
            <param index="0">
              <value>
                <![CDATA[http://root.test.customfurnish.com/]]>
              </value>
            </param>
          </params>
          <reporter-output>
          </reporter-output>
        </test-method> <!-- beforeMethod -->
        <test-method status="PASS" signature="Exteriorspage(java.lang.String)[pri:0, instance:Signup_v2.Signup@246ae04d]" name="Exteriorspage" duration-ms="23382" started-at="2015-09-18T01:15:51Z" finished-at="2015-09-18T01:16:14Z">
          <params>
            <param index="0">
              <value>
                <![CDATA[http://root.test.customfurnish.com/]]>
              </value>
            </param>
          </params>
          <reporter-output>
          </reporter-output>
        </test-method> <!-- Exteriorspage -->
        <test-method status="PASS" signature="afterMethod()[pri:0, instance:Signup_v2.Signup@246ae04d]" name="afterMethod" is-config="true" duration-ms="557" started-at="2015-09-18T01:16:14Z" finished-at="2015-09-18T01:16:15Z">
          <reporter-output>
          </reporter-output>
        </test-method> <!-- afterMethod -->
        <test-method status="PASS" signature="beforeMethod(java.lang.String)[pri:0, instance:Signup_v2.Signup@246ae04d]" name="beforeMethod" is-config="true" duration-ms="6802" started-at="2015-09-18T01:16:15Z" finished-at="2015-09-18T01:16:21Z">
          <params>
            <param index="0">
              <value>
                <![CDATA[http://root.test.customfurnish.com/]]>
              </value>
            </param>
          </params>
          <reporter-output>
          </reporter-output>
        </test-method> <!-- beforeMethod -->
        <test-method status="PASS" signature="Interiorspage(java.lang.String)[pri:0, instance:Signup_v2.Signup@246ae04d]" name="Interiorspage" duration-ms="23395" started-at="2015-09-18T01:16:21Z" finished-at="2015-09-18T01:16:45Z">
          <params>
            <param index="0">
              <value>
                <![CDATA[http://root.test.customfurnish.com/]]>
              </value>
            </param>
          </params>
          <reporter-output>
          </reporter-output>
        </test-method> <!-- Interiorspage -->
        <test-method status="PASS" signature="afterMethod()[pri:0, instance:Signup_v2.Signup@246ae04d]" name="afterMethod" is-config="true" duration-ms="554" started-at="2015-09-18T01:16:45Z" finished-at="2015-09-18T01:16:45Z">
          <reporter-output>
          </reporter-output>
        </test-method> <!-- afterMethod -->
        <test-method status="PASS" signature="beforeMethod(java.lang.String)[pri:0, instance:Signup_v2.Signup@246ae04d]" name="beforeMethod" is-config="true" duration-ms="5919" started-at="2015-09-18T01:16:45Z" finished-at="2015-09-18T01:16:51Z">
          <params>
            <param index="0">
              <value>
                <![CDATA[http://root.test.customfurnish.com/]]>
              </value>
            </param>
          </params>
          <reporter-output>
          </reporter-output>
        </test-method> <!-- beforeMethod -->
        <test-method status="PASS" signature="Landingpage(java.lang.String)[pri:0, instance:Signup_v2.Signup@246ae04d]" name="Landingpage" duration-ms="56195" started-at="2015-09-18T01:16:51Z" finished-at="2015-09-18T01:17:48Z">
          <params>
            <param index="0">
              <value>
                <![CDATA[http://root.test.customfurnish.com/]]>
              </value>
            </param>
          </params>
          <reporter-output>
          </reporter-output>
        </test-method> <!-- Landingpage -->
        <test-method status="PASS" signature="afterMethod()[pri:0, instance:Signup_v2.Signup@246ae04d]" name="afterMethod" is-config="true" duration-ms="556" started-at="2015-09-18T01:17:48Z" finished-at="2015-09-18T01:17:48Z">
          <reporter-output>
          </reporter-output>
        </test-method> <!-- afterMethod -->
        <test-method status="PASS" signature="beforeMethod(java.lang.String)[pri:0, instance:Signup_v2.Signup@246ae04d]" name="beforeMethod" is-config="true" duration-ms="6369" started-at="2015-09-18T01:17:48Z" finished-at="2015-09-18T01:17:54Z">
          <params>
            <param index="0">
              <value>
                <![CDATA[http://root.test.customfurnish.com/]]>
              </value>
            </param>
          </params>
          <reporter-output>
          </reporter-output>
        </test-method> <!-- beforeMethod -->
        <test-method status="PASS" signature="Orderpage(java.lang.String)[pri:0, instance:Signup_v2.Signup@246ae04d]" name="Orderpage" duration-ms="27078" started-at="2015-09-18T01:17:54Z" finished-at="2015-09-18T01:18:22Z">
          <params>
            <param index="0">
              <value>
                <![CDATA[http://root.test.customfurnish.com/]]>
              </value>
            </param>
          </params>
          <reporter-output>
          </reporter-output>
        </test-method> <!-- Orderpage -->
        <test-method status="PASS" signature="afterMethod()[pri:0, instance:Signup_v2.Signup@246ae04d]" name="afterMethod" is-config="true" duration-ms="561" started-at="2015-09-18T01:18:22Z" finished-at="2015-09-18T01:18:22Z">
          <reporter-output>
          </reporter-output>
        </test-method> <!-- afterMethod -->
        <test-method status="PASS" signature="beforeMethod(java.lang.String)[pri:0, instance:Signup_v2.Signup@246ae04d]" name="beforeMethod" is-config="true" duration-ms="6527" started-at="2015-09-18T01:18:22Z" finished-at="2015-09-18T01:18:29Z">
          <params>
            <param index="0">
              <value>
                <![CDATA[http://root.test.customfurnish.com/]]>
              </value>
            </param>
          </params>
          <reporter-output>
          </reporter-output>
        </test-method> <!-- beforeMethod -->
        <test-method status="PASS" signature="Subscribe(java.lang.String)[pri:0, instance:Signup_v2.Signup@246ae04d]" name="Subscribe" duration-ms="4453" started-at="2015-09-18T01:18:29Z" finished-at="2015-09-18T01:18:33Z">
          <params>
            <param index="0">
              <value>
                <![CDATA[http://root.test.customfurnish.com/]]>
              </value>
            </param>
          </params>
          <reporter-output>
          </reporter-output>
        </test-method> <!-- Subscribe -->
        <test-method status="PASS" signature="afterMethod()[pri:0, instance:Signup_v2.Signup@246ae04d]" name="afterMethod" is-config="true" duration-ms="555" started-at="2015-09-18T01:18:33Z" finished-at="2015-09-18T01:18:34Z">
          <reporter-output>
          </reporter-output>
        </test-method> <!-- afterMethod -->
        <test-method status="PASS" signature="beforeMethod(java.lang.String)[pri:0, instance:Signup_v2.Signup@246ae04d]" name="beforeMethod" is-config="true" duration-ms="6327" started-at="2015-09-18T01:18:34Z" finished-at="2015-09-18T01:18:40Z">
          <params>
            <param index="0">
              <value>
                <![CDATA[http://root.test.customfurnish.com/]]>
              </value>
            </param>
          </params>
          <reporter-output>
          </reporter-output>
        </test-method> <!-- beforeMethod -->
        <test-method status="PASS" signature="Templatespage(java.lang.String)[pri:0, instance:Signup_v2.Signup@246ae04d]" name="Templatespage" duration-ms="75019" started-at="2015-09-18T01:18:40Z" finished-at="2015-09-18T01:19:55Z">
          <params>
            <param index="0">
              <value>
                <![CDATA[http://root.test.customfurnish.com/]]>
              </value>
            </param>
          </params>
          <reporter-output>
          </reporter-output>
        </test-method> <!-- Templatespage -->
        <test-method status="PASS" signature="afterMethod()[pri:0, instance:Signup_v2.Signup@246ae04d]" name="afterMethod" is-config="true" duration-ms="557" started-at="2015-09-18T01:19:55Z" finished-at="2015-09-18T01:19:56Z">
          <reporter-output>
          </reporter-output>
        </test-method> <!-- afterMethod -->
        <test-method status="PASS" signature="afterTest()[pri:0, instance:Signup_v2.Signup@246ae04d]" name="afterTest" is-config="true" duration-ms="0" started-at="2015-09-18T01:19:56Z" finished-at="2015-09-18T01:19:56Z">
          <reporter-output>
          </reporter-output>
        </test-method> <!-- afterTest -->
      </class> <!-- Signup_v2.Signup -->
    </test> <!-- Signup_v2 -->
    <test name="Special Case" duration-ms="363152" started-at="2015-09-17T19:49:56Z" finished-at="2015-09-17T19:55:59Z">
      <class name="SpecialCase.SpecialCase">
        <test-method status="PASS" signature="beforeMethod(java.lang.String)[pri:0, instance:SpecialCase.SpecialCase@3f2a3a5]" name="beforeMethod" is-config="true" duration-ms="8134" started-at="2015-09-18T01:19:56Z" finished-at="2015-09-18T01:20:04Z">
          <params>
            <param index="0">
              <value>
                <![CDATA[http://root.test.customfurnish.com/]]>
              </value>
            </param>
          </params>
          <reporter-output>
          </reporter-output>
        </test-method> <!-- beforeMethod -->
        <test-method status="PASS" signature="specialCase(java.lang.String)[pri:0, instance:SpecialCase.SpecialCase@3f2a3a5]" name="specialCase" duration-ms="354455" started-at="2015-09-18T01:20:04Z" finished-at="2015-09-18T01:25:58Z">
          <params>
            <param index="0">
              <value>
                <![CDATA[http://root.test.customfurnish.com/]]>
              </value>
            </param>
          </params>
          <reporter-output>
          </reporter-output>
        </test-method> <!-- specialCase -->
        <test-method status="PASS" signature="afterMethod()[pri:0, instance:SpecialCase.SpecialCase@3f2a3a5]" name="afterMethod" is-config="true" duration-ms="563" started-at="2015-09-18T01:25:58Z" finished-at="2015-09-18T01:25:59Z">
          <reporter-output>
          </reporter-output>
        </test-method> <!-- afterMethod -->
      </class> <!-- SpecialCase.SpecialCase -->
    </test> <!-- Special Case -->
  </suite> <!-- Wardrobe -->
</testng-results>
