<?xml version="1.0" encoding="UTF-8"?>
<testng-results skipped="2" failed="1" total="4" passed="1">
  <reporter-output>
  </reporter-output>
  <suite name="Default suite" duration-ms="41267" started-at="2014-10-15T04:28:11Z" finished-at="2014-10-15T04:28:52Z">
    <groups>
    </groups>
    <test name="Default test" duration-ms="41267" started-at="2014-10-15T04:28:11Z" finished-at="2014-10-15T04:28:52Z">
      <class name="testcases.SampleTEst">
        <test-method status="PASS" signature="testwebsite()[pri:0, instance:testcases.SampleTEst@2e8b3d98]" name="testwebsite" duration-ms="37641" started-at="2014-10-15T09:58:11Z" finished-at="2014-10-15T09:58:48Z">
          <reporter-output>
          </reporter-output>
        </test-method> <!-- testwebsite -->
        <test-method status="FAIL" signature="testSignup()[pri:0, instance:testcases.SampleTEst@2e8b3d98]" name="testSignup" duration-ms="3584" started-at="2014-10-15T09:58:48Z" depends-on-methods="testcases.SampleTEst.testwebsite" finished-at="2014-10-15T09:58:52Z">
          <exception class="org.openqa.selenium.ElementNotVisibleException">
            <message>
              <![CDATA[Element is not currently visible and so may not be interacted with
Command duration or timeout: 14 milliseconds
Build info: version: '2.43.1', revision: '5163bce', time: '2014-09-10 16:27:58'
System info: host: 'rohit-pc', ip: '192.168.0.114', os.name: 'Windows 7', os.arch: 'amd64', os.version: '6.1', java.version: '1.7.0_09'
Session ID: 39300547-3422-4dcb-a9a6-c7e3542d91ee
Driver info: org.openqa.selenium.firefox.FirefoxDriver
Capabilities [{platform=WINDOWS, databaseEnabled=true, cssSelectorsEnabled=true, javascriptEnabled=true, acceptSslCerts=true, handlesAlerts=true, browserName=firefox, webStorageEnabled=true, nativeEvents=true, rotatable=false, locationContextEnabled=true, applicationCacheEnabled=true, takesScreenshot=true, version=32.0.3}]]]>
            </message>
            <full-stacktrace>
              <![CDATA[org.openqa.selenium.ElementNotVisibleException: Element is not currently visible and so may not be interacted with
Command duration or timeout: 14 milliseconds
Build info: version: '2.43.1', revision: '5163bce', time: '2014-09-10 16:27:58'
System info: host: 'rohit-pc', ip: '192.168.0.114', os.name: 'Windows 7', os.arch: 'amd64', os.version: '6.1', java.version: '1.7.0_09'
Session ID: 39300547-3422-4dcb-a9a6-c7e3542d91ee
Driver info: org.openqa.selenium.firefox.FirefoxDriver
Capabilities [{platform=WINDOWS, databaseEnabled=true, cssSelectorsEnabled=true, javascriptEnabled=true, acceptSslCerts=true, handlesAlerts=true, browserName=firefox, webStorageEnabled=true, nativeEvents=true, rotatable=false, locationContextEnabled=true, applicationCacheEnabled=true, takesScreenshot=true, version=32.0.3}]
	at sun.reflect.NativeConstructorAccessorImpl.newInstance0(Native Method)
	at sun.reflect.NativeConstructorAccessorImpl.newInstance(Unknown Source)
	at sun.reflect.DelegatingConstructorAccessorImpl.newInstance(Unknown Source)
	at java.lang.reflect.Constructor.newInstance(Unknown Source)
	at org.openqa.selenium.remote.ErrorHandler.createThrowable(ErrorHandler.java:204)
	at org.openqa.selenium.remote.ErrorHandler.throwIfResponseFailed(ErrorHandler.java:156)
	at org.openqa.selenium.remote.RemoteWebDriver.execute(RemoteWebDriver.java:599)
	at org.openqa.selenium.remote.RemoteWebElement.execute(RemoteWebElement.java:268)
	at org.openqa.selenium.remote.RemoteWebElement.sendKeys(RemoteWebElement.java:89)
	at testcases.SampleTEst.testSignup(SampleTEst.java:43)
	at sun.reflect.NativeMethodAccessorImpl.invoke0(Native Method)
	at sun.reflect.NativeMethodAccessorImpl.invoke(Unknown Source)
	at sun.reflect.DelegatingMethodAccessorImpl.invoke(Unknown Source)
	at java.lang.reflect.Method.invoke(Unknown Source)
	at org.testng.internal.MethodInvocationHelper.invokeMethod(MethodInvocationHelper.java:84)
	at org.testng.internal.Invoker.invokeMethod(Invoker.java:714)
	at org.testng.internal.Invoker.invokeTestMethod(Invoker.java:901)
	at org.testng.internal.Invoker.invokeTestMethods(Invoker.java:1231)
	at org.testng.internal.TestMethodWorker.invokeTestMethods(TestMethodWorker.java:127)
	at org.testng.internal.TestMethodWorker.run(TestMethodWorker.java:111)
	at org.testng.TestRunner.privateRun(TestRunner.java:767)
	at org.testng.TestRunner.run(TestRunner.java:617)
	at org.testng.SuiteRunner.runTest(SuiteRunner.java:334)
	at org.testng.SuiteRunner.runSequentially(SuiteRunner.java:329)
	at org.testng.SuiteRunner.privateRun(SuiteRunner.java:291)
	at org.testng.SuiteRunner.run(SuiteRunner.java:240)
	at org.testng.SuiteRunnerWorker.runSuite(SuiteRunnerWorker.java:52)
	at org.testng.SuiteRunnerWorker.run(SuiteRunnerWorker.java:86)
	at org.testng.TestNG.runSuitesSequentially(TestNG.java:1224)
	at org.testng.TestNG.runSuitesLocally(TestNG.java:1149)
	at org.testng.TestNG.run(TestNG.java:1057)
	at org.testng.remote.RemoteTestNG.run(RemoteTestNG.java:111)
	at org.testng.remote.RemoteTestNG.initAndRun(RemoteTestNG.java:204)
	at org.testng.remote.RemoteTestNG.main(RemoteTestNG.java:175)
Caused by: org.openqa.selenium.ElementNotVisibleException: Element is not currently visible and so may not be interacted with
Build info: version: '2.43.1', revision: '5163bce', time: '2014-09-10 16:27:58'
System info: host: 'rohit-pc', ip: '192.168.0.114', os.name: 'Windows 7', os.arch: 'amd64', os.version: '6.1', java.version: '1.7.0_09'
Driver info: driver.version: unknown
	at <anonymous class>.fxdriver.preconditions.visible(file:///C:/Users/Sampath/AppData/Local/Temp/anonymous1247564873220250312webdriver-profile/extensions/fxdriver@googlecode.com/components/command-processor.js:8936:5)
	at <anonymous class>.DelayedCommand.prototype.checkPreconditions_(file:///C:/Users/Sampath/AppData/Local/Temp/anonymous1247564873220250312webdriver-profile/extensions/fxdriver@googlecode.com/components/command-processor.js:11595:1)
	at <anonymous class>.DelayedCommand.prototype.executeInternal_/h(file:///C:/Users/Sampath/AppData/Local/Temp/anonymous1247564873220250312webdriver-profile/extensions/fxdriver@googlecode.com/components/command-processor.js:11612:11)
	at <anonymous class>.DelayedCommand.prototype.executeInternal_(file:///C:/Users/Sampath/AppData/Local/Temp/anonymous1247564873220250312webdriver-profile/extensions/fxdriver@googlecode.com/components/command-processor.js:11617:7)
	at <anonymous class>.DelayedCommand.prototype.execute/<(file:///C:/Users/Sampath/AppData/Local/Temp/anonymous1247564873220250312webdriver-profile/extensions/fxdriver@googlecode.com/components/command-processor.js:11559:5)
]]>
            </full-stacktrace>
          </exception> <!-- org.openqa.selenium.ElementNotVisibleException -->
          <reporter-output>
          </reporter-output>
        </test-method> <!-- testSignup -->
        <test-method status="SKIP" signature="testCart()[pri:0, instance:testcases.SampleTEst@2e8b3d98]" name="testCart" duration-ms="0" started-at="2014-10-15T09:58:52Z" depends-on-methods="testcases.SampleTEst.testwebsite, testcases.SampleTEst.testSignup" finished-at="2014-10-15T09:58:52Z">
          <reporter-output>
          </reporter-output>
        </test-method> <!-- testCart -->
        <test-method status="SKIP" signature="testWardrobe()[pri:0, instance:testcases.SampleTEst@2e8b3d98]" name="testWardrobe" duration-ms="1" started-at="2014-10-15T09:58:52Z" depends-on-methods="testcases.SampleTEst.testCart, testcases.SampleTEst.testwebsite, testcases.SampleTEst.testSignup" finished-at="2014-10-15T09:58:52Z">
          <reporter-output>
          </reporter-output>
        </test-method> <!-- testWardrobe -->
      </class> <!-- testcases.SampleTEst -->
    </test> <!-- Default test -->
  </suite> <!-- Default suite -->
</testng-results>
