<?xml version="1.0" encoding="UTF-8"?>
<testng-results skipped="0" failed="2" total="5" passed="3">
  <reporter-output>
  </reporter-output>
  <suite name="Kitchen" duration-ms="568955" started-at="2015-09-18T00:30:03Z" finished-at="2015-09-18T00:39:32Z">
    <groups>
    </groups>
    <test name="Kitchen Schedule Callback" duration-ms="70231" started-at="2015-09-18T00:30:03Z" finished-at="2015-09-18T00:31:13Z">
      <class name="kitchen.ScheduleCallBack">
        <test-method status="PASS" signature="beforeMethod(java.lang.String)[pri:0, instance:kitchen.ScheduleCallBack@35851384]" name="beforeMethod" is-config="true" duration-ms="3928" started-at="2015-09-18T06:00:03Z" finished-at="2015-09-18T06:00:07Z">
          <params>
            <param index="0">
              <value>
                <![CDATA[http://root.test.customfurnish.com/modular-kitchens]]>
              </value>
            </param>
          </params>
          <reporter-output>
          </reporter-output>
        </test-method> <!-- beforeMethod -->
        <test-method status="PASS" signature="Kitchen(java.lang.String)[pri:0, instance:kitchen.ScheduleCallBack@35851384]" name="Kitchen" duration-ms="65723" started-at="2015-09-18T06:00:07Z" finished-at="2015-09-18T06:01:13Z">
          <params>
            <param index="0">
              <value>
                <![CDATA[http://root.test.customfurnish.com/modular-kitchens]]>
              </value>
            </param>
          </params>
          <reporter-output>
          </reporter-output>
        </test-method> <!-- Kitchen -->
        <test-method status="PASS" signature="afterMethod()[pri:0, instance:kitchen.ScheduleCallBack@35851384]" name="afterMethod" is-config="true" duration-ms="567" started-at="2015-09-18T06:01:13Z" finished-at="2015-09-18T06:01:13Z">
          <reporter-output>
          </reporter-output>
        </test-method> <!-- afterMethod -->
      </class> <!-- kitchen.ScheduleCallBack -->
    </test> <!-- Kitchen Schedule Callback -->
    <test name="Remove Kitchen" duration-ms="271893" started-at="2015-09-18T00:31:13Z" finished-at="2015-09-18T00:35:45Z">
      <class name="kitchen.RemoveUnits">
        <test-method status="PASS" signature="beforeMethod(java.lang.String)[pri:0, instance:kitchen.RemoveUnits@56cbfb61]" name="beforeMethod" is-config="true" duration-ms="3123" started-at="2015-09-18T06:01:13Z" finished-at="2015-09-18T06:01:16Z">
          <params>
            <param index="0">
              <value>
                <![CDATA[http://root.test.customfurnish.com/modular-kitchens]]>
              </value>
            </param>
          </params>
          <reporter-output>
          </reporter-output>
        </test-method> <!-- beforeMethod -->
        <test-method status="PASS" signature="removeUnits(java.lang.String)[pri:0, instance:kitchen.RemoveUnits@56cbfb61]" name="removeUnits" duration-ms="268193" started-at="2015-09-18T06:01:16Z" finished-at="2015-09-18T06:05:45Z">
          <params>
            <param index="0">
              <value>
                <![CDATA[http://root.test.customfurnish.com/modular-kitchens]]>
              </value>
            </param>
          </params>
          <reporter-output>
          </reporter-output>
        </test-method> <!-- removeUnits -->
        <test-method status="PASS" signature="afterMethod()[pri:0, instance:kitchen.RemoveUnits@56cbfb61]" name="afterMethod" is-config="true" duration-ms="576" started-at="2015-09-18T06:05:45Z" finished-at="2015-09-18T06:05:45Z">
          <reporter-output>
          </reporter-output>
        </test-method> <!-- afterMethod -->
      </class> <!-- kitchen.RemoveUnits -->
    </test> <!-- Remove Kitchen -->
    <test name="Add Kitchen" duration-ms="130340" started-at="2015-09-18T00:35:45Z" finished-at="2015-09-18T00:37:56Z">
      <class name="kitchen.AddUnits">
        <test-method status="PASS" signature="beforeMethod(java.lang.String)[pri:0, instance:kitchen.AddUnits@6bdf28bb]" name="beforeMethod" is-config="true" duration-ms="3340" started-at="2015-09-18T06:05:45Z" finished-at="2015-09-18T06:05:49Z">
          <params>
            <param index="0">
              <value>
                <![CDATA[http://root.test.customfurnish.com/modular-kitchens]]>
              </value>
            </param>
          </params>
          <reporter-output>
          </reporter-output>
        </test-method> <!-- beforeMethod -->
        <test-method status="FAIL" signature="addUnits(java.lang.String)[pri:0, instance:kitchen.AddUnits@6bdf28bb]" name="addUnits" duration-ms="126442" started-at="2015-09-18T06:05:49Z" finished-at="2015-09-18T06:07:55Z">
          <params>
            <param index="0">
              <value>
                <![CDATA[http://root.test.customfurnish.com/modular-kitchens]]>
              </value>
            </param>
          </params>
          <exception class="java.lang.StringIndexOutOfBoundsException">
            <message>
              <![CDATA[String index out of range: -1]]>
            </message>
            <full-stacktrace>
              <![CDATA[java.lang.StringIndexOutOfBoundsException: String index out of range: -1
	at java.lang.String.substring(String.java:1948)
	at kitchen.AddUnits.addBaseUnits(Unknown Source)
	at kitchen.AddUnits.addElementsLShapedKitchen(Unknown Source)
	at kitchen.AddUnits.addElements(Unknown Source)
	at kitchen.AddUnits.addUnits(Unknown Source)
	at sun.reflect.NativeMethodAccessorImpl.invoke0(Native Method)
	at sun.reflect.NativeMethodAccessorImpl.invoke(NativeMethodAccessorImpl.java:62)
	at sun.reflect.DelegatingMethodAccessorImpl.invoke(DelegatingMethodAccessorImpl.java:43)
	at java.lang.reflect.Method.invoke(Method.java:497)
	at org.testng.internal.MethodInvocationHelper.invokeMethod(MethodInvocationHelper.java:80)
	at org.testng.internal.Invoker.invokeMethod(Invoker.java:714)
	at org.testng.internal.Invoker.invokeTestMethod(Invoker.java:901)
	at org.testng.internal.Invoker.invokeTestMethods(Invoker.java:1231)
	at org.testng.internal.TestMethodWorker.invokeTestMethods(TestMethodWorker.java:127)
	at org.testng.internal.TestMethodWorker.run(TestMethodWorker.java:111)
	at org.testng.TestRunner.privateRun(TestRunner.java:767)
	at org.testng.TestRunner.run(TestRunner.java:617)
	at org.testng.SuiteRunner.runTest(SuiteRunner.java:334)
	at org.testng.SuiteRunner.runSequentially(SuiteRunner.java:329)
	at org.testng.SuiteRunner.privateRun(SuiteRunner.java:291)
	at org.testng.SuiteRunner.run(SuiteRunner.java:240)
	at org.testng.SuiteRunnerWorker.runSuite(SuiteRunnerWorker.java:52)
	at org.testng.SuiteRunnerWorker.run(SuiteRunnerWorker.java:86)
	at org.testng.TestNG.runSuitesSequentially(TestNG.java:1198)
	at org.testng.TestNG.runSuitesLocally(TestNG.java:1123)
	at org.testng.TestNG.run(TestNG.java:1031)
	at org.testng.TestNG.privateMain(TestNG.java:1338)
	at org.testng.TestNG.main(TestNG.java:1307)
]]>
            </full-stacktrace>
          </exception> <!-- java.lang.StringIndexOutOfBoundsException -->
          <reporter-output>
          </reporter-output>
        </test-method> <!-- addUnits -->
        <test-method status="PASS" signature="afterMethod()[pri:0, instance:kitchen.AddUnits@6bdf28bb]" name="afterMethod" is-config="true" duration-ms="558" started-at="2015-09-18T06:07:55Z" finished-at="2015-09-18T06:07:56Z">
          <reporter-output>
          </reporter-output>
        </test-method> <!-- afterMethod -->
      </class> <!-- kitchen.AddUnits -->
    </test> <!-- Add Kitchen -->
    <test name="Kitchen Pricing" duration-ms="39084" started-at="2015-09-18T00:37:56Z" finished-at="2015-09-18T00:38:35Z">
      <class name="kitchen.Pricing">
        <test-method status="PASS" signature="beforeMethod(java.lang.String)[pri:0, instance:kitchen.Pricing@6a5fc7f7]" name="beforeMethod" is-config="true" duration-ms="3501" started-at="2015-09-18T06:07:56Z" finished-at="2015-09-18T06:07:59Z">
          <params>
            <param index="0">
              <value>
                <![CDATA[http://root.test.customfurnish.com/modular-kitchens]]>
              </value>
            </param>
          </params>
          <reporter-output>
          </reporter-output>
        </test-method> <!-- beforeMethod -->
        <test-method status="FAIL" signature="checkPricing(java.lang.String)[pri:0, instance:kitchen.Pricing@6a5fc7f7]" name="checkPricing" duration-ms="35027" started-at="2015-09-18T06:07:59Z" finished-at="2015-09-18T06:08:34Z">
          <params>
            <param index="0">
              <value>
                <![CDATA[http://root.test.customfurnish.com/modular-kitchens]]>
              </value>
            </param>
          </params>
          <exception class="java.lang.NumberFormatException">
            <message>
              <![CDATA[empty String]]>
            </message>
            <full-stacktrace>
              <![CDATA[java.lang.NumberFormatException: empty String
	at sun.misc.FloatingDecimal.readJavaFormatString(FloatingDecimal.java:1842)
	at sun.misc.FloatingDecimal.parseFloat(FloatingDecimal.java:122)
	at java.lang.Float.parseFloat(Float.java:451)
	at java.lang.Float.valueOf(Float.java:416)
	at kitchen.Pricing.getInt(Unknown Source)
	at kitchen.Pricing.checkBaseUnits(Unknown Source)
	at kitchen.Pricing.checkPricing(Unknown Source)
	at sun.reflect.NativeMethodAccessorImpl.invoke0(Native Method)
	at sun.reflect.NativeMethodAccessorImpl.invoke(NativeMethodAccessorImpl.java:62)
	at sun.reflect.DelegatingMethodAccessorImpl.invoke(DelegatingMethodAccessorImpl.java:43)
	at java.lang.reflect.Method.invoke(Method.java:497)
	at org.testng.internal.MethodInvocationHelper.invokeMethod(MethodInvocationHelper.java:80)
	at org.testng.internal.Invoker.invokeMethod(Invoker.java:714)
	at org.testng.internal.Invoker.invokeTestMethod(Invoker.java:901)
	at org.testng.internal.Invoker.invokeTestMethods(Invoker.java:1231)
	at org.testng.internal.TestMethodWorker.invokeTestMethods(TestMethodWorker.java:127)
	at org.testng.internal.TestMethodWorker.run(TestMethodWorker.java:111)
	at org.testng.TestRunner.privateRun(TestRunner.java:767)
	at org.testng.TestRunner.run(TestRunner.java:617)
	at org.testng.SuiteRunner.runTest(SuiteRunner.java:334)
	at org.testng.SuiteRunner.runSequentially(SuiteRunner.java:329)
	at org.testng.SuiteRunner.privateRun(SuiteRunner.java:291)
	at org.testng.SuiteRunner.run(SuiteRunner.java:240)
	at org.testng.SuiteRunnerWorker.runSuite(SuiteRunnerWorker.java:52)
	at org.testng.SuiteRunnerWorker.run(SuiteRunnerWorker.java:86)
	at org.testng.TestNG.runSuitesSequentially(TestNG.java:1198)
	at org.testng.TestNG.runSuitesLocally(TestNG.java:1123)
	at org.testng.TestNG.run(TestNG.java:1031)
	at org.testng.TestNG.privateMain(TestNG.java:1338)
	at org.testng.TestNG.main(TestNG.java:1307)
]]>
            </full-stacktrace>
          </exception> <!-- java.lang.NumberFormatException -->
          <reporter-output>
          </reporter-output>
        </test-method> <!-- checkPricing -->
        <test-method status="PASS" signature="afterMethod()[pri:0, instance:kitchen.Pricing@6a5fc7f7]" name="afterMethod" is-config="true" duration-ms="554" started-at="2015-09-18T06:08:34Z" finished-at="2015-09-18T06:08:35Z">
          <reporter-output>
          </reporter-output>
        </test-method> <!-- afterMethod -->
      </class> <!-- kitchen.Pricing -->
    </test> <!-- Kitchen Pricing -->
    <test name="Dimensions Check" duration-ms="57395" started-at="2015-09-18T00:38:35Z" finished-at="2015-09-18T00:39:32Z">
      <class name="kitchen.DimensionsCheck">
        <test-method status="PASS" signature="beforeMethod(java.lang.String)[pri:0, instance:kitchen.DimensionsCheck@880ec60]" name="beforeMethod" is-config="true" duration-ms="2962" started-at="2015-09-18T06:08:35Z" finished-at="2015-09-18T06:08:38Z">
          <params>
            <param index="0">
              <value>
                <![CDATA[http://root.test.customfurnish.com/modular-kitchens]]>
              </value>
            </param>
          </params>
          <reporter-output>
          </reporter-output>
        </test-method> <!-- beforeMethod -->
        <test-method status="PASS" signature="CheckDimensions()[pri:0, instance:kitchen.DimensionsCheck@880ec60]" name="CheckDimensions" duration-ms="53876" started-at="2015-09-18T06:08:38Z" finished-at="2015-09-18T06:09:31Z">
          <reporter-output>
          </reporter-output>
        </test-method> <!-- CheckDimensions -->
        <test-method status="PASS" signature="CloseBrowser()[pri:0, instance:kitchen.DimensionsCheck@880ec60]" name="CloseBrowser" is-config="true" duration-ms="556" started-at="2015-09-18T06:09:31Z" finished-at="2015-09-18T06:09:32Z">
          <reporter-output>
          </reporter-output>
        </test-method> <!-- CloseBrowser -->
      </class> <!-- kitchen.DimensionsCheck -->
    </test> <!-- Dimensions Check -->
  </suite> <!-- Kitchen -->
</testng-results>
